[37m11:19:34.728 > R[37m4
[37m11:19:40.775 > R[37m5
[37m11:19:40.779 > p[37m1M1,0,100
11:19:40.780 > p2M1,0,100
11:19:40.780 > p3M1,0,100[37m
[37m11:19:40.783 > p4M1,0,100
[37m11:19:41.036 > p[37m1M1,0,100
11:19:41.037 > p2M1,6,100
11:19:41.037 > p3M1,22,10[37m0[37m
11:19:41.040 > p4M1,19,100
[37m11:19:41.292 > p[37m1M1,21,100
11:19:41.293 > p2M1,25,100
11:19:41.293 > p3M1,48,[37m1[37m00
11:19:41.295 > p4M1,41,100
[37m11:19:41.550 > p[37m1M1,42,100
11:19:41.551 > p2M1,47,100
11:19:41.551 > p3M1,77,[37m1[37m00
11:19:41.553 > p4M1,62,100
[37m11:19:41.808 > p[37m1M1,74,100
11:19:41.809 > p2M1,68,100
11:19:41.809 > p3M2,12,[37m1[37m00
11:19:41.812 > p4M1,89,100
[37m11:19:42.067 > p[37m1M2,7,100
11:19:42.067 > p2M1,96,100
11:19:42.067 > p3M2,39,1[37m0[37m0
11:19:42.070 > p4M2,21,100
[37m11:19:42.324 > p[37m1M2,29,100
11:19:42.325 > p2M2,30,100
11:19:42.325 > p3M2,71,[37m1[37m00
11:19:42.328 > p4M2,47,100
[37m11:19:42.581 > p[37m1M2,44,100
11:19:42.581 > p2M2,62,100
11:19:42.581 > p3M3,0,1[37m0[37m0
11:19:42.584 > p4M2,82,100
[37m11:19:42.839 > p[37m1M2,72,100
11:19:42.840 > p2M2,94,100
11:19:42.840 > p3M3,25,[37m1[37m00
11:19:42.843 > p4M3,23,100
[37m11:19:43.096 > p[37m1M3,14,100
11:19:43.096 > p2M3,27,100
11:19:43.096 > p3M3,44,[37m1[37m00
11:19:43.099 > p4M3,56,100
[37m11:19:43.352 > p[37m1M3,62,100
11:19:43.352 > p2M3,51,100
11:19:43.352 > p3M3,63,[37m1[37m00
11:19:43.355 > p4M4,0,100
[37m11:19:43.609 > p[37m1M3,96,100
11:19:43.609 > p2M3,93,100
11:19:43.609 > p3M3,95,[37m1[37m00
11:19:43.612 > p4M4,46,100
[37m11:19:43.867 > p[37m1M4,25,100
11:19:43.868 > p2M4,24,100
11:19:43.868 > p3M4,38,[37m1[37m00
11:19:43.870 > p4M4,66,100
[37m11:19:44.124 > p[37m1M4,55,100
11:19:44.124 > p2M4,49,100
11:19:44.124 > p3M4,88,[37m1[37m00
11:19:44.127 > p4M4,95,100
[37m11:19:44.381 > p[37m1M4,87,100
11:19:44.381 > p2M4,80,100
11:19:44.381 > p3M5,22,[37m1[37m00
11:19:44.384 > p4M5,28,100
[37m11:19:44.639 > p[37m1M5,24,100
11:19:44.639 > p2M5,10,100
11:19:44.639 > p3M5,49,[37m1[37m00
11:19:44.642 > p4M5,49,100
[37m11:19:44.896 > p[37m1M5,51,100
11:19:44.897 > p2M5,27,100
11:19:44.897 > p3M5,89,[37m1[37m00
11:19:44.899 > p4M5,69,100
[37m11:19:44.990 > w[37m3
11:19:44.990 > R8
11:19:44.990 > l11,1232
11:19:44.990 > l12,1012
11:19:44.990 > l13,621
[37m11:19:44.993 > l[37m14,804
11:19:44.993 > l15,0
11:19:44.993 > l21,1314
11:19:44.993 > l22,790
11:19:44.993 > l[37m2[37m3,768
11:19:44.996 > l24,872
11:19:44.996 > l25,0
11:19:44.996 > l31,947
11:19:44.996 > l32[37m,854
11:19:44.998 > l33,1063
11:19:44.998 > l34,560
11:19:44.998 > l35,789
11:19:44.998 > l4[37m1,1104
11:19:45.001 > l42,786
11:19:45.001 > l43,677
11:19:45.001 > l44,811
11:19:45.001 > l[37m45,0
[37m11:19:52.072 > R[37m4
[37m11:19:58.118 > R[37m5
[37m11:19:58.123 > p[37m1M1,0,100
11:19:58.124 > p2M1,0,100
11:19:58.124 > p3M1,0,100[37m
[37m11:19:58.126 > p4M1,0,100
[37m11:19:58.379 > p[37m1M1,21,100
11:19:58.379 > p2M1,19,100
11:19:58.379 > p3M1,16,[37m1[37m00
11:19:58.382 > p4M1,7,100
[37m11:19:58.636 > p[37m1M1,59,100
11:19:58.636 > p2M1,49,100
11:19:58.636 > p3M1,34,[37m1[37m00
11:19:58.639 > p4M1,16,100
[37m11:19:58.893 > p[37m1M1,98,100
11:19:58.893 > p2M1,85,100
11:19:58.893 > p3M1,51,[37m1[37m00
11:19:58.896 > p4M1,42,100
[37m11:19:59.150 > p[37m1M2,18,100
11:19:59.150 > p2M2,23,100
11:19:59.150 > p3M1,72,[37m1[37m00
11:19:59.153 > p4M1,82,100
[37m11:19:59.406 > p[37m1M2,46,100
11:19:59.407 > p2M2,57,100
11:19:59.407 > p3M2,10,[37m1[37m00
11:19:59.410 > p4M2,26,100
[37m11:19:59.663 > p[37m1M2,76,100
11:19:59.664 > p2M2,86,100
11:19:59.664 > p3M2,57,[37m1[37m00
11:19:59.667 > p4M2,57,100
[37m11:19:59.919 > p[37m1M3,10,100
11:19:59.920 > p2M3,8,100
11:19:59.920 > p3M2,94,1[37m0[37m0
11:19:59.922 > p4M2,87,100
[37m11:20:00.176 > p[37m1M3,38,100
11:20:00.176 > p2M3,37,100
11:20:00.176 > p3M3,29,[37m1[37m00
11:20:00.179 > p4M3,11,100
[37m11:20:00.433 > p[37m1M3,73,100
11:20:00.433 > p2M3,61,100
11:20:00.433 > p3M3,66,[37m1[37m00
11:20:00.435 > p4M3,48,100
[37m11:20:00.690 > p[37m1M4,9,100
11:20:00.690 > p2M3,85,100
11:20:00.690 > p3M3,94,1[37m0[37m0
11:20:00.693 > p4M3,64,100
[37m11:20:00.947 > p[37m1M4,52,100
11:20:00.948 > p2M4,33,100
11:20:00.948 > p3M4,17,[37m1[37m00
11:20:00.950 > p4M3,88,100
[37m11:20:01.204 > p[37m1M4,96,100
11:20:01.204 > p2M4,76,100
11:20:01.204 > p3M4,39,[37m100
11:20:01.206 > p4M4,16,100
[37m11:20:01.460 > p[37m1M5,28,100
11:20:01.461 > p2M5,15,100
11:20:01.461 > p3M4,64,[37m1[37m00
11:20:01.463 > p4M4,33,100
[37m11:20:01.717 > p[37m1M5,55,100
11:20:01.718 > p2M5,57,100
11:20:01.718 > p3M4,92,[37m1[37m00
11:20:01.721 > p4M4,47,100
[37m11:20:01.975 > p[37m1M5,91,100
11:20:01.975 > p2M5,88,100
11:20:01.975 > p3M5,12,[37m1[37m00
11:20:01.978 > p4M4,76,100
[37m11:20:02.053 > w[37m1
11:20:02.053 > R8
11:20:02.053 > l11,781
11:20:02.053 > l12,945
11:20:02.053 > l13,758
11:20:02.053 > l1[37m4[37m,620
11:20:02.056 > l15,829
11:20:02.056 > l21,895
11:20:02.056 > l22,770
11:20:02.056 > l2[37m3[37m,1015
11:20:02.058 > l24,545
11:20:02.058 > l25,0
11:20:02.058 > l31,1217
11:20:02.058 > l3[37m2[37m,622
11:20:02.061 > l33,774
11:20:02.061 > l34,1080
11:20:02.061 > l35,0
11:20:02.061 > l41[37m,[37m1131
11:20:02.064 > l42,786
11:20:02.064 > l43,999
11:20:02.064 > l44,0
11:20:02.064 > l45,[37m0[37m
[37m11:20:09.135 > R[37m4
[37m11:20:15.182 > R[37m5
[37m11:20:15.185 > p[37m1M1,0,100
11:20:15.186 > p2M1,0,100
11:20:15.186 > p3M1,0,100[37m
[37m11:20:15.188 > p4M1,0,100
[37m11:20:15.442 > p[37m1M1,21,100
11:20:15.442 > p2M1,19,100
11:20:15.442 > p3M1,16,[37m1[37m00
11:20:15.445 > p4M1,7,100
[37m11:20:15.699 > p[37m1M1,59,100
11:20:15.700 > p2M1,49,100
11:20:15.700 > p3M1,34,[37m1[37m00
11:20:15.703 > p4M1,16,100
[37m11:20:15.956 > p[37m1M1,98,100
11:20:15.957 > p2M1,85,100
11:20:15.957 > p3M1,51,[37m1[37m00
11:20:15.959 > p4M1,42,100
[37m11:20:16.213 > p[37m1M2,18,100
11:20:16.214 > p2M2,23,100
11:20:16.214 > p3M1,72,[37m1[37m00
11:20:16.216 > p4M1,82,100
[37m11:20:16.470 > p[37m1M2,46,100
11:20:16.470 > p2M2,57,100
11:20:16.470 > p3M2,10,[37m1[37m00
11:20:16.473 > p4M2,26,100
[37m11:20:16.727 > p[37m1M2,76,100
11:20:16.727 > p2M2,86,100
11:20:16.727 > p3M2,57,[37m1[37m00
11:20:16.730 > p4M2,57,100
[37m11:20:16.982 > p[37m1M3,10,100
11:20:16.983 > p2M3,8,100
11:20:16.983 > p3M2,94,1[37m0[37m0
11:20:16.985 > p4M2,87,100
[37m11:20:17.239 > p[37m1M3,38,100
11:20:17.239 > p2M3,37,100
11:20:17.239 > p3M3,29,[37m1[37m00
11:20:17.242 > p4M3,11,100
[37m11:20:17.496 > p[37m1M3,73,100
11:20:17.496 > p2M3,61,100
11:20:17.496 > p3M3,66,[37m1[37m00
11:20:17.499 > p4M3,48,100
[37m11:20:17.753 > p[37m1M4,9,100
11:20:17.753 > p2M3,85,100
11:20:17.753 > p3M3,94,1[37m0[37m0
11:20:17.756 > p4M3,64,100
[37m11:20:18.010 > p[37m1M4,52,100
11:20:18.011 > p2M4,33,100
11:20:18.011 > p3M4,17,[37m1[37m00
11:20:18.013 > p4M3,88,100
[37m11:20:18.266 > p[37m1M4,96,100
11:20:18.266 > p2M4,76,100
11:20:18.266 > p3M4,39,[37m1[37m00
11:20:18.269 > p4M4,16,100
[37m11:20:18.524 > p[37m1M5,28,100
11:20:18.524 > p2M5,15,100
11:20:18.524 > p3M4,64,[37m1[37m00
11:20:18.526 > p4M4,33,100
[37m11:20:18.781 > p[37m1M5,55,100
11:20:18.782 > p2M5,57,100
11:20:18.782 > p3M4,92,[37m1[37m00
11:20:18.784 > p4M4,47,100
[37m11:20:19.037 > p[37m1M5,91,100
11:20:19.037 > p2M5,88,100
11:20:19.037 > p3M5,12,[37m1[37m00
11:20:19.040 > p4M4,76,100
[37m11:20:19.116 > w[37m1
11:20:19.116 > R8
11:20:19.116 > l11,781
11:20:19.116 > l12,945
11:20:19.116 > l13,758
11:20:19.116 > l1[37m4[37m,619
11:20:19.119 > l15,830
11:20:19.119 > l21,895
11:20:19.119 > l22,770
11:20:19.119 > l2[37m3[37m,1015
11:20:19.121 > l24,545
11:20:19.121 > l25,0
11:20:19.121 > l31,1217
11:20:19.121 > l3[37m2[37m,622
11:20:19.124 > l33,774
11:20:19.124 > l34,1080
11:20:19.124 > l35,0
11:20:19.124 > l41[37m,[37m1131
11:20:19.126 > l42,786
11:20:19.126 > l43,999
11:20:19.126 > l44,0
11:20:19.126 > l45,[37m0[37m
[37m11:20:26.199 > R[37m4
[37m11:20:32.244 > R[37m5
[37m11:20:32.249 > p[37m1M1,0,100
11:20:32.250 > p2M1,0,100
11:20:32.250 > p3M1,0,100[37m
[37m11:20:32.252 > p4M1,0,100
[37m11:20:32.504 > p[37m1M1,19,100
11:20:32.504 > p2M1,11,100
11:20:32.504 > p3M1,23,[37m1[37m00
11:20:32.507 > p4M1,14,100
[37m11:20:32.761 > p[37m1M1,50,100
11:20:32.762 > p2M1,37,100
11:20:32.762 > p3M1,48,[37m1[37m00
11:20:32.764 > p4M1,43,100
[37m11:20:33.018 > p[37m1M1,71,100
11:20:33.019 > p2M1,70,100
11:20:33.019 > p3M1,75,[37m1[37m00
11:20:33.022 > p4M1,66,100
[37m11:20:33.276 > p[37m1M1,96,100
11:20:33.276 > p2M2,5,100
11:20:33.276 > p3M2,19,1[37m0[37m0
11:20:33.279 > p4M1,98,100
[37m11:20:33.534 > p[37m1M2,34,100
11:20:33.535 > p2M2,32,100
11:20:33.535 > p3M2,54,[37m1[37m00
11:20:33.537 > p4M2,32,100
[37m11:20:33.791 > p[37m1M2,63,100
11:20:33.792 > p2M2,60,100
11:20:33.792 > p3M2,80,[37m1[37m00
11:20:33.794 > p4M2,67,100
[37m11:20:34.048 > p[37m1M2,89,100
11:20:34.048 > p2M3,3,100
11:20:34.048 > p3M3,1,10[37m0[37m
11:20:34.051 > p4M3,7,100
[37m11:20:34.304 > p[37m1M3,7,100
11:20:34.304 > p2M3,36,100
11:20:34.304 > p3M3,22,1[37m0[37m0
11:20:34.308 > p4M3,43,100
[37m11:20:34.560 > p[37m1M3,34,100
11:20:34.561 > p2M3,71,100
11:20:34.561 > p3M3,47,[37m100
11:20:34.564 > p4M3,76,100
[37m11:20:34.818 > p[37m1M3,54,100
11:20:34.819 > p2M4,0,100
11:20:34.819 > p3M3,80,1[37m0[37m0
11:20:34.821 > p4M4,14,100
[37m11:20:35.075 > p[37m1M3,84,100
11:20:35.076 > p2M4,33,100
11:20:35.076 > p3M4,23,[37m1[37m00
11:20:35.078 > p4M4,48,100
[37m11:20:35.333 > p[37m1M4,10,100
11:20:35.333 > p2M4,52,100
11:20:35.333 > p3M4,54,[37m1[37m00
11:20:35.336 > p4M4,75,100
[37m11:20:35.589 > p[37m1M4,40,100
11:20:35.590 > p2M4,81,100
11:20:35.590 > p3M4,76,[37m1[37m00
11:20:35.592 > p4M4,98,100
[37m11:20:35.848 > p[37m1M4,58,100
11:20:35.848 > p2M5,9,100
11:20:35.848 > p3M5,10,1[37m0[37m0
11:20:35.851 > p4M5,18,100
[37m11:20:36.104 > p[37m1M4,71,100
11:20:36.105 > p2M5,48,100
11:20:36.105 > p3M5,35,[37m1[37m00
11:20:36.107 > p4M5,50,100
[37m11:20:36.360 > p[37m1M4,93,100
11:20:36.361 > p2M5,74,100
11:20:36.361 > p3M5,53,[37m1[37m00
11:20:36.364 > p4M5,92,100
[37m11:20:36.407 > w[37m4
11:20:36.407 > R8
11:20:36.407 > l11,1054
11:20:36.407 > l12,876
11:20:36.407 > l13,1089
[37m11:20:36.410 > l[37m14,0
11:20:36.410 > l15,0
11:20:36.410 > l21,981
11:20:36.410 > l22,790
11:20:36.410 > l23,[37m7[37m95
11:20:36.413 > l24,947
11:20:36.413 > l25,0
11:20:36.413 > l31,911
11:20:36.413 > l32,86[37m8[37m
11:20:36.415 > l33,915
11:20:36.415 > l34,831
11:20:36.415 > l35,0
11:20:36.415 > l41,1036[37m
[37m11:20:36.418 > l42,713
11:20:36.418 > l43,717
11:20:36.418 > l44,896
11:20:36.418 > l45,798[37m
[37m11:20:43.490 > R[37m4
[37m11:20:49.536 > R[37m5
[37m11:20:49.540 > p[37m1M1,0,100
11:20:49.540 > p2M1,0,100
11:20:49.540 > p3M1,0,100[37m
[37m11:20:49.543 > p4M1,0,100
[37m11:20:49.796 > p[37m1M1,19,100
11:20:49.796 > p2M1,11,100
11:20:49.796 > p3M1,23,[37m1[37m00
11:20:49.799 > p4M1,14,100
[37m11:20:50.052 > p[37m1M1,50,100
11:20:50.052 > p2M1,37,100
11:20:50.052 > p3M1,48,[37m1[37m00
11:20:50.055 > p4M1,43,100
[37m11:20:50.310 > p[37m1M1,71,100
11:20:50.310 > p2M1,70,100
11:20:50.310 > p3M1,75,[37m1[37m00
11:20:50.313 > p4M1,66,100
[37m11:20:50.568 > p[37m1M1,96,100
11:20:50.568 > p2M2,5,100
11:20:50.568 > p3M2,19,1[37m0[37m0
11:20:50.571 > p4M1,98,100
[37m11:20:50.826 > p[37m1M2,34,100
11:20:50.826 > p2M2,32,100
11:20:50.826 > p3M2,54,[37m1[37m00
11:20:50.829 > p4M2,32,100
[37m11:20:51.083 > p[37m1M2,63,100
11:20:51.083 > p2M2,60,100
11:20:51.083 > p3M2,80,[37m1[37m00
11:20:51.086 > p4M2,67,100
[37m11:20:51.339 > p[37m1M2,89,100
11:20:51.340 > p2M3,3,100
11:20:51.340 > p3M3,1,10[37m0[37m
11:20:51.343 > p4M3,7,100
[37m11:20:51.595 > p[37m1M3,7,100
11:20:51.595 > p2M3,36,100
11:20:51.595 > p3M3,22,1[37m0[37m0
11:20:51.598 > p4M3,43,100
[37m11:20:51.852 > p[37m1M3,34,100
11:20:51.852 > p2M3,71,100
11:20:51.852 > p3M3,47,[37m1[37m00
11:20:51.855 > p4M3,76,100
[37m11:20:52.109 > p[37m1M3,54,100
11:20:52.109 > p2M4,0,100
11:20:52.109 > p3M3,80,1[37m0[37m0
11:20:52.112 > p4M4,14,100
[37m11:20:52.366 > p[37m1M3,84,100
11:20:52.367 > p2M4,33,100
11:20:52.367 > p3M4,23,[37m1[37m00
11:20:52.370 > p4M4,48,100
[37m11:20:52.624 > p[37m1M4,10,100
11:20:52.624 > p2M4,52,100
11:20:52.624 > p3M4,54,[37m1[37m00
11:20:52.627 > p4M4,75,100
[37m11:20:52.882 > p[37m1M4,40,100
11:20:52.882 > p2M4,81,100
11:20:52.882 > p3M4,76,[37m1[37m00
11:20:52.885 > p4M4,98,100
[37m11:20:53.139 > p[37m1M4,58,100
11:20:53.139 > p2M5,9,100
11:20:53.139 > p3M5,10,1[37m0[37m0
11:20:53.141 > p4M5,18,100
[37m11:20:53.395 > p[37m1M4,71,100
11:20:53.396 > p2M5,48,100
11:20:53.396 > p3M5,35,[37m1[37m00
11:20:53.399 > p4M5,50,100
[37m11:20:53.651 > p[37m1M4,93,100
11:20:53.652 > p2M5,74,100
11:20:53.652 > p3M5,53,[37m1[37m00
11:20:53.654 > p4M5,92,100
[37m11:20:53.698 > w[37m4
11:20:53.699 > R8
11:20:53.699 > l11,1055
11:20:53.699 > l12,875
11:20:53.699 > l13,1090
[37m11:20:53.701 > l[37m14,0
11:20:53.701 > l15,0
11:20:53.701 > l21,981
11:20:53.701 > l22,790
11:20:53.701 > l23,[37m7[37m95
11:20:53.704 > l24,947
11:20:53.704 > l25,0
11:20:53.704 > l31,911
11:20:53.704 > l32,86[37m9[37m
11:20:53.707 > l33,914
11:20:53.707 > l34,832
11:20:53.707 > l35,0
11:20:53.707 > l41,1036[37m
[37m11:20:53.710 > l42,713
11:20:53.710 > l43,718
11:20:53.710 > l44,896
11:20:53.710 > l45,798[37m
[37m11:21:00.782 > R[37m4
[37m11:21:06.828 > R[37m5
[37m11:21:06.832 > p[37m1M1,0,100
11:21:06.833 > p2M1,0,100
11:21:06.833 > p3M1,0,100[37m
[37m11:21:06.836 > p4M1,0,100
[37m11:21:07.088 > p[37m1M1,19,100
11:21:07.088 > p2M1,11,100
11:21:07.088 > p3M1,23,[37m1[37m00
11:21:07.090 > p4M1,14,100
[37m11:21:07.344 > p[37m1M1,50,100
11:21:07.344 > p2M1,37,100
11:21:07.344 > p3M1,48,[37m1[37m00
11:21:07.347 > p4M1,43,100
[37m11:21:07.602 > p[37m1M1,71,100
11:21:07.602 > p2M1,70,100
11:21:07.602 > p3M1,75,[37m1[37m00
11:21:07.604 > p4M1,66,100
[37m11:21:07.859 > p[37m1M1,96,100
11:21:07.859 > p2M2,5,100
11:21:07.859 > p3M2,19,1[37m0[37m0
11:21:07.862 > p4M1,98,100
[37m11:21:08.117 > p[37m1M2,34,100
11:21:08.117 > p2M2,32,100
11:21:08.117 > p3M2,54,[37m1[37m00
11:21:08.120 > p4M2,32,100
[37m11:21:08.373 > p[37m1M2,63,100
11:21:08.374 > p2M2,60,100
11:21:08.374 > p3M2,80,[37m1[37m00
11:21:08.376 > p4M2,67,100
[37m11:21:08.631 > p[37m1M2,89,100
11:21:08.631 > p2M3,3,100
11:21:08.631 > p3M3,1,10[37m0[37m
11:21:08.633 > p4M3,7,100
[37m11:21:08.886 > p[37m1M3,7,100
11:21:08.886 > p2M3,36,100
11:21:08.886 > p3M3,22,1[37m0[37m0
11:21:08.889 > p4M3,43,100
[37m11:21:09.144 > p[37m1M3,34,100
11:21:09.144 > p2M3,71,100
11:21:09.144 > p3M3,47,[37m1[37m00
11:21:09.147 > p4M3,76,100
[37m11:21:09.401 > p[37m1M3,54,100
11:21:09.402 > p2M4,0,100
11:21:09.402 > p3M3,80,1[37m0[37m0
11:21:09.405 > p4M4,14,100
[37m11:21:09.658 > p[37m1M3,84,100
11:21:09.658 > p2M4,33,100
11:21:09.658 > p3M4,23,[37m1[37m00
11:21:09.661 > p4M4,48,100
[37m11:21:09.916 > p[37m1M4,10,100
11:21:09.916 > p2M4,52,100
11:21:09.916 > p3M4,54,[37m1[37m00
11:21:09.919 > p4M4,75,100
[37m11:21:10.173 > p[37m1M4,40,100
11:21:10.173 > p2M4,81,100
11:21:10.173 > p3M4,76,[37m1[37m00
11:21:10.176 > p4M4,98,100
[37m11:21:10.430 > p[37m1M4,58,100
11:21:10.430 > p2M5,9,100
11:21:10.430 > p3M5,10,1[37m0[37m0
11:21:10.433 > p4M5,18,100
[37m11:21:10.687 > p[37m1M4,71,100
11:21:10.687 > p2M5,48,100
11:21:10.687 > p3M5,35,[37m1[37m00
11:21:10.690 > p4M5,50,100
[37m11:21:10.944 > p[37m1M4,93,100
11:21:10.946 > p2M5,74,100
11:21:10.946 > p3M5,53,[37m100
11:21:10.947 > p4M5,92,100
[37m11:21:10.990 > w[37m4
11:21:10.991 > R8
11:21:10.991 > l11,1055
11:21:10.991 > l12,875
11:21:10.991 > l13,1090
[37m11:21:10.993 > l[37m14,0
11:21:10.993 > l15,0
11:21:10.993 > l21,981
11:21:10.993 > l22,791
11:21:10.993 > l23,[37m7[37m94
11:21:10.996 > l24,948
11:21:10.996 > l25,0
11:21:10.996 > l31,912
11:21:10.996 > l32,86[37m8[37m
11:21:10.999 > l33,914
11:21:10.999 > l34,832
11:21:10.999 > l35,0
11:21:10.999 > l41,1036[37m
[37m11:21:11.002 > l42,713
11:21:11.002 > l43,718
11:21:11.002 > l44,896
11:21:11.002 > l45,798[37m
[37m11:21:18.072 > R[37m4
[37m11:21:24.119 > R[37m5
[37m11:21:24.124 > p[37m1M1,0,100
11:21:24.124 > p2M1,0,100
11:21:24.124 > p3M1,0,100[37m
[37m11:21:24.127 > p4M1,0,100
[37m11:21:24.381 > p[37m1M1,21,100
11:21:24.381 > p2M1,19,100
11:21:24.381 > p3M1,16,[37m1[37m00
11:21:24.384 > p4M1,7,100
[37m11:21:24.637 > p[37m1M1,59,100
11:21:24.638 > p2M1,49,100
11:21:24.638 > p3M1,34,[37m1[37m00
11:21:24.641 > p4M1,16,100
[37m11:21:24.895 > p[37m1M1,98,100
11:21:24.895 > p2M1,85,100
11:21:24.895 > p3M1,51,[37m1[37m00
11:21:24.898 > p4M1,42,100
[37m11:21:25.152 > p[37m1M2,18,100
11:21:25.152 > p2M2,23,100
11:21:25.152 > p3M1,72,[37m1[37m00
11:21:25.155 > p4M1,82,100
[37m11:21:25.408 > p[37m1M2,46,100
11:21:25.409 > p2M2,57,100
11:21:25.409 > p3M2,10,[37m1[37m00
11:21:25.412 > p4M2,26,100
[37m11:21:25.665 > p[37m1M2,76,100
11:21:25.665 > p2M2,86,100
11:21:25.665 > p3M2,57,[37m1[37m00
11:21:25.668 > p4M2,57,100
[37m11:21:25.921 > p[37m1M3,10,100
11:21:25.922 > p2M3,8,100
11:21:25.922 > p3M2,94,1[37m0[37m0
11:21:25.924 > p4M2,87,100
[37m11:21:26.179 > p[37m1M3,38,100
11:21:26.179 > p2M3,37,100
11:21:26.179 > p3M3,29,[37m1[37m00
11:21:26.181 > p4M3,11,100
[37m11:21:26.434 > p[37m1M3,73,100
11:21:26.435 > p2M3,61,100
11:21:26.435 > p3M3,66,[37m1[37m00
11:21:26.437 > p4M3,48,100
[37m11:21:26.692 > p[37m1M4,9,100
11:21:26.692 > p2M3,85,100
11:21:26.692 > p3M3,94,1[37m0[37m0
11:21:26.695 > p4M3,64,100
[37m11:21:26.948 > p[37m1M4,52,100
11:21:26.949 > p2M4,33,100
11:21:26.949 > p3M4,17,[37m1[37m00
11:21:26.952 > p4M3,88,100
[37m11:21:27.205 > p[37m1M4,96,100
11:21:27.205 > p2M4,76,100
11:21:27.205 > p3M4,39,[37m1[37m00
11:21:27.208 > p4M4,16,100
[37m11:21:27.462 > p[37m1M5,28,100
11:21:27.462 > p2M5,15,100
11:21:27.462 > p3M4,64,[37m1[37m00
11:21:27.465 > p4M4,33,100
[37m11:21:27.720 > p[37m1M5,55,100
11:21:27.720 > p2M5,57,100
11:21:27.720 > p3M4,92,[37m1[37m00
11:21:27.723 > p4M4,47,100
[37m11:21:27.976 > p[37m1M5,91,100
11:21:27.976 > p2M5,88,100
11:21:27.976 > p3M5,12,[37m1[37m00
11:21:27.979 > p4M4,76,100
[37m11:21:28.055 > w[37m1
11:21:28.055 > R8
11:21:28.055 > l11,782
11:21:28.055 > l12,945
11:21:28.055 > l13,758
11:21:28.055 > l1[37m4[37m,619
11:21:28.058 > l15,830
11:21:28.058 > l21,895
11:21:28.058 > l22,770
11:21:28.058 > l2[37m3[37m,1015
11:21:28.061 > l24,546
11:21:28.061 > l25,0
11:21:28.061 > l31,1218
11:21:28.061 > l3[37m2[37m,622
11:21:28.063 > l33,774
11:21:28.063 > l34,1080
11:21:28.063 > l35,0
11:21:28.063 > l41[37m,[37m1132
11:21:28.066 > l42,785
11:21:28.066 > l43,1000
11:21:28.066 > l44,0
11:21:28.066 > l45[37m,[37m0
[37m11:21:35.137 > R[37m4
[37m11:21:41.184 > R[37m5
[37m11:21:41.188 > p[37m1M1,0,100
11:21:41.189 > p2M1,0,100
11:21:41.189 > p3M1,0,100[37m
[37m11:21:41.192 > p4M1,0,100
[37m11:21:41.445 > p[37m1M1,8,100
11:21:41.446 > p2M1,16,100
11:21:41.446 > p3M1,15,1[37m0[37m0
11:21:41.448 > p4M1,20,100
[37m11:21:41.704 > p[37m1M1,39,100
11:21:41.704 > p2M1,28,100
11:21:41.704 > p3M1,30,[37m1[37m00
11:21:41.707 > p4M1,61,100
[37m11:21:41.961 > p[37m1M1,79,100
11:21:41.961 > p2M1,78,100
11:21:41.961 > p3M1,57,[37m1[37m00
11:21:41.964 > p4M1,80,100
[37m11:21:42.219 > p[37m1M2,21,100
11:21:42.219 > p2M2,17,100
11:21:42.219 > p3M2,1,1[37m0[37m0
11:21:42.222 > p4M1,98,100
[37m11:21:42.476 > p[37m1M2,66,100
11:21:42.476 > p2M2,41,100
11:21:42.476 > p3M2,31,[37m1[37m00
11:21:42.479 > p4M2,26,100
[37m11:21:42.733 > p[37m1M3,4,100
11:21:42.733 > p2M2,76,100
11:21:42.733 > p3M2,51,1[37m0[37m0
11:21:42.736 > p4M2,68,100
[37m11:21:42.989 > p[37m1M3,41,100
11:21:42.989 > p2M3,9,100
11:21:42.989 > p3M2,81,1[37m0[37m0
11:21:42.992 > p4M3,15,100
[37m11:21:43.245 > p[37m1M3,75,100
11:21:43.246 > p2M3,48,100
11:21:43.246 > p3M3,4,1[37m0[37m0
11:21:43.248 > p4M3,61,100
[37m11:21:43.502 > p[37m1M4,7,100
11:21:43.502 > p2M3,82,100
11:21:43.502 > p3M3,24,1[37m0[37m0
11:21:43.505 > p4M4,0,100
[37m11:21:43.758 > p[37m1M4,43,100
11:21:43.758 > p2M4,15,100
11:21:43.758 > p3M3,58,[37m1[37m00
11:21:43.762 > p4M4,41,100
[37m11:21:44.014 > p[37m1M4,66,100
11:21:44.015 > p2M4,41,100
11:21:44.015 > p3M3,94,[37m1[37m00
11:21:44.017 > p4M4,62,100
[37m11:21:44.271 > p[37m1M4,88,100
11:21:44.271 > p2M4,87,100
11:21:44.271 > p3M4,26,[37m1[37m00
11:21:44.274 > p4M4,87,100
[37m11:21:44.527 > p[37m1M5,29,100
11:21:44.527 > p2M5,31,100
11:21:44.527 > p3M4,48,[37m1[37m00
11:21:44.530 > p4M5,30,100
[37m11:21:44.784 > p[37m1M5,73,100
11:21:44.784 > p2M5,70,100
11:21:44.784 > p3M4,67,[37m1[37m00
11:21:44.787 > p4M5,58,100
[37m11:21:44.987 > w[37m1
11:21:44.987 > R8
11:21:44.987 > l11,923
11:21:44.987 > l12,588
11:21:44.987 > l13,751
11:21:44.987 > l1[37m4[37m,908
11:21:44.990 > l15,632
11:21:44.990 > l21,900
11:21:44.990 > l22,833
11:21:44.990 > l2[37m3[37m,703
11:21:44.992 > l24,732
11:21:44.992 > l25,0
11:21:44.992 > l31,1016
11:21:44.992 > l32[37m,[37m954
11:21:44.995 > l33,905
11:21:44.995 > l34,0
11:21:44.995 > l35,0
11:21:44.995 > l41,104[37m2[37m
11:21:44.998 > l42,681
11:21:44.998 > l43,580
11:21:44.998 > l44,848
11:21:44.998 > l45,0
[37m11:21:52.069 > R[37m4
[37m11:21:58.116 > R[37m5
[37m11:21:58.120 > p[37m1M1,0,100
11:21:58.120 > p2M1,0,100
11:21:58.120 > p3M1,0,100[37m
[37m11:21:58.123 > p4M1,0,100
[37m11:21:58.377 > p[37m1M1,21,100
11:21:58.377 > p2M1,19,100
11:21:58.377 > p3M1,16,[37m1[37m00
11:21:58.380 > p4M1,7,100
[37m11:21:58.633 > p[37m1M1,59,100
11:21:58.634 > p2M1,49,100
11:21:58.634 > p3M1,34,[37m1[37m00
11:21:58.636 > p4M1,16,100
[37m11:21:58.890 > p[37m1M1,98,100
11:21:58.891 > p2M1,85,100
11:21:58.891 > p3M1,51,[37m1[37m00
11:21:58.893 > p4M1,42,100
[37m11:21:59.148 > p[37m1M2,18,100
11:21:59.148 > p2M2,23,100
11:21:59.148 > p3M1,72,[37m1[37m00
11:21:59.151 > p4M1,82,100
[37m11:21:59.404 > p[37m1M2,46,100
11:21:59.405 > p2M2,57,100
11:21:59.405 > p3M2,10,[37m1[37m00
11:21:59.408 > p4M2,26,100
[37m11:21:59.661 > p[37m1M2,76,100
11:21:59.662 > p2M2,86,100
11:21:59.662 > p3M2,57,[37m1[37m00
11:21:59.664 > p4M2,57,100
[37m11:21:59.919 > p[37m1M3,10,100
11:21:59.919 > p2M3,8,100
11:21:59.919 > p3M2,95,1[37m0[37m0
11:21:59.922 > p4M2,87,100
[37m11:22:00.178 > p[37m1M3,38,100
11:22:00.178 > p2M3,37,100
11:22:00.178 > p3M3,29,[37m1[37m00
11:22:00.181 > p4M3,12,100
[37m11:22:00.434 > p[37m1M3,74,100
11:22:00.434 > p2M3,62,100
11:22:00.434 > p3M3,67,[37m1[37m00
11:22:00.437 > p4M3,48,100
[37m11:22:00.692 > p[37m1M4,9,100
11:22:00.692 > p2M3,86,100
11:22:00.692 > p3M3,94,1[37m0[37m0
11:22:00.695 > p4M3,64,100
[37m11:22:00.949 > p[37m1M4,53,100
11:22:00.949 > p2M4,34,100
11:22:00.949 > p3M4,17,[37m1[37m00
11:22:00.952 > p4M3,88,100
[37m11:22:01.205 > p[37m1M4,97,100
11:22:01.206 > p2M4,77,100
11:22:01.206 > p3M4,39,[37m1[37m00
11:22:01.208 > p4M4,17,100
[37m11:22:01.462 > p[37m1M5,29,100
11:22:01.462 > p2M5,16,100
11:22:01.462 > p3M4,64,[37m1[37m00
11:22:01.465 > p4M4,33,100
[37m11:22:01.720 > p[37m1M5,55,100
11:22:01.721 > p2M5,58,100
11:22:01.721 > p3M4,92,[37m1[37m00
11:22:01.723 > p4M4,47,100
[37m11:22:01.977 > p[37m1M5,91,100
11:22:01.977 > p2M5,88,100
11:22:01.977 > p3M5,13,[37m1[37m00
11:22:01.980 > p4M4,76,100
[37m11:22:02.051 > w[37m1
11:22:02.052 > R8
11:22:02.052 > l11,782
11:22:02.052 > l12,945
11:22:02.052 > l13,757
11:22:02.052 > l1[37m4[37m,620
11:22:02.054 > l15,829
11:22:02.054 > l21,895
11:22:02.054 > l22,770
11:22:02.054 > l2[37m3[37m,1015
11:22:02.057 > l24,546
11:22:02.057 > l25,0
11:22:02.057 > l31,1218
11:22:02.057 > l3[37m2[37m,621
11:22:02.060 > l33,774
11:22:02.060 > l34,1081
11:22:02.060 > l35,0
11:22:02.060 > l41[37m,[37m1132
11:22:02.062 > l42,785
11:22:02.062 > l43,1000
11:22:02.062 > l44,0
11:22:02.062 > l45[37m,[37m0
[37m11:22:09.133 > R[37m4
[37m11:22:15.180 > R[37m5
[37m11:22:15.184 > p[37m1M1,0,100
11:22:15.184 > p2M1,0,100
11:22:15.184 > p3M1,0,100[37m
[37m11:22:15.187 > p4M1,0,100
[37m11:22:15.441 > p[37m1M1,17,100
11:22:15.441 > p2M1,20,100
11:22:15.441 > p3M1,15,[37m1[37m00
11:22:15.444 > p4M1,10,100
[37m11:22:15.698 > p[37m1M1,38,100
11:22:15.698 > p2M1,44,100
11:22:15.698 > p3M1,32,[37m1[37m00
11:22:15.701 > p4M1,56,100
[37m11:22:15.955 > p[37m1M1,76,100
11:22:15.955 > p2M1,81,100
11:22:15.955 > p3M1,61,[37m1[37m00
11:22:15.958 > p4M1,94,100
[37m11:22:16.212 > p[37m1M2,8,100
11:22:16.213 > p2M2,20,100
11:22:16.213 > p3M1,76,1[37m0[37m0
11:22:16.215 > p4M2,31,100
[37m11:22:16.468 > p[37m1M2,27,100
11:22:16.469 > p2M2,53,100
11:22:16.469 > p3M2,99,[37m1[37m00
11:22:16.471 > p4M2,64,100
[37m11:22:16.724 > p[37m1M2,51,100
11:22:16.724 > p2M2,92,100
11:22:16.724 > p3M2,17,[37m1[37m00
11:22:16.727 > p4M2,89,100
[37m11:22:16.980 > p[37m1M2,74,100
11:22:16.980 > p2M3,14,100
11:22:16.980 > p3M2,32,[37m1[37m00
11:22:16.983 > p4M3,27,100
[37m11:22:17.237 > p[37m1M3,20,100
11:22:17.237 > p2M3,34,100
11:22:17.237 > p3M2,43,[37m1[37m00
11:22:17.240 > p4M3,57,100
[37m11:22:17.492 > p[37m1M3,43,100
11:22:17.492 > p2M3,53,100
11:22:17.492 > p3M2,60,[37m1[37m00
11:22:17.495 > p4M3,87,100
[37m11:22:17.750 > p[37m1M3,58,100
11:22:17.750 > p2M3,88,100
11:22:17.750 > p3M2,83,[37m1[37m00
11:22:17.753 > p4M4,7,100
[37m11:22:18.006 > p[37m1M3,91,100
11:22:18.006 > p2M4,17,100
11:22:18.006 > p3M3,2,1[37m0[37m0
11:22:18.009 > p4M4,31,100
[37m11:22:18.262 > p[37m1M4,19,100
11:22:18.262 > p2M4,43,100
11:22:18.262 > p3M3,34,[37m1[37m00
11:22:18.265 > p4M4,62,100
[37m11:22:18.520 > p[37m1M4,33,100
11:22:18.520 > p2M4,68,100
11:22:18.520 > p3M3,60,[37m1[37m00
11:22:18.523 > p4M4,92,100
[37m11:22:18.776 > p[37m1M4,47,100
11:22:18.776 > p2M5,0,100
11:22:18.776 > p3M3,80,1[37m0[37m0
11:22:18.779 > p4M5,11,100
[37m11:22:19.034 > p[37m1M4,71,100
11:22:19.034 > p2M5,40,100
11:22:19.034 > p3M4,2,1[37m0[37m0
11:22:19.037 > p4M5,35,100
[37m11:22:19.292 > p[37m1M4,81,100
11:22:19.292 > p2M5,76,100
11:22:19.292 > p3M4,38,[37m1[37m00
11:22:19.295 > p4M5,50,100
[37m11:22:19.516 > w[37m2
11:22:19.516 > R8
11:22:19.516 > l11,954
11:22:19.516 > l12,980
11:22:19.516 > l13,961
11:22:19.516 > l1[37m4[37m,0
11:22:19.519 > l15,0
11:22:19.519 > l21,870
11:22:19.519 > l22,725
11:22:19.519 > l23,11[37m0[37m1
11:22:19.522 > l24,887
11:22:19.522 > l25,752
11:22:19.522 > l31,1283
11:22:19.522 > l32,[37m1[37m481
11:22:19.524 > l33,1055
11:22:19.524 > l34,0
11:22:19.524 > l35,0
11:22:19.524 > l41,81[37m4[37m
11:22:19.527 > l42,811
11:22:19.527 > l43,869
11:22:19.527 > l44,937
11:22:19.527 > l45,0
[37m11:22:26.599 > R[37m4
