[37m11:34:32.909 > R[37m4
[37m11:34:38.991 > R[37m5
[37m11:34:39.006 > p[37m1M1,0,100
11:34:39.006 > p2M1,0,100
11:34:39.006 > p3M1,0,100[37m
[37m11:34:39.010 > p4M1,0,100
[37m11:34:39.758 > p[37m1M1,7,100
11:34:39.758 > p2M1,5,100
11:34:39.758 > p3M1,0,100[37m
[37m11:34:39.761 > p4M1,1,100
[37m11:34:40.512 > p[37m1M1,19,100
11:34:40.513 > p2M1,20,100
11:34:40.513 > p3M1,6,1[37m0[37m0
11:34:40.516 > p4M1,8,100
[37m11:34:41.256 > p[37m1M1,37,100
11:34:41.257 > p2M1,34,100
11:34:41.257 > p3M1,31,[37m100
11:34:41.259 > p4M1,27,100
[37m11:34:42.008 > p[37m1M1,54,100
11:34:42.008 > p2M1,50,100
11:34:42.008 > p3M1,50,[37m1[37m00
11:34:42.011 > p4M1,51,100
[37m11:34:42.761 > p[37m1M1,71,100
11:34:42.762 > p2M1,70,100
11:34:42.762 > p3M1,69,[37m1[37m00
11:34:42.765 > p4M1,72,100
[37m11:34:43.515 > p[37m1M1,83,100
11:34:43.515 > p2M1,91,100
11:34:43.515 > p3M1,82,[37m1[37m00
11:34:43.518 > p4M1,90,100
[37m11:34:44.257 > p[37m1M1,96,100
11:34:44.258 > p2M2,10,100
11:34:44.258 > p3M1,96,[37m1[37m00
11:34:44.260 > p4M2,12,100
[37m11:34:45.012 > p[37m1M2,14,100
11:34:45.012 > p2M2,25,100
11:34:45.012 > p3M2,12,[37m1[37m00
11:34:45.016 > p4M2,27,100
[37m11:34:45.754 > p[37m1M2,27,100
11:34:45.755 > p2M2,39,100
11:34:45.755 > p3M2,24,[37m1[37m00
11:34:45.758 > p4M2,41,100
[37m11:34:46.508 > p[37m1M2,38,100
11:34:46.509 > p2M2,46,100
11:34:46.509 > p3M2,36,[37m1[37m00
11:34:46.512 > p4M2,56,100
[37m11:34:47.264 > p[37m1M2,54,100
11:34:47.264 > p2M2,60,100
11:34:47.264 > p3M2,49,[37m1[37m00
11:34:47.267 > p4M2,70,100
[37m11:34:48.006 > p[37m1M2,71,100
11:34:48.007 > p2M2,77,100
11:34:48.007 > p3M2,60,[37m1[37m00
11:34:48.010 > p4M2,86,100
[37m11:34:48.748 > p[37m1M2,87,100
11:34:48.748 > p2M2,92,100
11:34:48.748 > p3M2,71,[37m1[37m00
11:34:48.751 > p4M3,1,100
[37m11:34:49.490 > p[37m1M3,15,100
11:34:49.491 > p2M3,10,100
11:34:49.491 > p3M2,86,[37m1[37m00
11:34:49.493 > p4M3,11,100
[37m11:34:50.244 > p[37m1M3,40,100
11:34:50.245 > p2M3,24,100
11:34:50.245 > p3M2,98,[37m1[37m00
11:34:50.247 > p4M3,22,100
[37m11:34:50.988 > p[37m1M3,59,100
11:34:50.988 > p2M3,33,100
11:34:50.988 > p3M3,12,[37m1[37m00
11:34:50.991 > p4M3,36,100
[37m11:34:51.741 > p[37m1M3,76,100
11:34:51.741 > p2M3,40,100
11:34:51.741 > p3M3,24,[37m1[37m00
11:34:51.744 > p4M3,51,100
[37m11:34:52.495 > p[37m1M3,87,100
11:34:52.495 > p2M3,47,100
11:34:52.495 > p3M3,39,[37m1[37m00
11:34:52.499 > p4M3,70,100
[37m11:34:53.238 > p[37m1M3,98,100
11:34:53.238 > p2M3,57,100
11:34:53.238 > p3M3,49,[37m1[37m00
11:34:53.241 > p4M3,87,100
[37m11:34:53.980 > p[37m1M4,9,100
11:34:53.980 > p2M3,74,100
11:34:53.980 > p3M3,62,1[37m0[37m0
11:34:53.983 > p4M4,5,100
[37m11:34:54.735 > p[37m1M4,26,100
11:34:54.735 > p2M3,89,100
11:34:54.735 > p3M3,76,[37m1[37m00
11:34:54.738 > p4M4,24,100
[37m11:34:55.489 > p[37m1M4,46,100
11:34:55.490 > p2M4,0,100
11:34:55.490 > p3M3,85,1[37m0[37m0
11:34:55.493 > p4M4,40,100
[37m11:34:56.243 > p[37m1M4,67,100
11:34:56.244 > p2M4,18,100
11:34:56.244 > p3M4,2,1[37m0[37m0
11:34:56.246 > p4M4,49,100
[37m11:34:56.986 > p[37m1M4,87,100
11:34:56.987 > p2M4,34,100
11:34:56.987 > p3M4,22,[37m1[37m00
11:34:56.989 > p4M4,62,100
[37m11:34:57.741 > p[37m1M5,8,100
11:34:57.741 > p2M4,51,100
11:34:57.741 > p3M4,38,1[37m0[37m0
11:34:57.744 > p4M4,86,100
[37m11:34:58.495 > p[37m1M5,26,100
11:34:58.495 > p2M4,69,100
11:34:58.495 > p3M4,50,[37m1[37m00
11:34:58.498 > p4M5,7,100
[37m11:34:59.250 > p[37m1M5,50,100
11:34:59.250 > p2M4,78,100
11:34:59.250 > p3M4,64,[37m1[37m00
11:34:59.253 > p4M5,19,100
[37m11:34:59.994 > p[37m1M5,76,100
11:34:59.994 > p2M4,86,100
11:34:59.994 > p3M4,76,[37m1[37m00
11:34:59.997 > p4M5,25,100
[37m11:35:00.689 > w[37m1
[37m11:35:00.698 > R[37m8
[37m11:35:08.128 > R[37m4
[37m11:35:14.209 > R[37m5
[37m11:35:14.223 > p[37m1M1,0,100
11:35:14.223 > p2M1,0,100
11:35:14.223 > p3M1,0,100[37m
[37m11:35:14.225 > p4M1,0,100
[37m11:35:14.976 > p[37m1M1,2,100
11:35:14.977 > p2M1,7,100
11:35:14.977 > p3M1,3,100[37m
[37m11:35:14.979 > p4M1,4,100
[37m11:35:15.730 > p[37m1M1,9,100
11:35:15.731 > p2M1,16,100
11:35:15.731 > p3M1,15,1[37m0[37m0
11:35:15.733 > p4M1,20,100
[37m11:35:16.472 > p[37m1M1,19,100
11:35:16.473 > p2M1,21,100
11:35:16.473 > p3M1,23,[37m1[37m00
11:35:16.476 > p4M1,41,100
[37m11:35:17.226 > p[37m1M1,39,100
11:35:17.226 > p2M1,28,100
11:35:17.226 > p3M1,30,[37m1[37m00
11:35:17.228 > p4M1,61,100
[37m11:35:17.979 > p[37m1M1,60,100
11:35:17.980 > p2M1,52,100
11:35:17.980 > p3M1,42,[37m1[37m00
11:35:17.982 > p4M1,71,100
[37m11:35:18.744 > p[37m1M1,80,100
11:35:18.744 > p2M1,79,100
11:35:18.744 > p3M1,58,[37m1[37m00
11:35:18.747 > p4M1,80,100
[37m11:35:19.498 > p[37m1M1,97,100
11:35:19.499 > p2M2,0,100
11:35:19.499 > p3M1,82,1[37m0[37m0
11:35:19.501 > p4M1,87,100
[37m11:35:20.241 > p[37m1M2,22,100
11:35:20.242 > p2M2,17,100
11:35:20.242 > p3M2,1,1[37m0[37m0
11:35:20.244 > p4M2,99,100
[37m11:35:20.995 > p[37m1M2,44,100
11:35:20.996 > p2M2,30,100
11:35:20.996 > p3M2,18,[37m1[37m00
11:35:20.998 > p4M2,10,100
[37m11:35:21.739 > p[37m1M2,67,100
11:35:21.739 > p2M2,43,100
11:35:21.739 > p3M2,31,[37m1[37m00
11:35:21.742 > p4M2,27,100
[37m11:35:22.492 > p[37m1M2,85,100
11:35:22.492 > p2M2,61,100
11:35:22.492 > p3M2,40,[37m1[37m00
11:35:22.495 > p4M2,49,100
[37m11:35:23.235 > p[37m1M3,6,100
11:35:23.235 > p2M2,77,100
11:35:23.235 > p3M2,51,1[37m0[37m0
11:35:23.238 > p4M2,69,100
[37m11:35:23.990 > p[37m1M3,23,100
11:35:23.990 > p2M2,94,100
11:35:23.990 > p3M2,67,[37m1[37m00
11:35:23.993 > p4M2,94,100
[37m11:35:24.733 > p[37m1M3,43,100
11:35:24.733 > p2M3,10,100
11:35:24.733 > p3M2,82,[37m1[37m00
11:35:24.736 > p4M3,17,100
[37m11:35:25.488 > p[37m1M3,64,100
11:35:25.488 > p2M3,31,100
11:35:25.488 > p3M2,97,[37m1[37m00
11:35:25.491 > p4M3,41,100
[37m11:35:26.242 > p[37m1M3,77,100
11:35:26.243 > p2M3,50,100
11:35:26.243 > p3M3,5,1[37m0[37m0
11:35:26.245 > p4M3,63,100
[37m11:35:26.996 > p[37m1M3,90,100
11:35:26.996 > p2M3,69,100
11:35:26.996 > p3M3,12,[37m1[37m00
11:35:26.999 > p4M3,85,100
[37m11:35:27.751 > p[37m1M4,9,100
11:35:27.751 > p2M3,85,100
11:35:27.751 > p3M3,26,1[37m0[37m0
11:35:27.753 > p4M4,2,100
[37m11:35:28.506 > p[37m1M4,28,100
11:35:28.506 > p2M4,3,100
11:35:28.506 > p3M3,42,1[37m0[37m0
11:35:28.508 > p4M4,26,100
[37m11:35:29.248 > p[37m1M4,45,100
11:35:29.248 > p2M4,17,100
11:35:29.248 > p3M3,62,[37m1[37m00
11:35:29.251 > p4M4,43,100
[37m11:35:30.002 > p[37m1M4,57,100
11:35:30.002 > p2M4,31,100
11:35:30.002 > p3M3,82,[37m1[37m00
11:35:30.005 > p4M4,54,100
[37m11:35:30.744 > p[37m1M4,68,100
11:35:30.744 > p2M4,45,100
11:35:30.744 > p3M3,96,[37m1[37m00
11:35:30.747 > p4M4,64,100
[37m11:35:31.499 > p[37m1M4,78,100
11:35:31.499 > p2M4,71,100
11:35:31.499 > p3M4,16,[37m1[37m00
11:35:31.501 > p4M4,75,100
[37m11:35:32.253 > p[37m1M4,91,100
11:35:32.253 > p2M4,91,100
11:35:32.253 > p3M4,29,[37m1[37m00
11:35:32.256 > p4M4,92,100
[37m11:35:33.009 > p[37m1M5,11,100
11:35:33.009 > p2M5,16,100
11:35:33.009 > p3M4,40,[37m1[37m00
11:35:33.012 > p4M5,16,100
[37m11:35:33.752 > p[37m1M5,35,100
11:35:33.752 > p2M5,34,100
11:35:33.752 > p3M4,50,[37m1[37m00
11:35:33.755 > p4M5,34,100
[37m11:35:34.508 > p[37m1M5,58,100
11:35:34.508 > p2M5,57,100
11:35:34.508 > p3M4,61,[37m1[37m00
11:35:34.511 > p4M5,48,100
[37m11:35:35.264 > p[37m1M5,79,100
11:35:35.264 > p2M5,74,100
11:35:35.264 > p3M4,70,[37m1[37m00
11:35:35.267 > p4M5,63,100
[37m11:35:36.007 > p[37m1M5,95,100
11:35:36.007 > p2M5,87,100
11:35:36.007 > p3M4,84,[37m1[37m00
11:35:36.010 > p4M5,77,100
[37m11:35:36.206 > w[37m1
[37m11:35:36.215 > R[37m8
[37m11:35:43.646 > R[37m4
