[37m11:17:09.259 > R[37m4
[37m11:17:15.306 > R[37m5
[37m11:17:15.309 > p[37m1M1,0,100
11:17:15.310 > p2M1,0,100
11:17:15.310 > p3M1,0,100[37m
[37m11:17:15.312 > p4M1,0,100
[37m11:17:15.564 > p[37m1M1,16,100
11:17:15.564 > p2M1,24,100
11:17:15.564 > p3M1,9,1[37m0[37m0
11:17:15.565 > p4M1,7,100
[37m11:17:15.817 > p[37m1M1,39,100
11:17:15.817 > p2M1,63,100
11:17:15.817 > p3M1,31,[37m1[37m00
11:17:15.820 > p4M1,35,100
[37m11:17:16.071 > p[37m1M1,63,100
11:17:16.072 > p2M1,95,100
11:17:16.072 > p3M1,59,[37m1[37m00
11:17:16.074 > p4M1,69,100
[37m11:17:16.324 > p[37m1M1,93,100
11:17:16.324 > p2M2,27,100
11:17:16.324 > p3M1,90,[37m1[37m00
11:17:16.328 > p4M1,92,100
[37m11:17:16.577 > p[37m1M2,19,100
11:17:16.577 > p2M2,56,100
11:17:16.577 > p3M2,13,[37m1[37m00
11:17:16.580 > p4M2,18,100
[37m11:17:16.830 > p[37m1M2,59,100
11:17:16.830 > p2M2,77,100
11:17:16.830 > p3M2,47,[37m1[37m00
11:17:16.834 > p4M2,49,100
[37m11:17:17.083 > p[37m1M2,89,100
11:17:17.083 > p2M2,97,100
11:17:17.083 > p3M2,85,[37m1[37m00
11:17:17.086 > p4M2,94,100
[37m11:17:17.336 > p[37m1M3,8,100
11:17:17.336 > p2M3,24,100
11:17:17.336 > p3M3,38,1[37m0[37m0
11:17:17.339 > p4M3,32,100
[37m11:17:17.589 > p[37m1M3,41,100
11:17:17.589 > p2M3,53,100
11:17:17.589 > p3M3,66,[37m1[37m00
11:17:17.592 > p4M3,75,100
[37m11:17:17.842 > p[37m1M3,78,100
11:17:17.842 > p2M3,82,100
11:17:17.842 > p3M3,88,[37m1[37m00
11:17:17.844 > p4M4,8,100
[37m11:17:18.093 > p[37m1M3,98,100
11:17:18.093 > p2M4,99,100
11:17:18.093 > p3M4,8,1[37m0[37m0
11:17:18.095 > p4M4,41,100
[37m11:17:18.347 > p[37m1M4,19,100
11:17:18.347 > p2M4,28,100
11:17:18.347 > p3M4,30,[37m1[37m00
11:17:18.349 > p4M4,68,100
[37m11:17:18.599 > p[37m1M4,55,100
11:17:18.600 > p2M4,54,100
11:17:18.600 > p3M4,47,[37m1[37m00
11:17:18.602 > p4M5,3,100
[37m11:17:18.853 > p[37m1M4,89,100
11:17:18.853 > p2M4,83,100
11:17:18.853 > p3M4,81,[37m1[37m00
11:17:18.856 > p4M5,36,100
[37m11:17:19.107 > p[37m1M5,18,100
11:17:19.107 > p2M5,11,100
11:17:19.107 > p3M5,4,1[37m0[37m0
11:17:19.110 > p4M5,76,100
[37m11:17:19.255 > w[37m4
11:17:19.256 > R8
11:17:19.256 > l11,1083
11:17:19.256 > l12,796
11:17:19.256 > l13,914
11:17:19.256 > l[37m1[37m4,855
11:17:19.258 > l15,0
11:17:19.258 > l21,797
11:17:19.258 > l22,998
11:17:19.258 > l23[37m,[37m987
11:17:19.261 > l24,903
11:17:19.261 > l25,0
11:17:19.261 > l31,1164
11:17:19.261 > l32,[37m6[37m85
11:17:19.264 > l33,813
11:17:19.264 > l34,1094
11:17:19.264 > l35,0
11:17:19.264 > l41,1[37m0[37m94
11:17:19.266 > l42,724
11:17:19.266 > l43,652
11:17:19.266 > l44,782
11:17:19.266 > l45,[37m6[37m96
[37m11:17:26.338 > R[37m4
[37m11:17:32.384 > R[37m5
[37m11:17:32.387 > p[37m1M1,0,100
11:17:32.388 > p2M1,0,100
11:17:32.388 > p3M1,0,100[37m
[37m11:17:32.390 > p4M1,0,100
[37m11:17:32.642 > p[37m1M1,17,100
11:17:32.642 > p2M1,20,100
11:17:32.642 > p3M1,15,[37m1[37m00
11:17:32.644 > p4M1,10,100
[37m11:17:32.896 > p[37m1M1,38,100
11:17:32.896 > p2M1,45,100
11:17:32.896 > p3M1,32,[37m1[37m00
11:17:32.899 > p4M1,57,100
[37m11:17:33.150 > p[37m1M1,76,100
11:17:33.150 > p2M1,82,100
11:17:33.150 > p3M1,61,[37m1[37m00
11:17:33.153 > p4M1,94,100
[37m11:17:33.403 > p[37m1M2,8,100
11:17:33.403 > p2M2,20,100
11:17:33.403 > p3M1,77,1[37m0[37m0
11:17:33.405 > p4M2,31,100
[37m11:17:33.655 > p[37m1M2,28,100
11:17:33.656 > p2M2,53,100
11:17:33.656 > p3M2,0,1[37m00
11:17:33.658 > p4M2,64,100
[37m11:17:33.907 > p[37m1M2,51,100
11:17:33.907 > p2M2,93,100
11:17:33.907 > p3M2,17,[37m1[37m00
11:17:33.910 > p4M2,89,100
[37m11:17:34.162 > p[37m1M2,74,100
11:17:34.162 > p2M3,15,100
11:17:34.162 > p3M2,32,[37m1[37m00
11:17:34.165 > p4M3,28,100
[37m11:17:34.415 > p[37m1M3,20,100
11:17:34.416 > p2M3,34,100
11:17:34.416 > p3M2,44,[37m1[37m00
11:17:34.418 > p4M3,57,100
[37m11:17:34.668 > p[37m1M3,43,100
11:17:34.668 > p2M3,54,100
11:17:34.668 > p3M2,60,[37m1[37m00
11:17:34.671 > p4M3,87,100
[37m11:17:34.921 > p[37m1M3,58,100
11:17:34.922 > p2M3,89,100
11:17:34.922 > p3M2,83,[37m1[37m00
11:17:34.924 > p4M4,8,100
[37m11:17:35.174 > p[37m1M3,91,100
11:17:35.174 > p2M4,18,100
11:17:35.174 > p3M3,2,1[37m0[37m0
11:17:35.176 > p4M4,32,100
[37m11:17:35.425 > p[37m1M4,20,100
11:17:35.425 > p2M4,43,100
11:17:35.425 > p3M3,34,[37m1[37m00
11:17:35.428 > p4M4,63,100
[37m11:17:35.678 > p[37m1M4,33,100
11:17:35.678 > p2M4,69,100
11:17:35.678 > p3M3,60,[37m1[37m00
11:17:35.680 > p4M4,92,100
[37m11:17:35.931 > p[37m1M4,47,100
11:17:35.931 > p2M5,0,100
11:17:35.931 > p3M3,80,1[37m0[37m0
11:17:35.934 > p4M5,12,100
[37m11:17:36.182 > p[37m1M4,71,100
11:17:36.182 > p2M5,40,100
11:17:36.182 > p3M4,2,1[37m0[37m0
11:17:36.185 > p4M5,35,100
[37m11:17:36.437 > p[37m1M4,81,100
11:17:36.437 > p2M5,76,100
11:17:36.437 > p3M4,38,[37m1[37m00
11:17:36.439 > p4M5,50,100
[37m11:17:36.658 > w[37m2
11:17:36.658 > R8
11:17:36.658 > l11,938
11:17:36.658 > l12,966
11:17:36.658 > l13,946
11:17:36.658 > l1[37m4,0
11:17:36.660 > l15,0
11:17:36.660 > l21,854
11:17:36.660 > l22,714
11:17:36.660 > l23,10[37m87
11:17:36.663 > l24,876
11:17:36.663 > l25,741
11:17:36.663 > l31,1264
11:17:36.663 > l32,[37m1459
11:17:36.665 > l33,1040
11:17:36.665 > l34,0
11:17:36.665 > l35,0
11:17:36.665 > l41,79[37m9[37m
11:17:36.668 > l42,800
11:17:36.668 > l43,857
11:17:36.668 > l44,923
11:17:36.668 > l45,0
[37m11:17:43.738 > R[37m4
[37m11:17:49.785 > R[37m5
[37m11:17:49.789 > p[37m1M1,0,100
11:17:49.789 > p2M1,0,100
11:17:49.789 > p3M1,0,100[37m
[37m11:17:49.791 > p4M1,0,100
[37m11:17:50.043 > p[37m1M1,8,100
11:17:50.043 > p2M1,16,100
11:17:50.043 > p3M1,15,1[37m0[37m0
11:17:50.045 > p4M1,20,100
[37m11:17:50.295 > p[37m1M1,39,100
11:17:50.295 > p2M1,27,100
11:17:50.295 > p3M1,30,[37m1[37m00
11:17:50.297 > p4M1,61,100
[37m11:17:50.548 > p[37m1M1,79,100
11:17:50.549 > p2M1,78,100
11:17:50.549 > p3M1,57,[37m1[37m00
11:17:50.551 > p4M1,79,100
[37m11:17:50.800 > p[37m1M2,20,100
11:17:50.801 > p2M2,17,100
11:17:50.801 > p3M2,0,1[37m0[37m0
11:17:50.803 > p4M1,98,100
[37m11:17:51.054 > p[37m1M2,65,100
11:17:51.054 > p2M2,41,100
11:17:51.054 > p3M2,30,[37m1[37m00
11:17:51.057 > p4M2,25,100
[37m11:17:51.306 > p[37m1M3,4,100
11:17:51.307 > p2M2,75,100
11:17:51.307 > p3M2,50,1[37m0[37m0
11:17:51.309 > p4M2,67,100
[37m11:17:51.560 > p[37m1M3,41,100
11:17:51.560 > p2M3,8,100
11:17:51.560 > p3M2,80,1[37m0[37m0
11:17:51.562 > p4M3,14,100
[37m11:17:51.813 > p[37m1M3,75,100
11:17:51.813 > p2M3,47,100
11:17:51.813 > p3M3,4,1[37m0[37m0
11:17:51.815 > p4M3,60,100
[37m11:17:52.065 > p[37m1M4,6,100
11:17:52.066 > p2M3,82,100
11:17:52.066 > p3M3,24,1[37m0[37m0
11:17:52.068 > p4M4,0,100
[37m11:17:52.318 > p[37m1M4,42,100
11:17:52.319 > p2M4,15,100
11:17:52.319 > p3M3,58,[37m1[37m00
11:17:52.321 > p4M4,40,100
[37m11:17:52.572 > p[37m1M4,66,100
11:17:52.572 > p2M4,41,100
11:17:52.572 > p3M3,93,[37m1[37m00
11:17:52.575 > p4M4,62,100
[37m11:17:52.825 > p[37m1M4,87,100
11:17:52.825 > p2M4,87,100
11:17:52.825 > p3M4,26,[37m1[37m00
11:17:52.828 > p4M4,87,100
[37m11:17:53.078 > p[37m1M5,29,100
11:17:53.078 > p2M5,31,100
11:17:53.078 > p3M4,47,[37m1[37m00
11:17:53.081 > p4M5,30,100
[37m11:17:53.331 > p[37m1M5,73,100
11:17:53.332 > p2M5,70,100
11:17:53.332 > p3M4,66,[37m1[37m00
11:17:53.334 > p4M5,57,100
[37m11:17:53.533 > w[37m1
11:17:53.534 > R8
11:17:53.534 > l11,909
11:17:53.534 > l12,579
11:17:53.534 > l13,741
11:17:53.534 > l1[37m4[37m,893
11:17:53.536 > l15,625
11:17:53.536 > l21,886
11:17:53.536 > l22,821
11:17:53.536 > l2[37m3[37m,693
11:17:53.539 > l24,721
11:17:53.539 > l25,0
11:17:53.539 > l31,1002
11:17:53.539 > l32[37m,[37m938
11:17:53.542 > l33,891
11:17:53.542 > l34,0
11:17:53.542 > l35,0
11:17:53.542 > l41,102[37m4[37m
11:17:53.544 > l42,673
11:17:53.544 > l43,574
11:17:53.544 > l44,833
11:17:53.544 > l45,0
[37m11:18:00.616 > R[37m4
[37m11:18:06.662 > R[37m5
[37m11:18:06.666 > p[37m1M1,0,100
11:18:06.666 > p2M1,0,100
11:18:06.666 > p3M1,0,100[37m
[37m11:18:06.669 > p4M1,0,100
[37m11:18:06.917 > p[37m1M1,19,100
11:18:06.918 > p2M1,11,100
11:18:06.918 > p3M1,23,[37m1[37m00
11:18:06.920 > p4M1,14,100
[37m11:18:07.170 > p[37m1M1,50,100
11:18:07.171 > p2M1,37,100
11:18:07.171 > p3M1,48,[37m1[37m00
11:18:07.174 > p4M1,43,100
[37m11:18:07.424 > p[37m1M1,71,100
11:18:07.425 > p2M1,70,100
11:18:07.425 > p3M1,75,[37m1[37m00
11:18:07.427 > p4M1,66,100
[37m11:18:07.677 > p[37m1M1,96,100
11:18:07.677 > p2M2,4,100
11:18:07.677 > p3M2,19,1[37m0[37m0
11:18:07.679 > p4M1,98,100
[37m11:18:07.929 > p[37m1M2,33,100
11:18:07.930 > p2M2,32,100
11:18:07.930 > p3M2,54,[37m1[37m00
11:18:07.932 > p4M2,32,100
[37m11:18:08.183 > p[37m1M2,62,100
11:18:08.183 > p2M2,59,100
11:18:08.183 > p3M2,79,[37m1[37m00
11:18:08.185 > p4M2,66,100
[37m11:18:08.435 > p[37m1M2,89,100
11:18:08.435 > p2M3,2,100
11:18:08.435 > p3M3,1,10[37m0[37m
11:18:08.438 > p4M3,7,100
[37m11:18:08.690 > p[37m1M3,7,100
11:18:08.690 > p2M3,35,100
11:18:08.690 > p3M3,22,1[37m0[37m0
11:18:08.692 > p4M3,43,100
[37m11:18:08.942 > p[37m1M3,34,100
11:18:08.942 > p2M3,71,100
11:18:08.942 > p3M3,47,[37m1[37m00
11:18:08.945 > p4M3,76,100
[37m11:18:09.194 > p[37m1M3,54,100
11:18:09.195 > p2M4,99,100
11:18:09.195 > p3M3,80,[37m1[37m00
11:18:09.197 > p4M4,14,100
[37m11:18:09.447 > p[37m1M3,83,100
11:18:09.448 > p2M4,33,100
11:18:09.448 > p3M4,22,[37m1[37m00
11:18:09.450 > p4M4,47,100
[37m11:18:09.701 > p[37m1M4,9,100
11:18:09.702 > p2M4,52,100
11:18:09.702 > p3M4,53,1[37m0[37m0
11:18:09.704 > p4M4,74,100
[37m11:18:09.955 > p[37m1M4,40,100
11:18:09.956 > p2M4,80,100
11:18:09.956 > p3M4,76,[37m1[37m00
11:18:09.958 > p4M4,98,100
[37m11:18:10.209 > p[37m1M4,58,100
11:18:10.209 > p2M5,9,100
11:18:10.209 > p3M5,10,1[37m0[37m0
11:18:10.212 > p4M5,18,100
[37m11:18:10.462 > p[37m1M4,71,100
11:18:10.462 > p2M5,48,100
11:18:10.462 > p3M5,35,[37m1[37m00
11:18:10.464 > p4M5,50,100
[37m11:18:10.715 > p[37m1M4,92,100
11:18:10.715 > p2M5,74,100
11:18:10.715 > p3M5,53,[37m1[37m00
11:18:10.718 > p4M5,91,100
[37m11:18:10.763 > w[37m4
11:18:10.763 > R8
11:18:10.763 > l11,1036
11:18:10.763 > l12,866
11:18:10.763 > l13,1074
[37m11:18:10.765 > l[37m14,0
11:18:10.766 > l15,0
11:18:10.766 > l21,967
11:18:10.766 > l22,779
11:18:10.766 > l23,[37m7[37m84
11:18:10.768 > l24,931
11:18:10.768 > l25,0
11:18:10.768 > l31,897
11:18:10.768 > l32,85[37m7[37m
11:18:10.771 > l33,899
11:18:10.771 > l34,821
11:18:10.771 > l35,0
11:18:10.771 > l41,1018[37m
[37m11:18:10.774 > l42,705
11:18:10.774 > l43,707
11:18:10.774 > l44,882
11:18:10.774 > l45,787[37m
[37m11:18:17.844 > R[37m4
[37m11:18:23.890 > R[37m5
[37m11:18:23.894 > p[37m1M1,0,100
11:18:23.894 > p2M1,0,100
11:18:23.894 > p3M1,0,100[37m
[37m11:18:23.897 > p4M1,0,100
[37m11:18:24.148 > p[37m1M1,8,100
11:18:24.149 > p2M1,16,100
11:18:24.149 > p3M1,15,1[37m00
11:18:24.150 > p4M1,20,100
[37m11:18:24.401 > p[37m1M1,39,100
11:18:24.402 > p2M1,27,100
11:18:24.402 > p3M1,30,[37m100
11:18:24.403 > p4M1,61,100
[37m11:18:24.653 > p[37m1M1,79,100
11:18:24.653 > p2M1,78,100
11:18:24.653 > p3M1,57,[37m1[37m00
11:18:24.656 > p4M1,79,100
[37m11:18:24.906 > p[37m1M2,20,100
11:18:24.906 > p2M2,17,100
11:18:24.906 > p3M2,0,1[37m0[37m0
11:18:24.908 > p4M1,98,100
[37m11:18:25.159 > p[37m1M2,65,100
11:18:25.160 > p2M2,41,100
11:18:25.160 > p3M2,30,[37m1[37m00
11:18:25.162 > p4M2,25,100
[37m11:18:25.414 > p[37m1M3,4,100
11:18:25.415 > p2M2,76,100
11:18:25.415 > p3M2,50,1[37m0[37m0
11:18:25.417 > p4M2,68,100
[37m11:18:25.667 > p[37m1M3,41,100
11:18:25.667 > p2M3,9,100
11:18:25.667 > p3M2,81,1[37m0[37m0
11:18:25.669 > p4M3,14,100
[37m11:18:25.920 > p[37m1M3,75,100
11:18:25.920 > p2M3,48,100
11:18:25.920 > p3M3,4,1[37m0[37m0
11:18:25.923 > p4M3,60,100
[37m11:18:26.173 > p[37m1M4,7,100
11:18:26.173 > p2M3,82,100
11:18:26.173 > p3M3,24,1[37m0[37m0
11:18:26.175 > p4M4,0,100
[37m11:18:26.426 > p[37m1M4,42,100
11:18:26.427 > p2M4,15,100
11:18:26.427 > p3M3,58,[37m100
11:18:26.428 > p4M4,40,100
[37m11:18:26.680 > p[37m1M4,66,100
11:18:26.680 > p2M4,41,100
11:18:26.680 > p3M3,94,[37m1[37m00
11:18:26.682 > p4M4,62,100
[37m11:18:26.932 > p[37m1M4,88,100
11:18:26.933 > p2M4,87,100
11:18:26.933 > p3M4,26,[37m1[37m00
11:18:26.935 > p4M4,87,100
[37m11:18:27.184 > p[37m1M5,29,100
11:18:27.185 > p2M5,31,100
11:18:27.185 > p3M4,48,[37m1[37m00
11:18:27.187 > p4M5,30,100
[37m11:18:27.438 > p[37m1M5,73,100
11:18:27.439 > p2M5,70,100
11:18:27.439 > p3M4,67,[37m1[37m00
11:18:27.441 > p4M5,58,100
[37m11:18:27.638 > w[37m1
11:18:27.639 > R8
11:18:27.639 > l11,908
11:18:27.639 > l12,580
11:18:27.639 > l13,740
11:18:27.639 > l1[37m4[37m,893
11:18:27.641 > l15,626
11:18:27.641 > l21,886
11:18:27.641 > l22,821
11:18:27.641 > l2[37m3[37m,692
11:18:27.644 > l24,721
11:18:27.644 > l25,0
11:18:27.644 > l31,1001
11:18:27.644 > l32[37m,[37m938
11:18:27.647 > l33,891
11:18:27.647 > l34,0
11:18:27.647 > l35,0
11:18:27.647 > l41,102[37m4[37m
11:18:27.650 > l42,673
11:18:27.650 > l43,573
11:18:27.650 > l44,834
11:18:27.650 > l45,0
[37m11:18:34.721 > R[37m4
[37m11:18:40.768 > R[37m5
[37m11:18:40.772 > p[37m1M1,0,100
11:18:40.772 > p2M1,0,100
11:18:40.772 > p3M1,0,100[37m
[37m11:18:40.774 > p4M1,0,100
[37m11:18:41.023 > p[37m1M1,19,100
11:18:41.024 > p2M1,11,100
11:18:41.024 > p3M1,23,[37m1[37m00
11:18:41.026 > p4M1,14,100
[37m11:18:41.276 > p[37m1M1,50,100
11:18:41.276 > p2M1,37,100
11:18:41.276 > p3M1,48,[37m1[37m00
11:18:41.279 > p4M1,43,100
[37m11:18:41.529 > p[37m1M1,71,100
11:18:41.529 > p2M1,70,100
11:18:41.529 > p3M1,75,[37m1[37m00
11:18:41.532 > p4M1,66,100
[37m11:18:41.782 > p[37m1M1,96,100
11:18:41.782 > p2M2,4,100
11:18:41.782 > p3M2,19,1[37m0[37m0
11:18:41.785 > p4M1,98,100
[37m11:18:42.034 > p[37m1M2,33,100
11:18:42.034 > p2M2,32,100
11:18:42.034 > p3M2,54,[37m1[37m00
11:18:42.037 > p4M2,32,100
[37m11:18:42.287 > p[37m1M2,62,100
11:18:42.288 > p2M2,59,100
11:18:42.288 > p3M2,79,[37m1[37m00
11:18:42.290 > p4M2,66,100
[37m11:18:42.540 > p[37m1M2,89,100
11:18:42.540 > p2M3,2,100
11:18:42.540 > p3M3,1,10[37m0[37m
11:18:42.543 > p4M3,7,100
[37m11:18:42.792 > p[37m1M3,7,100
11:18:42.793 > p2M3,35,100
11:18:42.793 > p3M3,21,1[37m0[37m0
11:18:42.795 > p4M3,43,100
[37m11:18:43.046 > p[37m1M3,34,100
11:18:43.046 > p2M3,70,100
11:18:43.046 > p3M3,46,[37m1[37m00
11:18:43.049 > p4M3,75,100
[37m11:18:43.297 > p[37m1M3,54,100
11:18:43.298 > p2M3,98,100
11:18:43.298 > p3M3,79,[37m1[37m00
11:18:43.300 > p4M4,14,100
[37m11:18:43.551 > p[37m1M3,83,100
11:18:43.551 > p2M4,33,100
11:18:43.551 > p3M4,22,[37m1[37m00
11:18:43.553 > p4M4,47,100
[37m11:18:43.805 > p[37m1M4,9,100
11:18:43.805 > p2M4,52,100
11:18:43.805 > p3M4,53,1[37m0[37m0
11:18:43.807 > p4M4,74,100
[37m11:18:44.058 > p[37m1M4,39,100
11:18:44.058 > p2M4,80,100
11:18:44.058 > p3M4,76,[37m1[37m00
11:18:44.060 > p4M4,97,100
[37m11:18:44.312 > p[37m1M4,58,100
11:18:44.312 > p2M5,8,100
11:18:44.312 > p3M5,9,10[37m0[37m
11:18:44.314 > p4M5,18,100
[37m11:18:44.565 > p[37m1M4,71,100
11:18:44.565 > p2M5,48,100
11:18:44.565 > p3M5,35,[37m1[37m00
11:18:44.568 > p4M5,49,100
[37m11:18:44.818 > p[37m1M4,92,100
11:18:44.819 > p2M5,74,100
11:18:44.819 > p3M5,53,[37m1[37m00
11:18:44.821 > p4M5,91,100
[37m11:18:44.868 > w[37m4
11:18:44.868 > R8
11:18:44.868 > l11,1037
11:18:44.868 > l12,865
11:18:44.868 > l13,1074
[37m11:18:44.870 > l[37m14,0
11:18:44.870 > l15,0
11:18:44.870 > l21,967
11:18:44.870 > l22,779
11:18:44.870 > l23,[37m7[37m86
11:18:44.873 > l24,929
11:18:44.873 > l25,0
11:18:44.873 > l31,897
11:18:44.873 > l32,85[37m7[37m
11:18:44.876 > l33,900
11:18:44.876 > l34,821
11:18:44.876 > l35,0
11:18:44.876 > l41,1019[37m
[37m11:18:44.879 > l42,705
11:18:44.879 > l43,706
11:18:44.879 > l44,882
11:18:44.879 > l45,787[37m
[37m11:18:51.951 > R[37m4
[37m11:18:57.995 > R[37m5
[37m11:18:57.999 > p[37m1M1,0,100
11:18:58.000 > p2M1,0,100
11:18:58.000 > p3M1,0,100[37m
[37m11:18:58.002 > p4M1,0,100
