[37m11:23:00.477 > R[37m4
[37m11:23:06.524 > R[37m5
[37m11:23:06.527 > p[37m1M1,0,100
[37m11:23:06.529 > p[37m2M1,0,100
[37m11:23:06.532 > p[37m3M1,0,100
[37m11:23:06.534 > p[37m4M1,0,100
[37m11:23:06.790 > p[37m1M1,0,100
[37m11:23:06.793 > p[37m2M1,6,100
[37m11:23:06.795 > p[37m3M1,23,100
[37m11:23:06.797 > p[37m4M1,19,100
[37m11:23:07.051 > p[37m1M1,21,100
[37m11:23:07.053 > p[37m2M1,26,100
[37m11:23:07.055 > p[37m3M1,49,100
[37m11:23:07.058 > p[37m4M1,41,100
[37m11:23:07.312 > p[37m1M1,42,100
[37m11:23:07.315 > p[37m2M1,47,100
[37m11:23:07.317 > p[37m3M1,78,100
[37m11:23:07.319 > p[37m4M1,62,100
[37m11:23:07.573 > p[37m1M1,74,100
[37m11:23:07.575 > p[37m2M1,68,100
[37m11:23:07.578 > p[37m3M2,12,100
[37m11:23:07.580 > p[37m4M1,89,100
[37m11:23:07.834 > p[37m1M2,7,100
[37m11:23:07.836 > p[37m2M1,96,100
[37m11:23:07.839 > p[37m3M2,39,100
[37m11:23:07.841 > p[37m4M2,21,100
[37m11:23:08.095 > p[37m1M2,29,100
[37m11:23:08.097 > p[37m2M2,30,100
[37m11:23:08.100 > p[37m3M2,71,100
[37m11:23:08.102 > p[37m4M2,47,100
[37m11:23:08.355 > p[37m1M2,44,100
[37m11:23:08.357 > p[37m2M2,62,100
[37m11:23:08.360 > p[37m3M3,99,100
[37m11:23:08.362 > p[37m4M2,81,100
[37m11:23:08.615 > p[37m1M2,72,100
[37m11:23:08.618 > p[37m2M2,93,100
[37m11:23:08.621 > p[37m3M3,25,100
[37m11:23:08.622 > p[37m4M3,23,100
[37m11:23:08.877 > p[37m1M3,13,100
[37m11:23:08.879 > p[37m2M3,27,100
[37m11:23:08.881 > p[37m3M3,44,100
[37m11:23:08.884 > p[37m4M3,56,100
[37m11:23:09.138 > p[37m1M3,61,100
[37m11:23:09.141 > p[37m2M3,51,100
[37m11:23:09.144 > p[37m3M3,63,100
[37m11:23:09.146 > p[37m4M4,0,100
[37m11:23:09.399 > p[37m1M3,96,100
[37m11:23:09.401 > p[37m2M3,93,100
[37m11:23:09.405 > p[37m3M3,95,100
[37m11:23:09.406 > p[37m4M4,46,100
[37m11:23:09.661 > p[37m1M4,25,100
[37m11:23:09.663 > p[37m2M4,24,100
[37m11:23:09.666 > p[37m3M4,38,100
[37m11:23:09.668 > p[37m4M4,66,100
[37m11:23:09.922 > p[37m1M4,55,100
[37m11:23:09.925 > p[37m2M4,49,100
[37m11:23:09.926 > p[37m3M4,87,100
[37m11:23:09.929 > p[37m4M4,95,100
[37m11:23:10.183 > p[37m1M4,87,100
[37m11:23:10.186 > p[37m2M4,80,100
[37m11:23:10.188 > p[37m3M5,22,100
[37m11:23:10.190 > p[37m4M5,28,100
[37m11:23:10.445 > p[37m1M5,24,100
[37m11:23:10.447 > p[37m2M5,10,100
[37m11:23:10.449 > p[37m3M5,48,100
[37m11:23:10.452 > p[37m4M5,48,100
[37m11:23:10.706 > p[37m1M5,50,100
[37m11:23:10.708 > p[37m2M5,27,100
[37m11:23:10.711 > p[37m3M5,89,100
[37m11:23:10.713 > p[37m4M5,69,100
[37m11:23:10.807 > w[37m3
11:23:10.807 > R8
11:23:10.807 > l11,1253
11:23:10.807 > l12,1027
11:23:10.807 > l13,634
[37m11:23:10.809 > l[37m14,815
11:23:10.810 > l15,0
11:23:10.810 > l21,1339
11:23:10.810 > l22,801
11:23:10.810 > l[37m2[37m3,780
11:23:10.812 > l24,883
11:23:10.812 > l25,0
11:23:10.812 > l31,963
11:23:10.812 > l32[37m,[37m867
11:23:10.815 > l33,1082
11:23:10.815 > l34,568
11:23:10.815 > l35,802
11:23:10.815 > l4[37m1[37m,1124
11:23:10.818 > l42,797
11:23:10.818 > l43,686
11:23:10.818 > l44,828
11:23:10.818 > l[37m4[37m5,0
[37m11:23:17.890 > R[37m4
[37m11:23:23.937 > R[37m5
[37m11:23:23.940 > p[37m1M1,0,100
[37m11:23:23.942 > p2M1,0,100
[37m11:23:23.944 > p[37m3M1,0,100
[37m11:23:23.947 > p[37m4M1,0,100
[37m11:23:24.202 > p[37m1M1,20,100
[37m11:23:24.203 > p[37m2M1,11,100
[37m11:23:24.207 > p[37m3M1,24,100
[37m11:23:24.208 > p[37m4M1,15,100
[37m11:23:24.462 > p[37m1M1,50,100
[37m11:23:24.465 > p[37m2M1,37,100
[37m11:23:24.467 > p[37m3M1,48,100
[37m11:23:24.469 > p[37m4M1,44,100
[37m11:23:24.723 > p[37m1M1,71,100
[37m11:23:24.726 > p[37m2M1,70,100
[37m11:23:24.728 > p[37m3M1,75,100
[37m11:23:24.730 > p[37m4M1,66,100
[37m11:23:24.984 > p[37m1M1,96,100
[37m11:23:24.985 > p[37m2M2,5,100
[37m11:23:24.988 > p[37m3M2,19,100
[37m11:23:24.991 > p[37m4M1,98,100
[37m11:23:25.244 > p[37m1M2,33,100
[37m11:23:25.246 > p[37m2M2,32,100
[37m11:23:25.249 > p[37m3M2,54,100
[37m11:23:25.251 > p[37m4M2,32,100
[37m11:23:25.504 > p[37m1M2,63,100
[37m11:23:25.506 > p[37m2M2,59,100
[37m11:23:25.509 > p[37m3M2,80,100
[37m11:23:25.511 > p[37m4M2,67,100
[37m11:23:25.765 > p[37m1M2,89,100
[37m11:23:25.767 > p[37m2M3,2,100
[37m11:23:25.769 > p[37m3M3,1,100
[37m11:23:25.771 > p[37m4M3,7,100
[37m11:23:26.024 > p[37m1M3,7,100
[37m11:23:26.027 > p[37m2M3,35,100
[37m11:23:26.029 > p[37m3M3,22,100
[37m11:23:26.032 > p[37m4M3,43,100
[37m11:23:26.286 > p[37m1M3,34,100
[37m11:23:26.288 > p[37m2M3,71,100
[37m11:23:26.290 > p[37m3M3,47,100
[37m11:23:26.292 > p[37m4M3,76,100
[37m11:23:26.547 > p[37m1M3,54,100
[37m11:23:26.549 > p[37m2M4,99,100
[37m11:23:26.551 > p[37m3M3,80,100
[37m11:23:26.554 > p[37m4M4,14,100
[37m11:23:26.808 > p[37m1M3,83,100
[37m11:23:26.810 > p[37m2M4,33,100
[37m11:23:26.813 > p[37m3M4,23,100
[37m11:23:26.815 > p[37m4M4,48,100
[37m11:23:27.070 > p[37m1M4,10,100
[37m11:23:27.072 > p[37m2M4,52,100
[37m11:23:27.074 > p[37m3M4,54,100
[37m11:23:27.077 > p[37m4M4,74,100
[37m11:23:27.331 > p[37m1M4,40,100
[37m11:23:27.334 > p[37m2M4,80,100
[37m11:23:27.336 > p[37m3M4,76,100
[37m11:23:27.338 > p[37m4M4,98,100
[37m11:23:27.592 > p[37m1M4,58,100
[37m11:23:27.595 > p[37m2M5,9,100
[37m11:23:27.597 > p[37m3M5,10,100
[37m11:23:27.599 > p[37m4M5,18,100
[37m11:23:27.854 > p[37m1M4,71,100
[37m11:23:27.856 > p2M5,48,100
[37m11:23:27.858 > p[37m3M5,35,100
[37m11:23:27.860 > p[37m4M5,50,100
[37m11:23:28.114 > p[37m1M4,93,100
[37m11:23:28.116 > p[37m2M5,74,100
[37m11:23:28.119 > p[37m3M5,53,100
[37m11:23:28.121 > p[37m4M5,92,100
[37m11:23:28.167 > w[37m4
11:23:28.167 > R8
11:23:28.167 > l11,1076
11:23:28.167 > l12,887
11:23:28.167 > l13,1104
[37m11:23:28.170 > l[37m14,0
11:23:28.171 > l15,0
11:23:28.171 > l21,998
11:23:28.171 > l22,802
11:23:28.171 > l23,[37m8[37m07
11:23:28.173 > l24,962
11:23:28.173 > l25,0
11:23:28.173 > l31,928
11:23:28.173 > l32,88[37m1[37m
11:23:28.176 > l33,930
11:23:28.176 > l34,843
11:23:28.176 > l35,0
11:23:28.176 > l41,1057[37m
[37m11:23:28.179 > l42,721
11:23:28.179 > l43,729
11:23:28.179 > l44,913
11:23:28.179 > l45,809[37m
[37m11:23:35.250 > R[37m4
[37m11:23:41.297 > R[37m5
[37m11:23:41.299 > p[37m1M1,0,100
[37m11:23:41.302 > p[37m2M1,0,100
[37m11:23:41.304 > p[37m3M1,0,100
[37m11:23:41.306 > p[37m4M1,0,100
[37m11:23:41.561 > p[37m1M1,8,100
[37m11:23:41.564 > p[37m2M1,16,100
[37m11:23:41.566 > p[37m3M1,15,100
[37m11:23:41.568 > p[37m4M1,20,100
[37m11:23:41.821 > p[37m1M1,39,100
[37m11:23:41.824 > p[37m2M1,27,100
[37m11:23:41.826 > p[37m3M1,30,100
[37m11:23:41.828 > p[37m4M1,61,100
[37m11:23:42.082 > p[37m1M1,79,100
[37m11:23:42.085 > p[37m2M1,78,100
[37m11:23:42.087 > p[37m3M1,57,100
[37m11:23:42.090 > p[37m4M1,79,100
[37m11:23:42.342 > p[37m1M2,20,100
[37m11:23:42.344 > p[37m2M2,17,100
[37m11:23:42.347 > p[37m3M2,0,100
[37m11:23:42.349 > p[37m4M1,98,100
[37m11:23:42.603 > p[37m1M2,65,100
[37m11:23:42.605 > p[37m2M2,41,100
[37m11:23:42.607 > p[37m3M2,30,100
[37m11:23:42.610 > p[37m4M2,25,100
[37m11:23:42.864 > p[37m1M3,4,100
[37m11:23:42.866 > p2M2,75,100
[37m11:23:42.868 > p[37m3M2,50,100
[37m11:23:42.871 > p[37m4M2,67,100
[37m11:23:43.125 > p[37m1M3,41,100
[37m11:23:43.126 > p[37m2M3,8,100
[37m11:23:43.129 > p[37m3M2,80,100
[37m11:23:43.132 > p[37m4M3,14,100
[37m11:23:43.385 > p[37m1M3,75,100
[37m11:23:43.388 > p[37m2M3,47,100
[37m11:23:43.390 > p[37m3M3,4,100
[37m11:23:43.392 > p[37m4M3,60,100
[37m11:23:43.646 > p[37m1M4,6,100
[37m11:23:43.649 > p[37m2M3,82,100
[37m11:23:43.650 > p[37m3M3,24,100
[37m11:23:43.652 > p[37m4M4,0,100
[37m11:23:43.906 > p[37m1M4,42,100
[37m11:23:43.908 > p[37m2M4,15,100
[37m11:23:43.911 > p[37m3M3,58,100
[37m11:23:43.913 > p[37m4M4,40,100
[37m11:23:44.168 > p[37m1M4,66,100
[37m11:23:44.170 > p[37m2M4,41,100
[37m11:23:44.172 > p[37m3M3,93,100
[37m11:23:44.174 > p[37m4M4,62,100
[37m11:23:44.430 > p[37m1M4,88,100
[37m11:23:44.432 > p[37m2M4,87,100
[37m11:23:44.434 > p[37m3M4,26,100
[37m11:23:44.437 > p[37m4M4,87,100
[37m11:23:44.691 > p[37m1M5,29,100
[37m11:23:44.693 > p[37m2M5,31,100
[37m11:23:44.695 > p[37m3M4,48,100
[37m11:23:44.698 > p[37m4M5,30,100
[37m11:23:44.951 > p[37m1M5,73,100
[37m11:23:44.953 > p[37m2M5,70,100
[37m11:23:44.956 > p[37m3M4,67,100
[37m11:23:44.958 > p[37m4M5,58,100
[37m11:23:45.160 > w[37m1
11:23:45.161 > R8
11:23:45.161 > l11,939
11:23:45.161 > l12,595
11:23:45.161 > l13,764
11:23:45.161 > l1[37m4[37m,924
11:23:45.163 > l15,640
11:23:45.163 > l21,917
11:23:45.163 > l22,843
11:23:45.163 > l2[37m3[37m,716
11:23:45.166 > l24,744
11:23:45.166 > l25,0
11:23:45.166 > l31,1032
11:23:45.166 > l32[37m,[37m969
11:23:45.169 > l33,922
11:23:45.169 > l34,0
11:23:45.169 > l35,0
11:23:45.169 > l41,106[37m2[37m
11:23:45.171 > l42,688
11:23:45.171 > l43,589
11:23:45.171 > l44,864
11:23:45.171 > l45,0
[37m11:23:52.244 > R[37m4
[37m11:23:58.292 > R[37m5
[37m11:23:58.294 > p[37m1M1,0,100
[37m11:23:58.297 > p[37m2M1,0,100
[37m11:23:58.299 > p[37m3M1,0,100
[37m11:23:58.301 > p[37m4M1,0,100
[37m11:23:58.555 > p[37m1M1,21,100
[37m11:23:58.558 > p[37m2M1,19,100
[37m11:23:58.560 > p[37m3M1,16,100
[37m11:23:58.562 > p[37m4M1,7,100
[37m11:23:58.816 > p[37m1M1,59,100
[37m11:23:58.818 > p[37m2M1,49,100
[37m11:23:58.821 > p[37m3M1,34,100
[37m11:23:58.824 > p[37m4M1,16,100
[37m11:23:59.077 > p[37m1M1,98,100
[37m11:23:59.079 > p[37m2M1,85,100
[37m11:23:59.081 > p[37m3M1,51,100
[37m11:23:59.084 > p[37m4M1,42,100
[37m11:23:59.337 > p[37m1M2,18,100
[37m11:23:59.340 > p[37m2M2,23,100
[37m11:23:59.342 > p[37m3M1,72,100
[37m11:23:59.345 > p[37m4M1,82,100
[37m11:23:59.599 > p[37m1M2,46,100
[37m11:23:59.601 > p[37m2M2,57,100
[37m11:23:59.603 > p[37m3M2,10,100
[37m11:23:59.605 > p[37m4M2,26,100
[37m11:23:59.860 > p[37m1M2,76,100
[37m11:23:59.862 > p[37m2M2,86,100
[37m11:23:59.864 > p[37m3M2,57,100
[37m11:23:59.866 > p[37m4M2,57,100
[37m11:24:00.120 > p[37m1M3,10,100
[37m11:24:00.122 > p[37m2M3,8,100
[37m11:24:00.125 > p[37m3M2,94,100
[37m11:24:00.126 > p[37m4M2,87,100
[37m11:24:00.380 > p[37m1M3,38,100
[37m11:24:00.383 > p[37m2M3,37,100
[37m11:24:00.385 > p[37m3M3,29,100
[37m11:24:00.387 > p[37m4M3,11,100
[37m11:24:00.641 > p[37m1M3,73,100
[37m11:24:00.642 > p[37m2M3,61,100
[37m11:24:00.645 > p[37m3M3,66,100
[37m11:24:00.647 > p[37m4M3,48,100
[37m11:24:00.902 > p[37m1M4,9,100
[37m11:24:00.905 > p[37m2M3,85,100
[37m11:24:00.907 > p[37m3M3,94,100
[37m11:24:00.910 > p4M3,64,100
[37m11:24:01.164 > p[37m1M4,52,100
[37m11:24:01.166 > p[37m2M4,33,100
[37m11:24:01.168 > p[37m3M4,17,100
[37m11:24:01.171 > p[37m4M3,88,100
[37m11:24:01.425 > p[37m1M4,96,100
[37m11:24:01.428 > p[37m2M4,77,100
[37m11:24:01.430 > p[37m3M4,39,100
[37m11:24:01.433 > p[37m4M4,17,100
[37m11:24:01.686 > p[37m1M5,29,100
[37m11:24:01.689 > p[37m2M5,16,100
[37m11:24:01.691 > p[37m3M4,64,100
[37m11:24:01.693 > p[37m4M4,33,100
[37m11:24:01.946 > p[37m1M5,55,100
[37m11:24:01.949 > p[37m2M5,57,100
[37m11:24:01.951 > p[37m3M4,92,100
[37m11:24:01.953 > p[37m4M4,47,100
[37m11:24:02.206 > p[37m1M5,91,100
[37m11:24:02.208 > p[37m2M5,88,100
[37m11:24:02.211 > p[37m3M5,12,100
[37m11:24:02.213 > p[37m4M4,76,100
[37m11:24:02.291 > w[37m1
11:24:02.291 > R8
11:24:02.291 > l11,796
11:24:02.291 > l12,958
11:24:02.291 > l13,770
11:24:02.291 > l1[37m4[37m,632
11:24:02.294 > l15,841
11:24:02.294 > l21,911
11:24:02.294 > l22,781
11:24:02.294 > l2[37m3[37m,1031
11:24:02.297 > l24,554
11:24:02.297 > l25,0
11:24:02.297 > l31,1238
11:24:02.297 > l3[37m2[37m,632
11:24:02.299 > l33,787
11:24:02.299 > l34,1097
11:24:02.299 > l35,0
11:24:02.299 > l41[37m,[37m1152
11:24:02.302 > l42,796
11:24:02.302 > l43,1016
11:24:02.302 > l44,0
11:24:02.302 > l45[37m,[37m0
[37m11:24:09.374 > R[37m4
[37m11:24:15.420 > R[37m5
[37m11:24:15.424 > p[37m1M1,0,100
[37m11:24:15.425 > p[37m2M1,0,100
[37m11:24:15.428 > p[37m3M1,0,100
[37m11:24:15.430 > p[37m4M1,0,100
[37m11:24:15.685 > p[37m1M1,20,100
[37m11:24:15.687 > p[37m2M1,11,100
[37m11:24:15.689 > p[37m3M1,24,100
[37m11:24:15.692 > p[37m4M1,15,100
[37m11:24:15.945 > p[37m1M1,50,100
[37m11:24:15.948 > p[37m2M1,37,100
[37m11:24:15.950 > p[37m3M1,48,100
[37m11:24:15.953 > p[37m4M1,44,100
[37m11:24:16.207 > p[37m1M1,71,100
[37m11:24:16.209 > p2M1,70,100
[37m11:24:16.211 > p[37m3M1,75,100
[37m11:24:16.213 > p[37m4M1,66,100
[37m11:24:16.468 > p[37m1M1,96,100
[37m11:24:16.471 > p[37m2M2,5,100
[37m11:24:16.474 > p[37m3M2,20,100
[37m11:24:16.476 > p4M2,99,100
[37m11:24:16.728 > p[37m1M2,34,100
[37m11:24:16.731 > p[37m2M2,32,100
[37m11:24:16.733 > p[37m3M2,54,100
[37m11:24:16.736 > p[37m4M2,32,100
[37m11:24:16.990 > p[37m1M2,63,100
[37m11:24:16.992 > p[37m2M2,60,100
[37m11:24:16.995 > p[37m3M2,80,100
[37m11:24:16.997 > p[37m4M2,67,100
[37m11:24:17.250 > p[37m1M2,89,100
[37m11:24:17.252 > p[37m2M3,3,100
[37m11:24:17.255 > p[37m3M3,1,100
[37m11:24:17.258 > p[37m4M3,7,100
[37m11:24:17.510 > p[37m1M3,7,100
[37m11:24:17.512 > p[37m2M3,36,100
[37m11:24:17.515 > p[37m3M3,22,100
[37m11:24:17.518 > p[37m4M3,43,100
[37m11:24:17.771 > p[37m1M3,34,100
[37m11:24:17.773 > p[37m2M3,71,100
[37m11:24:17.775 > p[37m3M3,47,100
[37m11:24:17.778 > p[37m4M3,76,100
[37m11:24:18.033 > p[37m1M3,54,100
[37m11:24:18.035 > p[37m2M4,0,100
[37m11:24:18.037 > p[37m3M3,80,100
[37m11:24:18.040 > p[37m4M4,14,100
[37m11:24:18.293 > p[37m1M3,84,100
[37m11:24:18.295 > p[37m2M4,33,100
[37m11:24:18.297 > p[37m3M4,23,100
[37m11:24:18.300 > p[37m4M4,48,100
[37m11:24:18.555 > p[37m1M4,10,100
[37m11:24:18.557 > p[37m2M4,52,100
[37m11:24:18.560 > p[37m3M4,54,100
[37m11:24:18.562 > p[37m4M4,75,100
[37m11:24:18.816 > p[37m1M4,40,100
[37m11:24:18.819 > p[37m2M4,81,100
[37m11:24:18.821 > p[37m3M4,76,100
[37m11:24:18.824 > p[37m4M4,98,100
[37m11:24:19.077 > p[37m1M4,58,100
[37m11:24:19.080 > p[37m2M5,9,100
[37m11:24:19.082 > p[37m3M5,10,100
[37m11:24:19.084 > p[37m4M5,18,100
[37m11:24:19.338 > p[37m1M4,71,100
[37m11:24:19.341 > p2M5,48,100
[37m11:24:19.343 > p[37m3M5,35,100
[37m11:24:19.346 > p[37m4M5,50,100
[37m11:24:19.599 > p[37m1M4,93,100
[37m11:24:19.601 > p[37m2M5,74,100
[37m11:24:19.604 > p[37m3M5,53,100
[37m11:24:19.606 > p[37m4M5,92,100
[37m11:24:19.650 > w[37m4
11:24:19.651 > R8
11:24:19.651 > l11,1075
11:24:19.651 > l12,888
11:24:19.651 > l13,1104
[37m11:24:19.653 > l[37m14,0
11:24:19.653 > l15,0
11:24:19.653 > l21,997
11:24:19.653 > l22,802
11:24:19.653 > l23,[37m8[37m08
11:24:19.656 > l24,962
11:24:19.656 > l25,0
11:24:19.656 > l31,928
11:24:19.656 > l32,88[37m0[37m
11:24:19.659 > l33,930
11:24:19.659 > l34,844
11:24:19.659 > l35,0
11:24:19.659 > l41,1048[37m
[37m11:24:19.662 > l42,730
11:24:19.662 > l43,729
11:24:19.662 > l44,912
11:24:19.662 > l45,810[37m
[37m11:24:26.734 > R[37m4
[37m11:24:32.780 > R[37m5
[37m11:24:32.783 > p[37m1M1,0,100
[37m11:24:32.786 > p[37m2M1,0,100
[37m11:24:32.788 > p[37m3M1,0,100
[37m11:24:32.791 > p[37m4M1,0,100
[37m11:24:33.046 > p[37m1M1,20,100
[37m11:24:33.048 > p[37m2M1,11,100
[37m11:24:33.050 > p[37m3M1,24,100
[37m11:24:33.053 > p[37m4M1,15,100
[37m11:24:33.305 > p[37m1M1,50,100
[37m11:24:33.308 > p[37m2M1,37,100
[37m11:24:33.310 > p[37m3M1,48,100
[37m11:24:33.313 > p[37m4M1,44,100
[37m11:24:33.567 > p[37m1M1,71,100
[37m11:24:33.569 > p[37m2M1,70,100
[37m11:24:33.571 > p[37m3M1,75,100
[37m11:24:33.574 > p[37m4M1,66,100
[37m11:24:33.826 > p[37m1M1,96,100
[37m11:24:33.828 > p[37m2M2,5,100
[37m11:24:33.831 > p[37m3M2,19,100
[37m11:24:33.833 > p[37m4M1,98,100
[37m11:24:34.088 > p[37m1M2,34,100
[37m11:24:34.091 > p[37m2M2,32,100
[37m11:24:34.094 > p[37m3M2,54,100
[37m11:24:34.096 > p[37m4M2,32,100
[37m11:24:34.349 > p[37m1M2,63,100
[37m11:24:34.352 > p[37m2M2,60,100
[37m11:24:34.354 > p[37m3M2,80,100
[37m11:24:34.357 > p[37m4M2,67,100
[37m11:24:34.610 > p[37m1M2,89,100
[37m11:24:34.612 > p[37m2M3,3,100
[37m11:24:34.614 > p[37m3M3,1,100
[37m11:24:34.617 > p[37m4M3,7,100
[37m11:24:34.870 > p[37m1M3,7,100
[37m11:24:34.872 > p[37m2M3,36,100
[37m11:24:34.875 > p3M3,22,100
[37m11:24:34.877 > p[37m4M3,43,100
[37m11:24:35.131 > p[37m1M3,34,100
[37m11:24:35.133 > p[37m2M3,71,100
[37m11:24:35.135 > p[37m3M3,47,100
[37m11:24:35.138 > p[37m4M3,76,100
[37m11:24:35.393 > p[37m1M3,54,100
[37m11:24:35.395 > p[37m2M4,0,100
[37m11:24:35.397 > p[37m3M3,80,100
[37m11:24:35.400 > p[37m4M4,14,100
[37m11:24:35.653 > p[37m1M3,84,100
[37m11:24:35.655 > p[37m2M4,33,100
[37m11:24:35.658 > p[37m3M4,23,100
[37m11:24:35.660 > p[37m4M4,48,100
[37m11:24:35.915 > p[37m1M4,10,100
[37m11:24:35.917 > p[37m2M4,52,100
[37m11:24:35.919 > p[37m3M4,54,100
[37m11:24:35.922 > p[37m4M4,75,100
[37m11:24:36.176 > p[37m1M4,40,100
[37m11:24:36.179 > p[37m2M4,81,100
[37m11:24:36.181 > p[37m3M4,76,100
[37m11:24:36.184 > p[37m4M4,98,100
[37m11:24:36.438 > p[37m1M4,58,100
[37m11:24:36.440 > p[37m2M5,9,100
[37m11:24:36.443 > p[37m3M5,10,100
[37m11:24:36.444 > p[37m4M5,18,100
[37m11:24:36.699 > p[37m1M4,71,100
[37m11:24:36.701 > p[37m2M5,48,100
[37m11:24:36.704 > p[37m3M5,35,100
[37m11:24:36.705 > p[37m4M5,50,100
[37m11:24:36.959 > p[37m1M4,93,100
[37m11:24:36.961 > p[37m2M5,74,100
[37m11:24:36.964 > p[37m3M5,53,100
[37m11:24:36.966 > p[37m4M5,92,100
[37m11:24:37.010 > w[37m4
11:24:37.011 > R8
11:24:37.011 > l11,1074
11:24:37.011 > l12,889
11:24:37.011 > l13,1104
[37m11:24:37.013 > l[37m14,0
11:24:37.013 > l15,0
11:24:37.013 > l21,997
11:24:37.013 > l22,802
11:24:37.013 > l23,[37m8[37m08
11:24:37.016 > l24,962
11:24:37.016 > l25,0
11:24:37.016 > l31,928
11:24:37.016 > l32,88[37m0[37m
11:24:37.018 > l33,930
11:24:37.018 > l34,843
11:24:37.018 > l35,0
11:24:37.018 > l41,1057[37m
[37m11:24:37.021 > l42,721
11:24:37.021 > l43,729
11:24:37.021 > l44,912
11:24:37.021 > l45,810[37m
[37m11:24:44.094 > R[37m4
[37m11:24:50.140 > R[37m5
[37m11:24:50.143 > p[37m1M1,0,100
[37m11:24:50.145 > p[37m2M1,0,100
[37m11:24:50.147 > p[37m3M1,0,100
[37m11:24:50.149 > p[37m4M1,0,100
[37m11:24:50.403 > p[37m1M1,13,100
[37m11:24:50.406 > p[37m2M1,24,100
[37m11:24:50.409 > p[37m3M1,17,100
[37m11:24:50.410 > p[37m4M1,11,100
[37m11:24:50.664 > p[37m1M1,43,100
[37m11:24:50.666 > p[37m2M1,46,100
[37m11:24:50.668 > p[37m3M1,45,100
[37m11:24:50.671 > p[37m4M1,44,100
[37m11:24:50.925 > p[37m1M1,66,100
[37m11:24:50.927 > p[37m2M1,69,100
[37m11:24:50.929 > p[37m3M1,70,100
[37m11:24:50.931 > p[37m4M1,67,100
[37m11:24:51.185 > p[37m1M2,8,100
[37m11:24:51.188 > p[37m2M2,2,100
[37m11:24:51.190 > p[37m3M1,87,100
[37m11:24:51.192 > p[37m4M1,92,100
[37m11:24:51.445 > p[37m1M2,38,100
[37m11:24:51.448 > p[37m2M2,33,100
[37m11:24:51.451 > p[37m3M2,8,100
[37m11:24:51.453 > p[37m4M2,18,100
[37m11:24:51.708 > p[37m1M2,65,100
[37m11:24:51.709 > p[37m2M2,55,100
[37m11:24:51.713 > p[37m3M2,38,100
[37m11:24:51.715 > p[37m4M2,38,100
[37m11:24:51.969 > p[37m1M2,88,100
[37m11:24:51.971 > p[37m2M2,89,100
[37m11:24:51.974 > p[37m3M2,70,100
[37m11:24:51.976 > p[37m4M2,66,100
[37m11:24:52.231 > p[37m1M3,15,100
[37m11:24:52.233 > p[37m2M3,19,100
[37m11:24:52.235 > p[37m3M2,88,100
[37m11:24:52.237 > p[37m4M2,93,100
[37m11:24:52.490 > p[37m1M3,31,100
[37m11:24:52.492 > p[37m2M3,36,100
[37m11:24:52.495 > p[37m3M3,1,100
[37m11:24:52.497 > p[37m4M3,22,100
[37m11:24:52.750 > p[37m1M3,55,100
[37m11:24:52.753 > p[37m2M3,71,100
[37m11:24:52.755 > p[37m3M3,40,100
[37m11:24:52.757 > p[37m4M3,54,100
[37m11:24:53.012 > p[37m1M3,68,100
[37m11:24:53.014 > p[37m2M3,94,100
[37m11:24:53.017 > p[37m3M3,71,100
[37m11:24:53.019 > p[37m4M3,81,100
[37m11:24:53.273 > p[37m1M3,92,100
[37m11:24:53.275 > p[37m2M4,20,100
[37m11:24:53.278 > p[37m3M4,6,100
[37m11:24:53.280 > p[37m4M4,13,100
[37m11:24:53.532 > p[37m1M4,11,100
[37m11:24:53.535 > p[37m2M4,41,100
[37m11:24:53.537 > p[37m3M4,31,100
[37m11:24:53.540 > p[37m4M4,50,100
[37m11:24:53.793 > p[37m1M4,44,100
[37m11:24:53.795 > p[37m2M4,72,100
[37m11:24:53.798 > p[37m3M4,71,100
[37m11:24:53.800 > p[37m4M4,89,100
[37m11:24:54.053 > p[37m1M4,70,100
[37m11:24:54.056 > p[37m2M4,98,100
[37m11:24:54.058 > p[37m3M5,7,100
[37m11:24:54.060 > p[37m4M5,11,100
[37m11:24:54.314 > p[37m1M4,94,100
[37m11:24:54.316 > p[37m2M5,23,100
[37m11:24:54.319 > p[37m3M5,34,100
[37m11:24:54.321 > p[37m4M5,48,100
[37m11:24:54.574 > p[37m1M5,43,100
[37m11:24:54.576 > p[37m2M5,41,100
[37m11:24:54.579 > p[37m3M5,57,100
[37m11:24:54.581 > p[37m4M5,90,100
[37m11:24:54.667 > w[37m4
11:24:54.668 > R8
11:24:54.668 > l11,980
11:24:54.668 > l12,951
11:24:54.668 > l13,1326
11:24:54.668 > l[37m1[37m4,958
11:24:54.670 > l15,0
11:24:54.670 > l21,1008
11:24:54.670 > l22,894
11:24:54.670 > l2[37m3[37m,1034
11:24:54.673 > l24,990
11:24:54.673 > l25,0
11:24:54.673 > l31,1222
11:24:54.673 > l3[37m2[37m,1101
11:24:54.676 > l33,763
11:24:54.676 > l34,768
11:24:54.676 > l35,0
11:24:54.676 > l41[37m,[37m1115
11:24:54.678 > l42,1032
11:24:54.678 > l43,859
11:24:54.678 > l44,753
11:24:54.678 > l[37m45,767
[37m11:25:01.752 > R[37m4
[37m11:25:07.796 > R[37m5
[37m11:25:07.800 > p[37m1M1,0,100
[37m11:25:07.802 > p[37m2M1,0,100
[37m11:25:07.804 > p[37m3M1,0,100
[37m11:25:07.807 > p[37m4M1,0,100
[37m11:25:08.061 > p[37m1M1,13,100
[37m11:25:08.063 > p[37m2M1,24,100
[37m11:25:08.065 > p[37m3M1,17,100
[37m11:25:08.068 > p[37m4M1,11,100
[37m11:25:08.321 > p[37m1M1,43,100
[37m11:25:08.324 > p[37m2M1,46,100
[37m11:25:08.326 > p[37m3M1,45,100
[37m11:25:08.328 > p[37m4M1,44,100
[37m11:25:08.582 > p[37m1M1,66,100
[37m11:25:08.585 > p[37m2M1,69,100
[37m11:25:08.587 > p[37m3M1,70,100
[37m11:25:08.589 > p[37m4M1,67,100
[37m11:25:08.843 > p[37m1M2,8,100
[37m11:25:08.845 > p[37m2M2,2,100
[37m11:25:08.847 > p[37m3M1,87,100
[37m11:25:08.850 > p[37m4M1,92,100
[37m11:25:09.104 > p[37m1M2,38,100
[37m11:25:09.106 > p[37m2M2,33,100
[37m11:25:09.108 > p[37m3M2,8,100
[37m11:25:09.110 > p[37m4M2,18,100
[37m11:25:09.363 > p[37m1M2,65,100
[37m11:25:09.365 > p[37m2M2,55,100
[37m11:25:09.368 > p[37m3M2,38,100
[37m11:25:09.370 > p[37m4M2,37,100
[37m11:25:09.624 > p[37m1M2,88,100
[37m11:25:09.626 > p[37m2M2,89,100
[37m11:25:09.629 > p[37m3M2,70,100
[37m11:25:09.631 > p[37m4M2,65,100
[37m11:25:09.885 > p[37m1M3,15,100
[37m11:25:09.888 > p[37m2M3,19,100
[37m11:25:09.890 > p[37m3M2,88,100
[37m11:25:09.892 > p[37m4M2,93,100
[37m11:25:10.145 > p[37m1M3,31,100
[37m11:25:10.148 > p[37m2M3,36,100
[37m11:25:10.150 > p[37m3M3,1,100
[37m11:25:10.152 > p[37m4M3,22,100
[37m11:25:10.406 > p[37m1M3,54,100
[37m11:25:10.408 > p[37m2M3,71,100
[37m11:25:10.411 > p[37m3M3,39,100
[37m11:25:10.413 > p[37m4M3,54,100
[37m11:25:10.667 > p[37m1M3,68,100
[37m11:25:10.669 > p[37m2M3,94,100
[37m11:25:10.672 > p[37m3M3,71,100
[37m11:25:10.674 > p[37m4M3,80,100
[37m11:25:10.928 > p[37m1M3,92,100
[37m11:25:10.930 > p[37m2M4,19,100
[37m11:25:10.932 > p[37m3M4,5,100
[37m11:25:10.935 > p[37m4M4,13,100
[37m11:25:11.188 > p[37m1M4,11,100
[37m11:25:11.190 > p[37m2M4,41,100
[37m11:25:11.192 > p[37m3M4,31,100
[37m11:25:11.195 > p[37m4M4,50,100
[37m11:25:11.448 > p[37m1M4,44,100
[37m11:25:11.450 > p[37m2M4,72,100
[37m11:25:11.453 > p[37m3M4,71,100
[37m11:25:11.455 > p[37m4M4,88,100
[37m11:25:11.709 > p[37m1M4,70,100
[37m11:25:11.712 > p[37m2M4,98,100
[37m11:25:11.713 > p[37m3M5,6,100
[37m11:25:11.715 > p[37m4M5,11,100
[37m11:25:11.969 > p[37m1M4,94,100
[37m11:25:11.971 > p[37m2M5,23,100
[37m11:25:11.973 > p[37m3M5,33,100
[37m11:25:11.976 > p[37m4M5,48,100
[37m11:25:12.232 > p[37m1M5,43,100
[37m11:25:12.234 > p[37m2M5,41,100
[37m11:25:12.236 > p[37m3M5,57,100
[37m11:25:12.238 > p[37m4M5,90,100
[37m11:25:12.325 > w[37m4
11:25:12.325 > R8
11:25:12.325 > l11,980
11:25:12.325 > l12,951
11:25:12.325 > l13,1326
11:25:12.325 > l[37m1[37m4,957
11:25:12.327 > l15,0
11:25:12.327 > l21,1008
11:25:12.327 > l22,894
11:25:12.327 > l2[37m3[37m,1033
11:25:12.329 > l24,991
11:25:12.329 > l25,0
11:25:12.329 > l31,1222
11:25:12.329 > l3[37m2[37m,1101
11:25:12.333 > l33,763
11:25:12.333 > l34,768
11:25:12.333 > l35,0
11:25:12.333 > l41[37m,[37m1115
11:25:12.336 > l42,1032
11:25:12.336 > l43,859
11:25:12.336 > l44,753
11:25:12.336 > l[37m4[37m5,767
[37m11:25:19.408 > R[37m4
[37m11:25:25.455 > R[37m5
[37m11:25:25.457 > p[37m1M1,0,100
[37m11:25:25.460 > p[37m2M1,0,100
[37m11:25:25.462 > p[37m3M1,0,100
[37m11:25:25.464 > p[37m4M1,0,100
[37m11:25:25.719 > p[37m1M1,20,100
[37m11:25:25.722 > p[37m2M1,11,100
[37m11:25:25.724 > p[37m3M1,24,100
[37m11:25:25.727 > p[37m4M1,15,100
[37m11:25:25.979 > p[37m1M1,50,100
[37m11:25:25.982 > p[37m2M1,37,100
[37m11:25:25.985 > p[37m3M1,48,100
[37m11:25:25.987 > p[37m4M1,44,100
[37m11:25:26.241 > p[37m1M1,71,100
[37m11:25:26.243 > p[37m2M1,70,100
[37m11:25:26.246 > p[37m3M1,75,100
[37m11:25:26.248 > p[37m4M1,66,100
[37m11:25:26.501 > p[37m1M1,96,100
[37m11:25:26.503 > p[37m2M2,5,100
[37m11:25:26.505 > p[37m3M2,19,100
[37m11:25:26.508 > p[37m4M1,98,100
[37m11:25:26.761 > p[37m1M2,33,100
[37m11:25:26.764 > p[37m2M2,32,100
[37m11:25:26.766 > p[37m3M2,54,100
[37m11:25:26.768 > p[37m4M2,32,100
[37m11:25:27.021 > p[37m1M2,63,100
[37m11:25:27.023 > p[37m2M2,59,100
[37m11:25:27.026 > p[37m3M2,80,100
[37m11:25:27.028 > p[37m4M2,67,100
[37m11:25:27.282 > p[37m1M2,89,100
[37m11:25:27.284 > p[37m2M3,2,100
[37m11:25:27.286 > p[37m3M3,1,100
[37m11:25:27.289 > p[37m4M3,7,100
[37m11:25:27.542 > p[37m1M3,7,100
[37m11:25:27.544 > p[37m2M3,35,100
[37m11:25:27.547 > p[37m3M3,22,100
[37m11:25:27.549 > p[37m4M3,43,100
[37m11:25:27.805 > p[37m1M3,34,100
[37m11:25:27.807 > p[37m2M3,71,100
[37m11:25:27.810 > p[37m3M3,47,100
[37m11:25:27.812 > p[37m4M3,76,100
[37m11:25:28.066 > p[37m1M3,54,100
[37m11:25:28.069 > p[37m2M4,0,100
[37m11:25:28.071 > p[37m3M3,80,100
[37m11:25:28.074 > p[37m4M4,14,100
[37m11:25:28.327 > p[37m1M3,84,100
[37m11:25:28.329 > p[37m2M4,33,100
[37m11:25:28.332 > p[37m3M4,23,100
[37m11:25:28.334 > p[37m4M4,48,100
[37m11:25:28.589 > p[37m1M4,10,100
[37m11:25:28.591 > p[37m2M4,52,100
[37m11:25:28.594 > p[37m3M4,54,100
[37m11:25:28.596 > p[37m4M4,75,100
[37m11:25:28.850 > p[37m1M4,40,100
[37m11:25:28.852 > p[37m2M4,81,100
[37m11:25:28.855 > p[37m3M4,76,100
[37m11:25:28.857 > p[37m4M4,98,100
[37m11:25:29.112 > p[37m1M4,58,100
[37m11:25:29.114 > p[37m2M5,9,100
[37m11:25:29.117 > p[37m3M5,10,100
[37m11:25:29.119 > p[37m4M5,18,100
[37m11:25:29.373 > p[37m1M4,71,100
[37m11:25:29.375 > p[37m2M5,48,100
[37m11:25:29.377 > p[37m3M5,35,100
[37m11:25:29.380 > p[37m4M5,50,100
[37m11:25:29.633 > p[37m1M4,93,100
[37m11:25:29.636 > p[37m2M5,74,100
[37m11:25:29.638 > p[37m3M5,53,100
[37m11:25:29.640 > p[37m4M5,92,100
[37m11:25:29.684 > w[37m4
11:25:29.684 > R8
11:25:29.684 > l11,1076
11:25:29.684 > l12,887
11:25:29.684 > l13,1104
[37m11:25:29.687 > l[37m14,0
11:25:29.687 > l15,0
11:25:29.687 > l21,998
11:25:29.687 > l22,802
11:25:29.687 > l23,[37m8[37m08
11:25:29.690 > l24,961
11:25:29.690 > l25,0
11:25:29.690 > l31,928
11:25:29.690 > l32,88[37m1[37m
11:25:29.693 > l33,930
11:25:29.693 > l34,842
11:25:29.693 > l35,0
11:25:29.693 > l41,1057[37m
[37m11:25:29.696 > l42,721
11:25:29.696 > l43,729
11:25:29.696 > l44,913
11:25:29.696 > l45,810[37m
[37m11:25:36.767 > R[37m4
[37m11:25:42.814 > R[37m5
[37m11:25:42.817 > p[37m1M1,0,100
[37m11:25:42.819 > p[37m2M1,0,100
[37m11:25:42.822 > p[37m3M1,0,100
[37m11:25:42.824 > p[37m4M1,0,100
[37m11:25:43.079 > p[37m1M1,17,100
[37m11:25:43.081 > p[37m2M1,20,100
[37m11:25:43.083 > p[37m3M1,15,100
[37m11:25:43.085 > p[37m4M1,10,100
[37m11:25:43.339 > p[37m1M1,38,100
[37m11:25:43.341 > p[37m2M1,44,100
[37m11:25:43.344 > p[37m3M1,32,100
[37m11:25:43.346 > p[37m4M1,56,100
[37m11:25:43.600 > p[37m1M1,76,100
[37m11:25:43.602 > p[37m2M1,81,100
[37m11:25:43.605 > p[37m3M1,61,100
[37m11:25:43.607 > p[37m4M1,94,100
[37m11:25:43.861 > p[37m1M2,8,100
[37m11:25:43.863 > p[37m2M2,20,100
[37m11:25:43.865 > p[37m3M1,76,100
[37m11:25:43.868 > p[37m4M2,31,100
[37m11:25:44.122 > p[37m1M2,27,100
[37m11:25:44.123 > p[37m2M2,53,100
[37m11:25:44.126 > p[37m3M2,99,100
[37m11:25:44.128 > p[37m4M2,64,100
[37m11:25:44.381 > p[37m1M2,51,100
[37m11:25:44.384 > p[37m2M2,92,100
[37m11:25:44.386 > p[37m3M2,17,100
[37m11:25:44.388 > p[37m4M2,89,100
[37m11:25:44.641 > p[37m1M2,74,100
[37m11:25:44.643 > p[37m2M3,14,100
[37m11:25:44.645 > p[37m3M2,32,100
[37m11:25:44.648 > p[37m4M3,27,100
[37m11:25:44.902 > p[37m1M3,20,100
[37m11:25:44.904 > p[37m2M3,34,100
[37m11:25:44.907 > p[37m3M2,43,100
[37m11:25:44.909 > p[37m4M3,57,100
[37m11:25:45.161 > p[37m1M3,43,100
[37m11:25:45.164 > p[37m2M3,53,100
[37m11:25:45.166 > p[37m3M2,60,100
[37m11:25:45.168 > p[37m4M3,87,100
[37m11:25:45.423 > p[37m1M3,58,100
[37m11:25:45.426 > p[37m2M3,88,100
[37m11:25:45.428 > p[37m3M2,83,100
[37m11:25:45.430 > p[37m4M4,7,100
[37m11:25:45.686 > p[37m1M3,91,100
[37m11:25:45.688 > p[37m2M4,18,100
[37m11:25:45.690 > p[37m3M3,2,100
[37m11:25:45.692 > p[37m4M4,31,100
[37m11:25:45.947 > p[37m1M4,20,100
[37m11:25:45.949 > p[37m2M4,43,100
[37m11:25:45.952 > p[37m3M3,34,100
[37m11:25:45.954 > p[37m4M4,63,100
[37m11:25:46.209 > p[37m1M4,33,100
[37m11:25:46.211 > p[37m2M4,69,100
[37m11:25:46.214 > p[37m3M3,61,100
[37m11:25:46.216 > p[37m4M4,92,100
[37m11:25:46.470 > p[37m1M4,47,100
[37m11:25:46.472 > p[37m2M5,1,100
[37m11:25:46.474 > p[37m3M3,80,100
[37m11:25:46.477 > p[37m4M5,12,100
[37m11:25:46.729 > p[37m1M4,71,100
[37m11:25:46.731 > p[37m2M5,40,100
[37m11:25:46.734 > p[37m3M4,2,100
[37m11:25:46.736 > p[37m4M5,35,100
[37m11:25:46.989 > p[37m1M4,81,100
[37m11:25:46.991 > p[37m2M5,76,100
[37m11:25:46.994 > p[37m3M4,38,100
[37m11:25:46.996 > p[37m4M5,50,100
[37m11:25:47.218 > w[37m2
11:25:47.219 > R8
11:25:47.219 > l11,969
11:25:47.219 > l12,997
11:25:47.219 > l13,977
11:25:47.219 > l1[37m4[37m,0
11:25:47.222 > l15,0
11:25:47.222 > l21,885
11:25:47.222 > l22,737
11:25:47.222 > l23,11[37m1[37m8
11:25:47.224 > l24,899
11:25:47.224 > l25,763
11:25:47.224 > l31,1304
11:25:47.224 > l32,[37m1[37m504
11:25:47.227 > l33,1070
11:25:47.227 > l34,0
11:25:47.227 > l35,0
11:25:47.227 > l41,83[37m1[37m
11:25:47.229 > l42,823
11:25:47.229 > l43,880
11:25:47.229 > l44,953
11:25:47.229 > l45,0
