[37m11:26:11.611 > R[37m4
[37m11:26:17.658 > R[37m5
[37m11:26:17.662 > p[37m1M1,0,100
11:26:17.662 > p2M1,0,100
11:26:17.662 > p3M1,0,100[37m
[37m11:26:17.665 > p4M1,0,100
[37m11:26:17.920 > p[37m1M1,11,100
11:26:17.922 > p2M1,23,100
11:26:17.922 > p3M1,14,[37m1[37m00
11:26:17.924 > p4M1,20,100
[37m11:26:18.176 > p[37m1M1,37,100
11:26:18.177 > p2M1,58,100
11:26:18.177 > p3M1,39,[37m1[37m00
11:26:18.179 > p4M1,48,100
[37m11:26:18.433 > p[37m1M1,60,100
11:26:18.434 > p2M1,83,100
11:26:18.434 > p3M1,55,[37m1[37m00
11:26:18.436 > p4M1,74,100
[37m11:26:18.690 > p[37m1M1,91,100
11:26:18.691 > p2M2,4,100
11:26:18.691 > p3M1,87,1[37m0[37m0
11:26:18.694 > p4M2,13,100
[37m11:26:18.948 > p[37m1M2,20,100
11:26:18.948 > p2M2,30,100
11:26:18.948 > p3M2,23,[37m1[37m00
11:26:18.951 > p4M2,39,100
[37m11:26:19.206 > p[37m1M2,55,100
11:26:19.206 > p2M2,64,100
11:26:19.206 > p3M2,61,[37m1[37m00
11:26:19.209 > p4M2,71,100
[37m11:26:19.463 > p[37m1M2,97,100
11:26:19.464 > p2M2,94,100
11:26:19.464 > p3M2,95,[37m1[37m00
11:26:19.466 > p4M3,7,100
[37m11:26:19.719 > p[37m1M3,29,100
11:26:19.719 > p2M3,22,100
11:26:19.719 > p3M3,22,[37m1[37m00
11:26:19.722 > p4M3,35,100
[37m11:26:19.975 > p[37m1M3,80,100
11:26:19.975 > p2M3,57,100
11:26:19.975 > p3M3,49,[37m1[37m00
11:26:19.978 > p4M3,55,100
[37m11:26:20.233 > p[37m1M4,28,100
11:26:20.233 > p2M3,92,100
11:26:20.233 > p3M3,74,[37m1[37m00
11:26:20.235 > p4M3,74,100
[37m11:26:20.490 > p[37m1M4,58,100
11:26:20.491 > p2M4,36,100
11:26:20.491 > p3M4,14,[37m1[37m00
11:26:20.493 > p4M4,4,100
[37m11:26:20.748 > p[37m1M4,79,100
11:26:20.748 > p2M4,59,100
11:26:20.748 > p3M4,56,[37m1[37m00
11:26:20.751 > p4M4,30,100
[37m11:26:21.006 > p[37m1M5,2,100
11:26:21.006 > p2M4,82,100
11:26:21.006 > p3M4,93,1[37m0[37m0
11:26:21.009 > p4M4,52,100
[37m11:26:21.261 > p[37m1M5,26,100
11:26:21.262 > p2M5,0,100
11:26:21.262 > p3M5,36,1[37m0[37m0
11:26:21.264 > p4M4,86,100
[37m11:26:21.520 > p[37m1M5,59,100
11:26:21.520 > p2M5,17,100
11:26:21.520 > p3M5,71,[37m1[37m00
11:26:21.523 > p4M5,23,100
[37m11:26:21.778 > p[37m1M5,93,100
11:26:21.778 > p2M5,50,100
11:26:21.778 > p3M5,97,[37m1[37m00
11:26:21.781 > p4M5,47,100
[37m11:26:21.792 > w[37m3
11:26:21.792 > R8
11:26:21.792 > l11,1103
11:26:21.792 > l12,717
11:26:21.792 > l13,582
11:26:21.792 > l[37m1[37m4,904
11:26:21.797 > l15,0
11:26:21.797 > l21,972
11:26:21.797 > l22,879
11:26:21.797 > l23[37m,[37m758
11:26:21.802 > l24,977
11:26:21.802 > l25,0
11:26:21.802 > l31,1105
11:26:21.802 > l32,[37m7[37m42
11:26:21.807 > l33,870
11:26:21.807 > l34,673
11:26:21.807 > l35,740
11:26:21.807 > l41,[37m9[37m48
11:26:21.812 > l42,797
11:26:21.812 > l43,1031
11:26:21.812 > l44,924
11:26:21.812 > l45[37m,0
[37m11:26:28.889 > R[37m4
[37m11:26:34.937 > R[37m5
[37m11:26:34.941 > p[37m1M1,0,100
11:26:34.942 > p2M1,0,100
11:26:34.942 > p3M1,0,100[37m
[37m11:26:34.945 > p4M1,0,100
[37m11:26:35.196 > p[37m1M1,19,100
11:26:35.198 > p2M1,11,100
11:26:35.198 > p3M1,23,[37m1[37m00
11:26:35.201 > p4M1,14,100
[37m11:26:35.454 > p[37m1M1,50,100
11:26:35.454 > p2M1,37,100
11:26:35.454 > p3M1,48,[37m1[37m00
11:26:35.457 > p4M1,43,100
[37m11:26:35.710 > p[37m1M1,71,100
11:26:35.711 > p2M1,70,100
11:26:35.711 > p3M1,75,[37m1[37m00
11:26:35.714 > p4M1,66,100
[37m11:26:35.968 > p[37m1M1,96,100
11:26:35.968 > p2M2,5,100
11:26:35.968 > p3M2,19,1[37m0[37m0
11:26:35.971 > p4M1,98,100
[37m11:26:36.227 > p[37m1M2,34,100
11:26:36.227 > p2M2,32,100
11:26:36.227 > p3M2,54,[37m1[37m00
11:26:36.230 > p4M2,32,100
[37m11:26:36.486 > p[37m1M2,63,100
11:26:36.486 > p2M2,60,100
11:26:36.486 > p3M2,80,[37m100
11:26:36.489 > p4M2,67,100
[37m11:26:36.742 > p[37m1M2,89,100
11:26:36.742 > p2M3,3,100
11:26:36.742 > p3M3,1,10[37m0[37m
11:26:36.745 > p4M3,8,100
[37m11:26:37.001 > p[37m1M3,8,100
11:26:37.001 > p2M3,36,100
11:26:37.001 > p3M3,22,1[37m0[37m0
11:26:37.004 > p4M3,44,100
[37m11:26:37.257 > p[37m1M3,35,100
11:26:37.258 > p2M3,72,100
11:26:37.258 > p3M3,48,[37m1[37m00
11:26:37.260 > p4M3,77,100
[37m11:26:37.514 > p[37m1M3,55,100
11:26:37.515 > p2M4,0,100
11:26:37.515 > p3M3,81,1[37m0[37m0
11:26:37.517 > p4M4,15,100
[37m11:26:37.771 > p[37m1M3,84,100
11:26:37.771 > p2M4,34,100
11:26:37.771 > p3M4,24,[37m1[37m00
11:26:37.774 > p4M4,48,100
[37m11:26:38.029 > p[37m1M4,10,100
11:26:38.029 > p2M4,53,100
11:26:38.029 > p3M4,54,[37m1[37m00
11:26:38.032 > p4M4,75,100
[37m11:26:38.286 > p[37m1M4,40,100
11:26:38.286 > p2M4,81,100
11:26:38.286 > p3M4,77,[37m1[37m00
11:26:38.288 > p4M4,98,100
[37m11:26:38.543 > p[37m1M4,58,100
11:26:38.544 > p2M5,10,100
11:26:38.544 > p3M5,11,[37m1[37m00
11:26:38.547 > p4M5,19,100
[37m11:26:38.801 > p[37m1M4,72,100
11:26:38.801 > p2M5,49,100
11:26:38.801 > p3M5,35,[37m1[37m00
11:26:38.805 > p4M5,51,100
[37m11:26:39.056 > p[37m1M4,93,100
11:26:39.057 > p2M5,75,100
11:26:39.057 > p3M5,54,[37m1[37m00
11:26:39.060 > p4M5,93,100
[37m11:26:39.100 > w[37m4
11:26:39.100 > R8
11:26:39.100 > l11,1055
11:26:39.100 > l12,875
11:26:39.100 > l13,1090
[37m11:26:39.105 > l[37m14,0
11:26:39.106 > l15,0
11:26:39.106 > l21,981
11:26:39.106 > l22,791
11:26:39.106 > l23,[37m7[37m94
11:26:39.110 > l24,948
11:26:39.110 > l25,0
11:26:39.110 > l31,912
11:26:39.110 > l32,86[37m8[37m
11:26:39.116 > l33,914
11:26:39.116 > l34,832
11:26:39.116 > l35,0
11:26:39.116 > l41,1037[37m
[37m11:26:39.121 > l42,712
11:26:39.121 > l43,718
11:26:39.121 > l44,896
11:26:39.121 > l45,798[37m
[37m11:26:46.199 > R[37m4
[37m11:26:52.245 > R[37m5
[37m11:26:52.249 > p[37m1M1,0,100
11:26:52.250 > p2M1,0,100
11:26:52.250 > p3M1,0,100[37m
[37m11:26:52.252 > p4M1,0,100
[37m11:26:52.506 > p[37m1M1,21,100
11:26:52.506 > p2M1,19,100
11:26:52.506 > p3M1,16,[37m1[37m00
11:26:52.509 > p4M1,7,100
[37m11:26:52.762 > p[37m1M1,59,100
11:26:52.763 > p2M1,49,100
11:26:52.763 > p3M1,34,[37m1[37m00
11:26:52.766 > p4M1,16,100
[37m11:26:53.020 > p[37m1M1,98,100
11:26:53.020 > p2M1,85,100
11:26:53.020 > p3M1,51,[37m1[37m00
11:26:53.022 > p4M1,42,100
[37m11:26:53.276 > p[37m1M2,18,100
11:26:53.276 > p2M2,23,100
11:26:53.276 > p3M1,72,[37m1[37m00
11:26:53.279 > p4M1,82,100
[37m11:26:53.533 > p[37m1M2,46,100
11:26:53.533 > p2M2,57,100
11:26:53.533 > p3M2,10,[37m1[37m00
11:26:53.536 > p4M2,26,100
[37m11:26:53.790 > p[37m1M2,76,100
11:26:53.790 > p2M2,86,100
11:26:53.790 > p3M2,57,[37m1[37m00
11:26:53.793 > p4M2,57,100
[37m11:26:54.046 > p[37m1M3,10,100
11:26:54.047 > p2M3,8,100
11:26:54.047 > p3M2,94,1[37m0[37m0
11:26:54.049 > p4M2,87,100
[37m11:26:54.303 > p[37m1M3,38,100
11:26:54.303 > p2M3,37,100
11:26:54.303 > p3M3,29,[37m1[37m00
11:26:54.306 > p4M3,11,100
[37m11:26:54.559 > p[37m1M3,73,100
11:26:54.560 > p2M3,61,100
11:26:54.560 > p3M3,66,[37m1[37m00
11:26:54.562 > p4M3,48,100
[37m11:26:54.816 > p[37m1M4,9,100
11:26:54.817 > p2M3,85,100
11:26:54.817 > p3M3,94,1[37m0[37m0
11:26:54.819 > p4M3,64,100
[37m11:26:55.074 > p[37m1M4,52,100
11:26:55.075 > p2M4,33,100
11:26:55.075 > p3M4,17,[37m1[37m00
11:26:55.077 > p4M3,88,100
[37m11:26:55.330 > p[37m1M4,96,100
11:26:55.330 > p2M4,76,100
11:26:55.330 > p3M4,39,[37m1[37m00
11:26:55.333 > p4M4,16,100
[37m11:26:55.589 > p[37m1M5,28,100
11:26:55.589 > p2M5,15,100
11:26:55.589 > p3M4,64,[37m100
11:26:55.590 > p4M4,33,100
[37m11:26:55.846 > p[37m1M5,55,100
11:26:55.846 > p2M5,57,100
11:26:55.846 > p3M4,92,[37m100
11:26:55.848 > p4M4,47,100
[37m11:26:56.101 > p[37m1M5,91,100
11:26:56.102 > p2M5,88,100
11:26:56.102 > p3M5,12,[37m1[37m00
11:26:56.105 > p4M4,76,100
[37m11:26:56.182 > w[37m1
11:26:56.182 > R8
11:26:56.182 > l11,781
11:26:56.182 > l12,945
11:26:56.182 > l13,758
11:26:56.182 > l1[37m4[37m,620
11:26:56.186 > l15,829
11:26:56.186 > l21,895
11:26:56.186 > l22,770
11:26:56.186 > l2[37m3[37m,1015
11:26:56.192 > l24,545
11:26:56.192 > l25,0
11:26:56.192 > l31,1217
11:26:56.192 > l3[37m2[37m,622
11:26:56.196 > l33,774
11:26:56.196 > l34,1080
11:26:56.196 > l35,0
11:26:56.196 > l41[37m,[37m1131
11:26:56.201 > l42,786
11:26:56.201 > l43,999
11:26:56.201 > l44,0
11:26:56.201 > l45,[37m0[37m
[37m11:27:03.280 > R[37m4
[37m11:27:09.325 > R[37m5
[37m11:27:09.329 > p[37m1M1,0,100
11:27:09.330 > p2M1,0,100
11:27:09.330 > p3M1,0,100[37m
[37m11:27:09.333 > p4M1,0,100
[37m11:27:09.586 > p[37m1M1,19,100
11:27:09.586 > p2M1,11,100
11:27:09.586 > p3M1,23,[37m1[37m00
11:27:09.589 > p4M1,14,100
[37m11:27:09.842 > p[37m1M1,50,100
11:27:09.843 > p2M1,37,100
11:27:09.843 > p3M1,48,[37m1[37m00
11:27:09.845 > p4M1,43,100
[37m11:27:10.100 > p[37m1M1,71,100
11:27:10.100 > p2M1,70,100
11:27:10.100 > p3M1,75,[37m1[37m00
11:27:10.103 > p4M1,66,100
[37m11:27:10.357 > p[37m1M1,96,100
11:27:10.358 > p2M2,5,100
11:27:10.358 > p3M2,19,1[37m0[37m0
11:27:10.360 > p4M1,98,100
[37m11:27:10.615 > p[37m1M2,34,100
11:27:10.616 > p2M2,32,100
11:27:10.616 > p3M2,54,[37m1[37m00
11:27:10.619 > p4M2,32,100
[37m11:27:10.874 > p[37m1M2,63,100
11:27:10.875 > p2M2,60,100
11:27:10.875 > p3M2,80,[37m1[37m00
11:27:10.878 > p4M2,67,100
[37m11:27:11.130 > p[37m1M2,89,100
11:27:11.131 > p2M3,3,100
11:27:11.131 > p3M3,1,10[37m0[37m
11:27:11.133 > p4M3,8,100
[37m11:27:11.389 > p[37m1M3,8,100
11:27:11.390 > p2M3,36,100
11:27:11.390 > p3M3,22,1[37m0[37m0
11:27:11.392 > p4M3,44,100
[37m11:27:11.646 > p[37m1M3,35,100
11:27:11.646 > p2M3,72,100
11:27:11.646 > p3M3,48,[37m1[37m00
11:27:11.649 > p4M3,77,100
[37m11:27:11.905 > p[37m1M3,55,100
11:27:11.905 > p2M4,0,100
11:27:11.905 > p3M3,81,1[37m00
11:27:11.907 > p4M4,15,100
[37m11:27:12.159 > p[37m1M3,84,100
11:27:12.160 > p2M4,34,100
11:27:12.160 > p3M4,24,[37m1[37m00
11:27:12.162 > p4M4,48,100
[37m11:27:12.418 > p[37m1M4,10,100
11:27:12.418 > p2M4,53,100
11:27:12.418 > p3M4,54,[37m1[37m00
11:27:12.421 > p4M4,75,100
[37m11:27:12.675 > p[37m1M4,40,100
11:27:12.676 > p2M4,81,100
11:27:12.676 > p3M4,77,[37m1[37m00
11:27:12.678 > p4M4,98,100
[37m11:27:12.933 > p[37m1M4,58,100
11:27:12.933 > p2M5,10,100
11:27:12.933 > p3M5,11,[37m1[37m00
11:27:12.936 > p4M5,19,100
[37m11:27:13.189 > p[37m1M4,72,100
11:27:13.190 > p2M5,49,100
11:27:13.190 > p3M5,35,[37m1[37m00
11:27:13.192 > p4M5,51,100
[37m11:27:13.445 > p[37m1M4,93,100
11:27:13.446 > p2M5,75,100
11:27:13.446 > p3M5,54,[37m1[37m00
11:27:13.449 > p4M5,93,100
[37m11:27:13.489 > w[37m4
11:27:13.489 > R8
11:27:13.489 > l11,1055
11:27:13.489 > l12,875
11:27:13.489 > l13,1090
[37m11:27:13.494 > l[37m14,0
11:27:13.494 > l15,0
11:27:13.494 > l21,981
11:27:13.494 > l22,791
11:27:13.494 > l23,[37m7[37m94
11:27:13.500 > l24,948
11:27:13.500 > l25,0
11:27:13.500 > l31,912
11:27:13.500 > l32,86[37m8[37m
11:27:13.504 > l33,914
11:27:13.504 > l34,832
11:27:13.504 > l35,0
11:27:13.504 > l41,1036[37m
[37m11:27:13.509 > l42,713
11:27:13.509 > l43,718
11:27:13.509 > l44,896
11:27:13.509 > l45,798[37m
[37m11:27:20.588 > R[37m4
[37m11:27:26.634 > R[37m5
[37m11:27:26.639 > p[37m1M1,0,100
11:27:26.639 > p2M1,0,100
11:27:26.639 > p3M1,0,100[37m
[37m11:27:26.641 > p4M1,0,100
[37m11:27:26.894 > p[37m1M1,13,100
11:27:26.895 > p2M1,24,100
11:27:26.895 > p3M1,17,[37m1[37m00
11:27:26.898 > p4M1,11,100
[37m11:27:27.150 > p[37m1M1,43,100
11:27:27.151 > p2M1,46,100
11:27:27.151 > p3M1,45,[37m1[37m00
11:27:27.154 > p4M1,44,100
[37m11:27:27.408 > p[37m1M1,66,100
11:27:27.408 > p2M1,69,100
11:27:27.408 > p3M1,70,[37m1[37m00
11:27:27.411 > p4M1,67,100
[37m11:27:27.665 > p[37m1M2,8,100
11:27:27.666 > p2M2,2,100
11:27:27.666 > p3M1,87,10[37m0
11:27:27.668 > p4M1,92,100
[37m11:27:27.921 > p[37m1M2,38,100
11:27:27.922 > p2M2,33,100
11:27:27.922 > p3M2,8,1[37m0[37m0
11:27:27.925 > p4M2,18,100
[37m11:27:28.178 > p[37m1M2,65,100
11:27:28.179 > p2M2,55,100
11:27:28.179 > p3M2,38,[37m1[37m00
11:27:28.181 > p4M2,37,100
[37m11:27:28.434 > p[37m1M2,88,100
11:27:28.434 > p2M2,89,100
11:27:28.434 > p3M2,70,[37m1[37m00
11:27:28.437 > p4M2,65,100
[37m11:27:28.692 > p[37m1M3,15,100
11:27:28.692 > p2M3,19,100
11:27:28.692 > p3M2,88,[37m1[37m00
11:27:28.695 > p4M2,93,100
[37m11:27:28.947 > p[37m1M3,31,100
11:27:28.948 > p2M3,36,100
11:27:28.948 > p3M3,1,1[37m0[37m0
11:27:28.951 > p4M3,22,100
[37m11:27:29.204 > p[37m1M3,54,100
11:27:29.204 > p2M3,71,100
11:27:29.204 > p3M3,39,[37m1[37m00
11:27:29.207 > p4M3,54,100
[37m11:27:29.461 > p[37m1M3,68,100
11:27:29.462 > p2M3,94,100
11:27:29.462 > p3M3,71,[37m1[37m00
11:27:29.464 > p4M3,80,100
[37m11:27:29.718 > p[37m1M3,92,100
11:27:29.719 > p2M4,19,100
11:27:29.719 > p3M4,5,1[37m00
11:27:29.721 > p4M4,13,100
[37m11:27:29.976 > p[37m1M4,11,100
11:27:29.976 > p2M4,41,100
11:27:29.976 > p3M4,31,[37m1[37m00
11:27:29.980 > p4M4,50,100
[37m11:27:30.234 > p[37m1M4,44,100
11:27:30.234 > p2M4,73,100
11:27:30.234 > p3M4,72,[37m1[37m00
11:27:30.237 > p4M4,89,100
[37m11:27:30.491 > p[37m1M4,70,100
11:27:30.492 > p2M4,98,100
11:27:30.492 > p3M5,7,1[37m0[37m0
11:27:30.495 > p4M5,11,100
[37m11:27:30.748 > p[37m1M4,95,100
11:27:30.748 > p2M5,23,100
11:27:30.748 > p3M5,34,[37m1[37m00
11:27:30.751 > p4M5,49,100
[37m11:27:31.003 > p[37m1M5,43,100
11:27:31.003 > p2M5,42,100
11:27:31.003 > p3M5,57,[37m1[37m00
11:27:31.007 > p4M5,90,100
[37m11:27:31.091 > w[37m4
11:27:31.091 > R8
11:27:31.091 > l11,964
11:27:31.091 > l12,934
11:27:31.091 > l13,1307
11:27:31.091 > l[37m1[37m4,942
11:27:31.096 > l15,0
11:27:31.096 > l21,993
11:27:31.096 > l22,878
11:27:31.096 > l23[37m,[37m1017
11:27:31.100 > l24,973
11:27:31.100 > l25,0
11:27:31.100 > l31,1202
11:27:31.100 > l32[37m,[37m1085
11:27:31.105 > l33,751
11:27:31.105 > l34,756
11:27:31.105 > l35,0
11:27:31.105 > l41,[37m1[37m096
11:27:31.110 > l42,1015
11:27:31.110 > l43,847
11:27:31.110 > l44,742
11:27:31.110 > l4[37m5[37m,753
[37m11:27:38.188 > R[37m4
[37m11:27:44.235 > R[37m5
[37m11:27:44.239 > p[37m1M1,0,100
11:27:44.239 > p2M1,0,100
11:27:44.239 > p3M1,0,100[37m
[37m11:27:44.242 > p4M1,0,100
[37m11:27:44.497 > p[37m1M1,21,100
11:27:44.497 > p2M1,19,100
11:27:44.497 > p3M1,16,[37m100
11:27:44.499 > p4M1,7,100
[37m11:27:44.755 > p[37m1M1,60,100
11:27:44.755 > p2M1,49,100
11:27:44.755 > p3M1,34,[37m1[37m00
11:27:44.758 > p4M1,16,100
[37m11:27:45.014 > p[37m1M2,99,100
11:27:45.014 > p2M1,85,100
11:27:45.014 > p3M1,52,[37m1[37m00
11:27:45.017 > p4M1,43,100
[37m11:27:45.270 > p[37m1M2,18,100
11:27:45.271 > p2M2,24,100
11:27:45.271 > p3M1,72,[37m1[37m00
11:27:45.274 > p4M1,83,100
[37m11:27:45.528 > p[37m1M2,46,100
11:27:45.528 > p2M2,57,100
11:27:45.528 > p3M2,11,[37m1[37m00
11:27:45.531 > p4M2,27,100
[37m11:27:45.785 > p[37m1M2,76,100
11:27:45.785 > p2M2,87,100
11:27:45.785 > p3M2,58,[37m100
11:27:45.787 > p4M2,58,100
[37m11:27:46.040 > p[37m1M3,11,100
11:27:46.040 > p2M3,8,100
11:27:46.040 > p3M2,95,1[37m0[37m0
11:27:46.042 > p4M2,87,100
[37m11:27:46.296 > p[37m1M3,38,100
11:27:46.297 > p2M3,37,100
11:27:46.297 > p3M3,29,[37m1[37m00
11:27:46.300 > p4M3,12,100
[37m11:27:46.554 > p[37m1M3,74,100
11:27:46.554 > p2M3,62,100
11:27:46.554 > p3M3,67,[37m1[37m00
11:27:46.557 > p4M3,48,100
[37m11:27:46.811 > p[37m1M4,9,100
11:27:46.811 > p2M3,86,100
11:27:46.811 > p3M3,94,1[37m0[37m0
11:27:46.814 > p4M3,64,100
[37m11:27:47.068 > p[37m1M4,53,100
11:27:47.068 > p2M4,34,100
11:27:47.068 > p3M4,17,[37m1[37m00
11:27:47.071 > p4M3,88,100
[37m11:27:47.324 > p[37m1M4,97,100
11:27:47.325 > p2M4,77,100
11:27:47.325 > p3M4,39,[37m1[37m00
11:27:47.327 > p4M4,17,100
[37m11:27:47.581 > p[37m1M5,29,100
11:27:47.582 > p2M5,16,100
11:27:47.582 > p3M4,64,[37m1[37m00
11:27:47.584 > p4M4,33,100
[37m11:27:47.839 > p[37m1M5,55,100
11:27:47.839 > p2M5,58,100
11:27:47.839 > p3M4,92,[37m1[37m00
11:27:47.842 > p4M4,47,100
[37m11:27:48.096 > p[37m1M5,91,100
11:27:48.096 > p2M5,88,100
11:27:48.096 > p3M5,13,[37m1[37m00
11:27:48.099 > p4M4,76,100
[37m11:27:48.171 > w[37m1
11:27:48.171 > R8
11:27:48.171 > l11,777
11:27:48.171 > l12,950
11:27:48.171 > l13,758
11:27:48.171 > l1[37m4[37m,619
11:27:48.177 > l15,830
11:27:48.177 > l21,895
11:27:48.177 > l22,770
11:27:48.177 > l2[37m3[37m,1015
11:27:48.181 > l24,546
11:27:48.181 > l25,0
11:27:48.181 > l31,1218
11:27:48.181 > l3[37m2[37m,621
11:27:48.187 > l33,775
11:27:48.187 > l34,1080
11:27:48.187 > l35,0
11:27:48.187 > l41[37m,[37m1132
11:27:48.191 > l42,785
11:27:48.191 > l43,1000
11:27:48.191 > l44,0
11:27:48.191 > l45[37m,[37m0
[37m11:27:55.269 > R[37m4
[37m11:28:01.315 > R[37m5
[37m11:28:01.319 > p[37m1M1,0,100
11:28:01.320 > p2M1,0,100
11:28:01.320 > p3M1,0,100[37m
[37m11:28:01.322 > p4M1,0,100
[37m11:28:01.577 > p[37m1M1,8,100
11:28:01.577 > p2M1,16,100
11:28:01.577 > p3M1,15,1[37m0[37m0
11:28:01.580 > p4M1,20,100
[37m11:28:01.834 > p[37m1M1,39,100
11:28:01.834 > p2M1,27,100
11:28:01.834 > p3M1,30,[37m1[37m00
11:28:01.837 > p4M1,61,100
[37m11:28:02.090 > p[37m1M1,79,100
11:28:02.090 > p2M1,78,100
11:28:02.090 > p3M1,57,[37m1[37m00
11:28:02.093 > p4M1,79,100
[37m11:28:02.346 > p[37m1M2,20,100
11:28:02.347 > p2M2,17,100
11:28:02.347 > p3M2,0,1[37m0[37m0
11:28:02.349 > p4M1,98,100
[37m11:28:02.603 > p[37m1M2,65,100
11:28:02.605 > p2M2,41,100
11:28:02.605 > p3M2,30,[37m100
11:28:02.606 > p4M2,25,100
[37m11:28:02.859 > p[37m1M3,4,100
11:28:02.860 > p2M2,75,100
11:28:02.860 > p3M2,50,1[37m0[37m0
11:28:02.863 > p4M2,67,100
[37m11:28:03.117 > p[37m1M3,41,100
11:28:03.117 > p2M3,8,100
11:28:03.117 > p3M2,80,1[37m0[37m0
11:28:03.120 > p4M3,14,100
[37m11:28:03.372 > p[37m1M3,75,100
11:28:03.372 > p2M3,47,100
11:28:03.372 > p3M3,4,1[37m0[37m0
11:28:03.375 > p4M3,60,100
[37m11:28:03.629 > p[37m1M4,6,100
11:28:03.630 > p2M3,82,100
11:28:03.630 > p3M3,24,1[37m0[37m0
11:28:03.632 > p4M4,0,100
[37m11:28:03.886 > p[37m1M4,42,100
11:28:03.886 > p2M4,15,100
11:28:03.886 > p3M3,58,[37m1[37m00
11:28:03.888 > p4M4,40,100
[37m11:28:04.144 > p[37m1M4,66,100
11:28:04.144 > p2M4,41,100
11:28:04.144 > p3M3,93,[37m1[37m00
11:28:04.146 > p4M4,62,100
[37m11:28:04.399 > p[37m1M4,87,100
11:28:04.400 > p2M4,87,100
11:28:04.400 > p3M4,26,[37m1[37m00
11:28:04.403 > p4M4,87,100
[37m11:28:04.656 > p[37m1M5,29,100
11:28:04.656 > p2M5,31,100
11:28:04.656 > p3M4,47,[37m1[37m00
11:28:04.659 > p4M5,30,100
[37m11:28:04.913 > p[37m1M5,73,100
11:28:04.913 > p2M5,70,100
11:28:04.913 > p3M4,66,[37m1[37m00
11:28:04.916 > p4M5,57,100
[37m11:28:05.120 > w[37m1
11:28:05.120 > R8
11:28:05.120 > l11,922
11:28:05.120 > l12,588
11:28:05.120 > l13,752
11:28:05.120 > l1[37m4[37m,907
11:28:05.125 > l15,633
11:28:05.125 > l21,900
11:28:05.125 > l22,832
11:28:05.125 > l2[37m3[37m,704
11:28:05.130 > l24,731
11:28:05.130 > l25,0
11:28:05.130 > l31,1015
11:28:05.130 > l32[37m,[37m954
11:28:05.135 > l33,905
11:28:05.135 > l34,0
11:28:05.135 > l35,0
11:28:05.135 > l41,104[37m1[37m
11:28:05.140 > l42,681
11:28:05.140 > l43,581
11:28:05.140 > l44,848
11:28:05.140 > l45,0
[37m11:28:12.216 > R[37m4
[37m11:28:18.261 > R[37m5
[37m11:28:18.265 > p[37m1M1,0,100
11:28:18.266 > p2M1,0,100
11:28:18.266 > p3M1,0,100[37m
[37m11:28:18.268 > p4M1,0,100
[37m11:28:18.523 > p[37m1M1,18,100
11:28:18.523 > p2M1,29,100
11:28:18.523 > p3M1,12,[37m1[37m00
11:28:18.526 > p4M1,13,100
[37m11:28:18.780 > p[37m1M1,56,100
11:28:18.780 > p2M1,62,100
11:28:18.780 > p3M1,40,[37m1[37m00
11:28:18.783 > p4M1,28,100
[37m11:28:19.037 > p[37m1M1,83,100
11:28:19.037 > p2M1,95,100
11:28:19.037 > p3M1,64,[37m1[37m00
11:28:19.040 > p4M1,37,100
[37m11:28:19.293 > p[37m1M2,9,100
11:28:19.293 > p2M2,31,100
11:28:19.293 > p3M1,91,1[37m0[37m0
11:28:19.296 > p4M1,76,100
[37m11:28:19.549 > p[37m1M2,36,100
11:28:19.549 > p2M2,57,100
11:28:19.549 > p3M2,14,[37m1[37m00
11:28:19.551 > p4M2,9,100
[37m11:28:19.806 > p[37m1M2,58,100
11:28:19.806 > p2M2,97,100
11:28:19.806 > p3M2,37,[37m100
11:28:19.808 > p4M2,38,100
[37m11:28:20.061 > p[37m1M2,86,100
11:28:20.061 > p2M3,43,100
11:28:20.061 > p3M2,57,[37m1[37m00
11:28:20.065 > p4M2,78,100
[37m11:28:20.317 > p[37m1M3,3,100
11:28:20.317 > p2M3,71,100
11:28:20.317 > p3M2,85,1[37m0[37m0
11:28:20.320 > p4M3,11,100
[37m11:28:20.575 > p[37m1M3,30,100
11:28:20.575 > p2M4,0,100
11:28:20.575 > p3M3,20,1[37m0[37m0
11:28:20.577 > p4M3,41,100
[37m11:28:20.830 > p[37m1M3,63,100
11:28:20.830 > p2M4,25,100
11:28:20.830 > p3M3,45,[37m1[37m00
11:28:20.833 > p4M3,64,100
[37m11:28:21.086 > p[37m1M4,6,100
11:28:21.087 > p2M4,49,100
11:28:21.087 > p3M3,67,1[37m0[37m0
11:28:21.089 > p4M4,5,100
[37m11:28:21.342 > p[37m1M4,41,100
11:28:21.343 > p2M4,81,100
11:28:21.343 > p3M4,1,1[37m0[37m0
11:28:21.346 > p4M4,42,100
[37m11:28:21.599 > p[37m1M4,69,100
11:28:21.599 > p2M5,19,100
11:28:21.599 > p3M4,39,[37m1[37m00
11:28:21.603 > p4M4,73,100
[37m11:28:21.858 > p[37m1M5,7,100
11:28:21.858 > p2M5,42,100
11:28:21.858 > p3M4,69,1[37m0[37m0
11:28:21.860 > p4M5,15,100
[37m11:28:22.112 > p[37m1M5,48,100
11:28:22.112 > p2M5,81,100
11:28:22.112 > p3M5,5,1[37m0[37m0
11:28:22.115 > p4M5,57,100
[37m11:28:22.318 > w[37m2
11:28:22.319 > R8
11:28:22.319 > l11,919
11:28:22.319 > l12,1086
11:28:22.319 > l13,770
11:28:22.319 > l[37m1[37m4,768
11:28:22.323 > l15,0
11:28:22.323 > l21,809
11:28:22.323 > l22,744
11:28:22.323 > l23[37m,[37m745
11:28:22.328 > l24,879
11:28:22.328 > l25,878
11:28:22.328 > l31,1120
11:28:22.328 > l3[37m2[37m,1061
11:28:22.333 > l33,884
11:28:22.333 > l34,743
11:28:22.333 > l35,0
11:28:22.333 > l41[37m,[37m1171
11:28:22.338 > l42,791
11:28:22.338 > l43,822
11:28:22.338 > l44,710
11:28:22.338 > l4[37m5[37m,0
[37m11:28:29.414 > R[37m4
[37m11:28:35.460 > R[37m5
[37m11:28:35.464 > p[37m1M1,0,100
11:28:35.465 > p2M1,0,100
11:28:35.465 > p3M1,0,100[37m
11:28:35.467 > p4M1,0,100
[37m11:28:35.722 > p[37m1M1,18,100
11:28:35.722 > p2M1,29,100
11:28:35.722 > p3M1,12,[37m1[37m00
11:28:35.724 > p4M1,13,100
[37m11:28:35.978 > p[37m1M1,56,100
11:28:35.978 > p2M1,62,100
11:28:35.978 > p3M1,40,[37m1[37m00
11:28:35.981 > p4M1,28,100
[37m11:28:36.235 > p[37m1M1,83,100
11:28:36.235 > p2M1,95,100
11:28:36.235 > p3M1,64,[37m1[37m00
11:28:36.238 > p4M1,37,100
[37m11:28:36.491 > p[37m1M2,9,100
11:28:36.491 > p2M2,31,100
11:28:36.491 > p3M1,91,1[37m0[37m0
11:28:36.494 > p4M1,76,100
[37m11:28:36.746 > p[37m1M2,36,100
11:28:36.747 > p2M2,57,100
11:28:36.747 > p3M2,14,[37m1[37m00
11:28:36.749 > p4M2,9,100
[37m11:28:37.004 > p[37m1M2,58,100
11:28:37.004 > p2M2,97,100
11:28:37.004 > p3M2,37,[37m1[37m00
11:28:37.007 > p4M2,38,100
[37m11:28:37.260 > p[37m1M2,86,100
11:28:37.261 > p2M3,43,100
11:28:37.261 > p3M2,57,[37m1[37m00
11:28:37.264 > p4M2,78,100
[37m11:28:37.516 > p[37m1M3,3,100
11:28:37.517 > p2M3,71,100
11:28:37.517 > p3M2,85,1[37m0[37m0
11:28:37.519 > p4M3,11,100
[37m11:28:37.772 > p[37m1M3,30,100
11:28:37.773 > p2M4,0,100
11:28:37.773 > p3M3,20,1[37m0[37m0
11:28:37.776 > p4M3,41,100
[37m11:28:38.029 > p[37m1M3,63,100
11:28:38.029 > p2M4,25,100
11:28:38.029 > p3M3,45,[37m1[37m00
11:28:38.032 > p4M3,64,100
[37m11:28:38.285 > p[37m1M4,6,100
11:28:38.286 > p2M4,49,100
11:28:38.286 > p3M3,67,1[37m0[37m0
11:28:38.288 > p4M4,5,100
[37m11:28:38.542 > p[37m1M4,41,100
11:28:38.542 > p2M4,81,100
11:28:38.542 > p3M4,1,1[37m0[37m0
11:28:38.545 > p4M4,42,100
[37m11:28:38.799 > p[37m1M4,69,100
11:28:38.799 > p2M5,19,100
11:28:38.799 > p3M4,39,[37m1[37m00
11:28:38.801 > p4M4,73,100
[37m11:28:39.055 > p[37m1M5,7,100
11:28:39.055 > p2M5,42,100
11:28:39.055 > p3M4,69,1[37m0[37m0
11:28:39.058 > p4M5,15,100
[37m11:28:39.311 > p[37m1M5,48,100
11:28:39.312 > p2M5,81,100
11:28:39.312 > p3M5,5,1[37m0[37m0
11:28:39.314 > p4M5,57,100
[37m11:28:39.516 > w[37m2
11:28:39.517 > R8
11:28:39.517 > l11,920
11:28:39.517 > l12,1085
11:28:39.517 > l13,770
11:28:39.517 > l[37m1[37m4,768
11:28:39.522 > l15,0
11:28:39.522 > l21,809
11:28:39.522 > l22,744
11:28:39.522 > l23[37m,[37m745
11:28:39.526 > l24,880
11:28:39.526 > l25,877
11:28:39.526 > l31,1120
11:28:39.526 > l3[37m2[37m,1061
11:28:39.532 > l33,884
11:28:39.532 > l34,743
11:28:39.532 > l35,0
11:28:39.532 > l41[37m,[37m1172
11:28:39.536 > l42,790
11:28:39.536 > l43,822
11:28:39.536 > l44,710
11:28:39.536 > l4[37m5[37m,0
[37m11:28:46.614 > R[37m4
[37m11:28:52.659 > R[37m5
[37m11:28:52.663 > p[37m1M1,0,100
11:28:52.664 > p2M1,0,100
11:28:52.664 > p3M1,0,100[37m
[37m11:28:52.666 > p4M1,0,100
[37m11:28:52.921 > p[37m1M1,8,100
11:28:52.921 > p2M1,16,100
11:28:52.921 > p3M1,15,1[37m0[37m0
11:28:52.924 > p4M1,20,100
[37m11:28:53.177 > p[37m1M1,39,100
11:28:53.177 > p2M1,27,100
11:28:53.177 > p3M1,30,[37m1[37m00
11:28:53.181 > p4M1,61,100
[37m11:28:53.434 > p[37m1M1,79,100
11:28:53.434 > p2M1,78,100
11:28:53.434 > p3M1,57,[37m1[37m00
11:28:53.437 > p4M1,79,100
[37m11:28:53.689 > p[37m1M2,20,100
11:28:53.690 > p2M2,17,100
11:28:53.690 > p3M2,0,1[37m0[37m0
11:28:53.693 > p4M1,98,100
[37m11:28:53.947 > p[37m1M2,65,100
11:28:53.947 > p2M2,41,100
11:28:53.947 > p3M2,30,[37m1[37m00
11:28:53.950 > p4M2,25,100
[37m11:28:54.204 > p[37m1M3,4,100
11:28:54.204 > p2M2,75,100
11:28:54.204 > p3M2,50,1[37m0[37m0
11:28:54.207 > p4M2,67,100
[37m11:28:54.460 > p[37m1M3,41,100
11:28:54.460 > p2M3,8,100
11:28:54.460 > p3M2,80,1[37m0[37m0
11:28:54.463 > p4M3,14,100
[37m11:28:54.718 > p[37m1M3,75,100
11:28:54.718 > p2M3,48,100
11:28:54.718 > p3M3,4,1[37m0[37m0
11:28:54.721 > p4M3,60,100
[37m11:28:54.977 > p[37m1M4,7,100
11:28:54.977 > p2M3,82,100
11:28:54.977 > p3M3,24,1[37m0[37m0
11:28:54.980 > p4M4,0,100
[37m11:28:55.233 > p[37m1M4,43,100
11:28:55.234 > p2M4,15,100
11:28:55.234 > p3M3,58,[37m1[37m00
11:28:55.236 > p4M4,41,100
[37m11:28:55.489 > p[37m1M4,66,100
11:28:55.489 > p2M4,41,100
11:28:55.489 > p3M3,94,[37m1[37m00
11:28:55.492 > p4M4,62,100
[37m11:28:55.746 > p[37m1M4,88,100
11:28:55.746 > p2M4,87,100
11:28:55.746 > p3M4,26,[37m1[37m00
11:28:55.748 > p4M4,87,100
[37m11:28:56.001 > p[37m1M5,29,100
11:28:56.002 > p2M5,31,100
11:28:56.002 > p3M4,48,[37m1[37m00
11:28:56.004 > p4M5,30,100
[37m11:28:56.259 > p[37m1M5,73,100
11:28:56.259 > p2M5,70,100
11:28:56.259 > p3M4,67,[37m1[37m00
11:28:56.262 > p4M5,58,100
[37m11:28:56.464 > w[37m1
11:28:56.464 > R8
11:28:56.464 > l11,923
11:28:56.464 > l12,588
11:28:56.464 > l13,751
11:28:56.464 > l1[37m4[37m,908
11:28:56.469 > l15,632
11:28:56.469 > l21,900
11:28:56.469 > l22,833
11:28:56.469 > l2[37m3[37m,703
11:28:56.473 > l24,731
11:28:56.473 > l25,0
11:28:56.473 > l31,1016
11:28:56.473 > l32[37m,[37m953
11:28:56.479 > l33,906
11:28:56.479 > l34,0
11:28:56.479 > l35,0
11:28:56.479 > l41,104[37m2[37m
11:28:56.484 > l42,681
11:28:56.484 > l43,580
11:28:56.484 > l44,848
11:28:56.484 > l45,0
[37m11:29:03.560 > R[37m4
[37m11:29:09.606 > R[37m5
[37m11:29:09.611 > p[37m1M1,0,100
11:29:09.611 > p2M1,0,100
11:29:09.611 > p3M1,0,100[37m
[37m11:29:09.614 > p4M1,0,100
[37m11:29:09.868 > p[37m1M1,18,100
11:29:09.868 > p2M1,29,100
11:29:09.868 > p3M1,12,[37m1[37m00
11:29:09.871 > p4M1,13,100
[37m11:29:10.125 > p[37m1M1,56,100
11:29:10.125 > p2M1,62,100
11:29:10.125 > p3M1,40,[37m1[37m00
11:29:10.128 > p4M1,28,100
[37m11:29:10.382 > p[37m1M1,83,100
11:29:10.382 > p2M1,95,100
11:29:10.382 > p3M1,64,[37m1[37m00
11:29:10.385 > p4M1,37,100
[37m11:29:10.637 > p[37m1M2,9,100
11:29:10.638 > p2M2,31,100
11:29:10.638 > p3M1,91,1[37m0[37m0
11:29:10.640 > p4M1,76,100
[37m11:29:10.893 > p[37m1M2,36,100
11:29:10.893 > p2M2,57,100
11:29:10.893 > p3M2,14,[37m1[37m00
11:29:10.896 > p4M2,9,100
[37m11:29:11.150 > p[37m1M2,58,100
11:29:11.150 > p2M2,97,100
11:29:11.150 > p3M2,37,[37m1[37m00
11:29:11.153 > p4M2,38,100
[37m11:29:11.406 > p[37m1M2,86,100
11:29:11.406 > p2M3,43,100
11:29:11.406 > p3M2,57,[37m1[37m00
11:29:11.409 > p4M2,78,100
[37m11:29:11.663 > p[37m1M3,3,100
11:29:11.663 > p2M3,71,100
11:29:11.663 > p3M2,85,1[37m0[37m0
11:29:11.665 > p4M3,11,100
[37m11:29:11.919 > p[37m1M3,30,100
11:29:11.920 > p2M4,0,100
11:29:11.920 > p3M3,20,1[37m0[37m0
11:29:11.922 > p4M3,41,100
[37m11:29:12.175 > p[37m1M3,63,100
11:29:12.176 > p2M4,25,100
11:29:12.176 > p3M3,45,[37m1[37m00
11:29:12.178 > p4M3,64,100
[37m11:29:12.431 > p[37m1M4,6,100
11:29:12.431 > p2M4,49,100
11:29:12.431 > p3M3,67,1[37m0[37m0
11:29:12.434 > p4M4,5,100
[37m11:29:12.688 > p[37m1M4,41,100
11:29:12.688 > p2M4,81,100
11:29:12.688 > p3M4,1,1[37m0[37m0
11:29:12.691 > p4M4,42,100
[37m11:29:12.944 > p[37m1M4,69,100
11:29:12.945 > p2M5,19,100
11:29:12.945 > p3M4,39,[37m1[37m00
11:29:12.947 > p4M4,73,100
[37m11:29:13.202 > p[37m1M5,7,100
11:29:13.202 > p2M5,42,100
11:29:13.202 > p3M4,69,1[37m0[37m0
11:29:13.205 > p4M5,15,100
[37m11:29:13.458 > p[37m1M5,48,100
11:29:13.458 > p2M5,81,100
11:29:13.458 > p3M5,5,1[37m0[37m0
11:29:13.461 > p4M5,57,100
[37m11:29:13.662 > w[37m2
11:29:13.663 > R8
11:29:13.663 > l11,920
11:29:13.663 > l12,1085
11:29:13.663 > l13,771
11:29:13.663 > l[37m1[37m4,768
11:29:13.668 > l15,0
11:29:13.668 > l21,809
11:29:13.668 > l22,745
11:29:13.668 > l23[37m,[37m744
11:29:13.672 > l24,880
11:29:13.672 > l25,878
11:29:13.672 > l31,1121
11:29:13.672 > l3[37m2[37m,1061
11:29:13.677 > l33,883
11:29:13.677 > l34,744
11:29:13.677 > l35,0
11:29:13.677 > l41[37m,[37m1172
11:29:13.682 > l42,790
11:29:13.682 > l43,823
11:29:13.682 > l44,709
11:29:13.682 > l4[37m5[37m,0
[37m11:29:20.759 > R[37m4
[37m11:29:26.805 > R[37m5
[37m11:29:26.809 > p[37m1M1,0,100
11:29:26.809 > p2M1,0,100
11:29:26.809 > p3M1,0,100[37m
[37m11:29:26.812 > p4M1,0,100
[37m11:29:27.066 > p[37m1M1,8,100
11:29:27.066 > p2M1,16,100
11:29:27.066 > p3M1,15,1[37m0[37m0
11:29:27.069 > p4M1,20,100
[37m11:29:27.323 > p[37m1M1,39,100
11:29:27.323 > p2M1,27,100
11:29:27.323 > p3M1,30,[37m1[37m00
11:29:27.326 > p4M1,61,100
[37m11:29:27.579 > p[37m1M1,79,100
11:29:27.580 > p2M1,78,100
11:29:27.580 > p3M1,57,[37m1[37m00
11:29:27.582 > p4M1,79,100
[37m11:29:27.835 > p[37m1M2,20,100
11:29:27.836 > p2M2,17,100
11:29:27.836 > p3M2,0,1[37m0[37m0
11:29:27.838 > p4M1,98,100
[37m11:29:28.092 > p[37m1M2,65,100
11:29:28.092 > p2M2,41,100
11:29:28.092 > p3M2,30,[37m1[37m00
11:29:28.095 > p4M2,25,100
[37m11:29:28.349 > p[37m1M3,4,100
11:29:28.349 > p2M2,75,100
11:29:28.349 > p3M2,50,1[37m0[37m0
11:29:28.352 > p4M2,67,100
[37m11:29:28.606 > p[37m1M3,41,100
11:29:28.606 > p2M3,8,100
11:29:28.606 > p3M2,80,1[37m0[37m0
11:29:28.609 > p4M3,14,100
[37m11:29:28.861 > p[37m1M3,75,100
11:29:28.861 > p2M3,47,100
11:29:28.861 > p3M3,4,1[37m0[37m0
11:29:28.864 > p4M3,60,100
[37m11:29:29.119 > p[37m1M4,6,100
11:29:29.119 > p2M3,82,100
11:29:29.119 > p3M3,24,1[37m0[37m0
11:29:29.121 > p4M4,0,100
[37m11:29:29.375 > p[37m1M4,42,100
11:29:29.375 > p2M4,15,100
11:29:29.375 > p3M3,58,[37m1[37m00
11:29:29.378 > p4M4,40,100
[37m11:29:29.632 > p[37m1M4,66,100
11:29:29.632 > p2M4,41,100
11:29:29.632 > p3M3,93,[37m1[37m00
11:29:29.635 > p4M4,62,100
[37m11:29:29.888 > p[37m1M4,87,100
11:29:29.889 > p2M4,87,100
11:29:29.889 > p3M4,26,[37m1[37m00
11:29:29.892 > p4M4,87,100
[37m11:29:30.144 > p[37m1M5,29,100
11:29:30.145 > p2M5,31,100
11:29:30.145 > p3M4,47,[37m1[37m00
11:29:30.148 > p4M5,30,100
[37m11:29:30.402 > p[37m1M5,73,100
11:29:30.402 > p2M5,70,100
11:29:30.402 > p3M4,66,[37m1[37m00
11:29:30.405 > p4M5,57,100
[37m11:29:30.608 > w[37m1
11:29:30.609 > R8
11:29:30.609 > l11,922
11:29:30.609 > l12,588
11:29:30.609 > l13,752
11:29:30.609 > l1[37m4[37m,907
11:29:30.613 > l15,633
11:29:30.613 > l21,900
11:29:30.613 > l22,832
11:29:30.613 > l2[37m3[37m,704
11:29:30.618 > l24,731
11:29:30.618 > l25,0
11:29:30.618 > l31,1015
11:29:30.618 > l32[37m,[37m954
11:29:30.624 > l33,905
11:29:30.624 > l34,0
11:29:30.624 > l35,0
11:29:30.624 > l41,104[37m1[37m
11:29:30.629 > l42,681
11:29:30.629 > l43,581
11:29:30.629 > l44,847
11:29:30.629 > l45,0
[37m11:29:37.705 > R[37m4
[37m11:29:43.750 > R[37m5
[37m11:29:43.755 > p[37m1M1,0,100
11:29:43.755 > p2M1,0,100
11:29:43.755 > p3M1,0,100[37m
[37m11:29:43.757 > p4M1,0,100
[37m11:29:44.012 > p[37m1M1,9,100
11:29:44.012 > p2M1,19,100
11:29:44.012 > p3M1,16,1[37m0[37m0
11:29:44.015 > p4M1,15,100
[37m11:29:44.268 > p[37m1M1,35,100
11:29:44.269 > p2M1,55,100
11:29:44.269 > p3M1,49,[37m1[37m00
11:29:44.272 > p4M1,33,100
[37m11:29:44.525 > p[37m1M1,64,100
11:29:44.526 > p2M1,84,100
11:29:44.526 > p3M1,75,[37m1[37m00
11:29:44.528 > p4M1,55,100
[37m11:29:44.783 > p[37m1M1,96,100
11:29:44.783 > p2M2,20,100
11:29:44.783 > p3M2,0,1[37m0[37m0
11:29:44.786 > p4M1,81,100
[37m11:29:45.041 > p[37m1M2,34,100
11:29:45.041 > p2M2,62,100
11:29:45.041 > p3M2,17,[37m1[37m00
11:29:45.044 > p4M2,9,100
[37m11:29:45.299 > p[37m1M2,62,100
11:29:45.299 > p2M2,90,100
11:29:45.299 > p3M2,36,[37m1[37m00
11:29:45.302 > p4M2,27,100
[37m11:29:45.556 > p[37m1M2,89,100
11:29:45.557 > p2M3,0,100
11:29:45.557 > p3M2,58,1[37m0[37m0
11:29:45.560 > p4M2,42,100
[37m11:29:45.813 > p[37m1M3,14,100
11:29:45.813 > p2M3,8,100
11:29:45.813 > p3M2,87,1[37m0[37m0
11:29:45.816 > p4M2,66,100
[37m11:29:46.070 > p[37m1M3,52,100
11:29:46.070 > p2M3,31,100
11:29:46.070 > p3M3,21,[37m1[37m00
11:29:46.073 > p4M3,10,100
[37m11:29:46.325 > p[37m1M3,85,100
11:29:46.325 > p2M3,56,100
11:29:46.325 > p3M3,64,[37m1[37m00
11:29:46.328 > p4M3,46,100
[37m11:29:46.582 > p[37m1M4,4,100
11:29:46.582 > p2M3,78,100
11:29:46.582 > p3M4,5,10[37m0[37m
11:29:46.585 > p4M3,85,100
[37m11:29:46.838 > p[37m1M4,32,100
11:29:46.839 > p2M3,98,100
11:29:46.839 > p3M4,44,[37m1[37m00
11:29:46.841 > p4M4,26,100
[37m11:29:47.094 > p[37m1M4,67,100
11:29:47.095 > p2M4,29,100
11:29:47.095 > p3M4,81,[37m1[37m00
11:29:47.097 > p4M4,52,100
[37m11:29:47.350 > p[37m1M5,0,100
11:29:47.351 > p2M4,51,100
11:29:47.351 > p3M5,1,10[37m0[37m
11:29:47.353 > p4M4,92,100
[37m11:29:47.607 > p[37m1M5,31,100
11:29:47.608 > p2M4,76,100
11:29:47.608 > p3M5,29,[37m1[37m00
11:29:47.611 > p4M5,31,100
[37m11:29:47.865 > p[37m1M5,59,100
11:29:47.865 > p2M5,9,100
11:29:47.865 > p3M5,74,1[37m0[37m0
11:29:47.868 > p4M5,61,100
[37m11:29:48.100 > w[37m1
11:29:48.100 > R8
11:29:48.100 > l11,1045
11:29:48.100 > l12,871
11:29:48.100 > l13,833
11:29:48.100 > l[37m1[37m4,838
11:29:48.105 > l15,761
11:29:48.105 > l21,935
11:29:48.105 > l22,833
11:29:48.105 > l[37m2[37m3,1327
11:29:48.110 > l24,945
11:29:48.110 > l25,0
11:29:48.110 > l31,1016
11:29:48.110 > l[37m3[37m2,1142
11:29:48.115 > l33,638
11:29:48.115 > l34,762
11:29:48.115 > l35,0
11:29:48.115 > l4[37m1[37m,1177
11:29:48.119 > l42,1091
11:29:48.119 > l43,653
11:29:48.119 > l44,725
[37m11:29:48.124 > l[37m45,0
11:29:48.124 > p1M1,0,100
11:29:48.124 > p2M5,41,100
11:29:48.124 > p3M[37m5[37m,97,100
11:29:48.127 > p4M5,94,100
[37m11:29:55.201 > R[37m4
[37m11:30:01.247 > R[37m5
[37m11:30:01.251 > p[37m1M1,0,100
11:30:01.251 > p2M1,0,100
11:30:01.251 > p3M1,0,100[37m
[37m11:30:01.254 > p4M1,0,100
[37m11:30:01.508 > p[37m1M1,8,100
11:30:01.508 > p2M1,16,100
11:30:01.508 > p3M1,15,1[37m0[37m0
11:30:01.511 > p4M1,20,100
[37m11:30:01.765 > p[37m1M1,39,100
11:30:01.765 > p2M1,27,100
11:30:01.765 > p3M1,30,[37m1[37m00
11:30:01.768 > p4M1,61,100
[37m11:30:02.021 > p[37m1M1,79,100
11:30:02.021 > p2M1,78,100
11:30:02.021 > p3M1,57,[37m1[37m00
11:30:02.024 > p4M1,79,100
[37m11:30:02.278 > p[37m1M2,20,100
11:30:02.278 > p2M2,17,100
11:30:02.278 > p3M2,0,1[37m0[37m0
11:30:02.281 > p4M1,98,100
[37m11:30:02.534 > p[37m1M2,65,100
11:30:02.535 > p2M2,41,100
11:30:02.535 > p3M2,30,[37m1[37m00
11:30:02.537 > p4M2,25,100
[37m11:30:02.791 > p[37m1M3,4,100
11:30:02.791 > p2M2,75,100
11:30:02.791 > p3M2,50,1[37m0[37m0
11:30:02.793 > p4M2,67,100
[37m11:30:03.047 > p[37m1M3,41,100
11:30:03.048 > p2M3,8,100
11:30:03.048 > p3M2,80,1[37m0[37m0
11:30:03.050 > p4M3,14,100
[37m11:30:03.303 > p[37m1M3,75,100
11:30:03.304 > p2M3,47,100
11:30:03.304 > p3M3,4,1[37m0[37m0
11:30:03.307 > p4M3,60,100
[37m11:30:03.560 > p[37m1M4,6,100
11:30:03.561 > p2M3,82,100
11:30:03.561 > p3M3,24,1[37m0[37m0
11:30:03.563 > p4M4,0,100
[37m11:30:03.817 > p[37m1M4,42,100
11:30:03.817 > p2M4,15,100
11:30:03.817 > p3M3,58,[37m1[37m00
11:30:03.820 > p4M4,40,100
[37m11:30:04.074 > p[37m1M4,66,100
11:30:04.074 > p2M4,41,100
11:30:04.074 > p3M3,93,[37m1[37m00
11:30:04.078 > p4M4,62,100
[37m11:30:04.331 > p[37m1M4,87,100
11:30:04.331 > p2M4,87,100
11:30:04.331 > p3M4,26,[37m1[37m00
11:30:04.334 > p4M4,87,100
[37m11:30:04.587 > p[37m1M5,29,100
11:30:04.588 > p2M5,31,100
11:30:04.588 > p3M4,47,[37m1[37m00
11:30:04.591 > p4M5,30,100
[37m11:30:04.844 > p[37m1M5,73,100
11:30:04.844 > p2M5,70,100
11:30:04.844 > p3M4,66,[37m1[37m00
11:30:04.847 > p4M5,57,100
[37m11:30:05.050 > w[37m1
11:30:05.051 > R8
11:30:05.051 > l11,923
11:30:05.051 > l12,587
11:30:05.051 > l13,752
11:30:05.051 > l1[37m4[37m,907
11:30:05.055 > l15,633
11:30:05.055 > l21,900
11:30:05.055 > l22,833
11:30:05.055 > l2[37m3[37m,703
11:30:05.061 > l24,731
11:30:05.061 > l25,0
11:30:05.061 > l31,1016
11:30:05.061 > l32[37m,[37m953
11:30:05.066 > l33,905
11:30:05.066 > l34,0
11:30:05.066 > l35,0
11:30:05.066 > l41,104[37m1[37m
11:30:05.070 > l42,681
11:30:05.070 > l43,581
11:30:05.070 > l44,848
11:30:05.070 > l45,0
[37m11:30:12.147 > R[37m4
[37m11:30:18.193 > R[37m5
[37m11:30:18.198 > p[37m1M1,0,100
11:30:18.198 > p2M1,0,100
11:30:18.198 > p3M1,0,100[37m
[37m11:30:18.201 > p4M1,0,100
[37m11:30:18.455 > p[37m1M1,8,100
11:30:18.455 > p2M1,16,100
11:30:18.455 > p3M1,15,1[37m0[37m0
11:30:18.458 > p4M1,20,100
[37m11:30:18.712 > p[37m1M1,39,100
11:30:18.712 > p2M1,27,100
11:30:18.712 > p3M1,30,[37m1[37m00
11:30:18.715 > p4M1,61,100
[37m11:30:18.968 > p[37m1M1,79,100
11:30:18.969 > p2M1,78,100
11:30:18.969 > p3M1,57,[37m1[37m00
11:30:18.971 > p4M1,79,100
[37m11:30:19.224 > p[37m1M2,20,100
11:30:19.225 > p2M2,17,100
11:30:19.225 > p3M2,0,1[37m0[37m0
11:30:19.228 > p4M1,98,100
[37m11:30:19.481 > p[37m1M2,65,100
11:30:19.481 > p2M2,41,100
11:30:19.481 > p3M2,30,[37m1[37m00
11:30:19.484 > p4M2,25,100
[37m11:30:19.737 > p[37m1M3,4,100
11:30:19.738 > p2M2,75,100
11:30:19.738 > p3M2,50,1[37m0[37m0
11:30:19.740 > p4M2,67,100
[37m11:30:19.995 > p[37m1M3,41,100
11:30:19.995 > p2M3,8,100
11:30:19.995 > p3M2,80,1[37m0[37m0
11:30:19.998 > p4M3,14,100
[37m11:30:20.252 > p[37m1M3,75,100
11:30:20.253 > p2M3,48,100
11:30:20.253 > p3M3,4,1[37m0[37m0
11:30:20.255 > p4M3,60,100
[37m11:30:20.512 > p[37m1M4,7,100
11:30:20.512 > p2M3,82,100
11:30:20.512 > p3M3,24,1[37m0[37m0
11:30:20.514 > p4M4,0,100
[37m11:30:20.768 > p[37m1M4,43,100
11:30:20.768 > p2M4,15,100
11:30:20.768 > p3M3,58,[37m1[37m00
11:30:20.771 > p4M4,41,100
[37m11:30:21.023 > p[37m1M4,66,100
11:30:21.024 > p2M4,41,100
11:30:21.024 > p3M3,94,[37m1[37m00
11:30:21.027 > p4M4,62,100
[37m11:30:21.279 > p[37m1M4,88,100
11:30:21.280 > p2M4,87,100
11:30:21.280 > p3M4,26,[37m1[37m00
11:30:21.282 > p4M4,87,100
[37m11:30:21.536 > p[37m1M5,29,100
11:30:21.536 > p2M5,31,100
11:30:21.536 > p3M4,48,[37m1[37m00
11:30:21.539 > p4M5,30,100
[37m11:30:21.792 > p[37m1M5,73,100
11:30:21.793 > p2M5,70,100
11:30:21.793 > p3M4,67,[37m1[37m00
11:30:21.796 > p4M5,58,100
[37m11:30:21.998 > w[37m1
11:30:21.998 > R8
11:30:21.998 > l11,923
11:30:21.998 > l12,588
11:30:21.998 > l13,751
11:30:21.998 > l1[37m4[37m,908
11:30:22.003 > l15,632
11:30:22.003 > l21,900
11:30:22.003 > l22,833
11:30:22.003 > l2[37m3[37m,703
11:30:22.008 > l24,731
11:30:22.008 > l25,0
11:30:22.008 > l31,1016
11:30:22.008 > l32[37m,[37m953
11:30:22.013 > l33,906
11:30:22.013 > l34,0
11:30:22.013 > l35,0
11:30:22.013 > l41,104[37m2[37m
11:30:22.018 > l42,681
11:30:22.018 > l43,580
11:30:22.018 > l44,848
11:30:22.018 > l45,0
[37m11:30:29.094 > R[37m4
[37m11:30:35.140 > R[37m5
[37m11:30:35.145 > p[37m1M1,0,100
11:30:35.145 > p2M1,0,100
11:30:35.145 > p3M1,0,100[37m
[37m11:30:35.148 > p4M1,0,100
[37m11:30:35.402 > p[37m1M1,8,100
11:30:35.402 > p2M1,16,100
11:30:35.402 > p3M1,15,1[37m0[37m0
11:30:35.405 > p4M1,20,100
[37m11:30:35.658 > p[37m1M1,39,100
11:30:35.659 > p2M1,27,100
11:30:35.659 > p3M1,30,[37m1[37m00
11:30:35.661 > p4M1,61,100
[37m11:30:35.914 > p[37m1M1,79,100
11:30:35.915 > p2M1,78,100
11:30:35.915 > p3M1,57,[37m1[37m00
11:30:35.917 > p4M1,79,100
[37m11:30:36.171 > p[37m1M2,20,100
11:30:36.171 > p2M2,17,100
11:30:36.171 > p3M2,0,1[37m0[37m0
11:30:36.174 > p4M1,98,100
[37m11:30:36.427 > p[37m1M2,65,100
11:30:36.428 > p2M2,41,100
11:30:36.428 > p3M2,30,[37m1[37m00
11:30:36.430 > p4M2,25,100
[37m11:30:36.685 > p[37m1M3,4,100
11:30:36.685 > p2M2,75,100
11:30:36.685 > p3M2,50,1[37m0[37m0
11:30:36.688 > p4M2,67,100
[37m11:30:36.941 > p[37m1M3,41,100
11:30:36.942 > p2M3,8,100
11:30:36.942 > p3M2,80,1[37m0[37m0
11:30:36.944 > p4M3,14,100
[37m11:30:37.198 > p[37m1M3,75,100
11:30:37.198 > p2M3,47,100
11:30:37.198 > p3M3,4,1[37m0[37m0
11:30:37.201 > p4M3,60,100
[37m11:30:37.454 > p[37m1M4,6,100
11:30:37.454 > p2M3,82,100
11:30:37.454 > p3M3,24,1[37m0[37m0
11:30:37.457 > p4M4,0,100
[37m11:30:37.710 > p[37m1M4,42,100
11:30:37.711 > p2M4,15,100
11:30:37.711 > p3M3,58,[37m1[37m00
11:30:37.713 > p4M4,40,100
[37m11:30:37.968 > p[37m1M4,66,100
11:30:37.968 > p2M4,41,100
11:30:37.968 > p3M3,93,[37m1[37m00
11:30:37.971 > p4M4,62,100
[37m11:30:38.223 > p[37m1M4,87,100
11:30:38.224 > p2M4,87,100
11:30:38.224 > p3M4,26,[37m1[37m00
11:30:38.227 > p4M4,87,100
[37m11:30:38.481 > p[37m1M5,29,100
11:30:38.481 > p2M5,31,100
11:30:38.481 > p3M4,47,[37m1[37m00
11:30:38.484 > p4M5,30,100
[37m11:30:38.738 > p[37m1M5,73,100
11:30:38.738 > p2M5,70,100
11:30:38.738 > p3M4,66,[37m1[37m00
11:30:38.741 > p4M5,57,100
[37m11:30:38.945 > w[37m1
11:30:38.945 > R8
11:30:38.945 > l11,923
11:30:38.945 > l12,588
11:30:38.945 > l13,751
11:30:38.945 > l1[37m4[37m,908
11:30:38.950 > l15,633
11:30:38.950 > l21,901
11:30:38.950 > l22,832
11:30:38.950 > l2[37m3[37m,704
11:30:38.955 > l24,731
11:30:38.955 > l25,0
11:30:38.955 > l31,1016
11:30:38.955 > l32[37m,[37m954
11:30:38.960 > l33,905
11:30:38.960 > l34,0
11:30:38.960 > l35,0
11:30:38.960 > l41,104[37m2[37m
11:30:38.965 > l42,681
11:30:38.965 > l43,580
11:30:38.965 > l44,848
11:30:38.965 > l45,0
[37m11:30:46.041 > R[37m4
[37m11:30:52.085 > R[37m5
[37m11:30:52.090 > p[37m1M1,0,100
11:30:52.090 > p2M1,0,100
11:30:52.090 > p3M1,0,100[37m
[37m11:30:52.093 > p4M1,0,100
[37m11:30:52.347 > p[37m1M1,21,100
11:30:52.348 > p2M1,19,100
11:30:52.348 > p3M1,16,[37m1[37m00
11:30:52.350 > p4M1,7,100
[37m11:30:52.604 > p[37m1M1,59,100
11:30:52.604 > p2M1,49,100
11:30:52.604 > p3M1,34,[37m1[37m00
11:30:52.607 > p4M1,16,100
[37m11:30:52.860 > p[37m1M1,98,100
11:30:52.861 > p2M1,85,100
11:30:52.861 > p3M1,51,[37m1[37m00
11:30:52.864 > p4M1,42,100
[37m11:30:53.118 > p[37m1M2,18,100
11:30:53.118 > p2M2,23,100
11:30:53.118 > p3M1,72,[37m1[37m00
11:30:53.121 > p4M1,82,100
[37m11:30:53.374 > p[37m1M2,46,100
11:30:53.375 > p2M2,57,100
11:30:53.375 > p3M2,10,[37m1[37m00
11:30:53.377 > p4M2,26,100
[37m11:30:53.631 > p[37m1M2,76,100
11:30:53.631 > p2M2,86,100
11:30:53.631 > p3M2,57,[37m1[37m00
11:30:53.634 > p4M2,57,100
[37m11:30:53.887 > p[37m1M3,10,100
11:30:53.887 > p2M3,8,100
11:30:53.887 > p3M2,94,1[37m0[37m0
11:30:53.890 > p4M2,87,100
[37m11:30:54.144 > p[37m1M3,38,100
11:30:54.144 > p2M3,37,100
11:30:54.144 > p3M3,29,[37m1[37m00
11:30:54.146 > p4M3,11,100
[37m11:30:54.400 > p[37m1M3,73,100
11:30:54.400 > p2M3,61,100
11:30:54.400 > p3M3,66,[37m1[37m00
11:30:54.403 > p4M3,48,100
[37m11:30:54.657 > p[37m1M4,9,100
11:30:54.658 > p2M3,85,100
11:30:54.658 > p3M3,94,1[37m0[37m0
11:30:54.661 > p4M3,64,100
[37m11:30:54.914 > p[37m1M4,52,100
11:30:54.915 > p2M4,33,100
11:30:54.915 > p3M4,17,[37m1[37m00
11:30:54.918 > p4M3,88,100
[37m11:30:55.170 > p[37m1M4,96,100
11:30:55.171 > p2M4,76,100
11:30:55.171 > p3M4,39,[37m1[37m00
11:30:55.174 > p4M4,16,100
[37m11:30:55.427 > p[37m1M5,28,100
11:30:55.428 > p2M5,15,100
11:30:55.428 > p3M4,64,[37m1[37m00
11:30:55.431 > p4M4,33,100
[37m11:30:55.685 > p[37m1M5,55,100
11:30:55.685 > p2M5,57,100
11:30:55.685 > p3M4,92,[37m1[37m00
11:30:55.688 > p4M4,47,100
[37m11:30:55.941 > p[37m1M5,91,100
11:30:55.942 > p2M5,88,100
11:30:55.942 > p3M5,12,[37m1[37m00
11:30:55.944 > p4M4,76,100
[37m11:30:56.022 > w[37m1
11:30:56.022 > R8
11:30:56.022 > l11,781
11:30:56.022 > l12,945
11:30:56.022 > l13,758
11:30:56.022 > l1[37m4[37m,619
11:30:56.027 > l15,830
11:30:56.027 > l21,895
11:30:56.027 > l22,770
11:30:56.027 > l2[37m3[37m,1015
11:30:56.032 > l24,545
11:30:56.032 > l25,0
11:30:56.032 > l31,1217
11:30:56.032 > l3[37m2[37m,622
11:30:56.037 > l33,774
11:30:56.037 > l34,1080
11:30:56.037 > l35,0
11:30:56.037 > l41[37m,[37m1131
11:30:56.042 > l42,786
11:30:56.042 > l43,999
11:30:56.042 > l44,0
11:30:56.042 > l45,[37m0[37m
[37m11:31:03.118 > R[37m4
[37m11:31:09.164 > R[37m5
[37m11:31:09.168 > p[37m1M1,0,100
11:31:09.168 > p2M1,0,100
11:31:09.168 > p3M1,0,100[37m
[37m11:31:09.171 > p4M1,0,100
[37m11:31:09.425 > p[37m1M1,8,100
11:31:09.426 > p2M1,16,100
11:31:09.426 > p3M1,15,1[37m0[37m0
11:31:09.428 > p4M1,20,100
[37m11:31:09.682 > p[37m1M1,39,100
11:31:09.682 > p2M1,27,100
11:31:09.682 > p3M1,30,[37m1[37m00
11:31:09.685 > p4M1,61,100
[37m11:31:09.938 > p[37m1M1,79,100
11:31:09.939 > p2M1,78,100
11:31:09.939 > p3M1,57,[37m1[37m00
11:31:09.941 > p4M1,79,100
[37m11:31:10.194 > p[37m1M2,20,100
11:31:10.194 > p2M2,17,100
11:31:10.194 > p3M2,0,1[37m0[37m0
11:31:10.197 > p4M1,98,100
[37m11:31:10.452 > p[37m1M2,65,100
11:31:10.452 > p2M2,41,100
11:31:10.452 > p3M2,30,[37m1[37m00
11:31:10.455 > p4M2,25,100
[37m11:31:10.707 > p[37m1M3,4,100
11:31:10.708 > p2M2,75,100
11:31:10.708 > p3M2,50,1[37m0[37m0
11:31:10.710 > p4M2,67,100
[37m11:31:10.965 > p[37m1M3,41,100
11:31:10.965 > p2M3,8,100
11:31:10.965 > p3M2,80,1[37m0[37m0
11:31:10.967 > p4M3,14,100
[37m11:31:11.221 > p[37m1M3,75,100
11:31:11.221 > p2M3,47,100
11:31:11.221 > p3M3,4,1[37m0[37m0
11:31:11.224 > p4M3,60,100
[37m11:31:11.478 > p[37m1M4,6,100
11:31:11.478 > p2M3,82,100
11:31:11.478 > p3M3,24,1[37m0[37m0
11:31:11.481 > p4M4,0,100
[37m11:31:11.735 > p[37m1M4,42,100
11:31:11.735 > p2M4,15,100
11:31:11.735 > p3M3,58,[37m1[37m00
11:31:11.737 > p4M4,40,100
[37m11:31:11.992 > p[37m1M4,66,100
11:31:11.992 > p2M4,41,100
11:31:11.992 > p3M3,93,[37m1[37m00
11:31:11.995 > p4M4,62,100
[37m11:31:12.248 > p[37m1M4,87,100
11:31:12.248 > p2M4,87,100
11:31:12.248 > p3M4,26,[37m1[37m00
11:31:12.251 > p4M4,87,100
[37m11:31:12.505 > p[37m1M5,29,100
11:31:12.505 > p2M5,31,100
11:31:12.505 > p3M4,47,[37m1[37m00
11:31:12.508 > p4M5,30,100
[37m11:31:12.762 > p[37m1M5,73,100
11:31:12.762 > p2M5,70,100
11:31:12.762 > p3M4,66,[37m1[37m00
11:31:12.765 > p4M5,57,100
[37m11:31:12.967 > w[37m1
11:31:12.968 > R8
11:31:12.968 > l11,923
11:31:12.968 > l12,587
11:31:12.968 > l13,752
11:31:12.968 > l1[37m4[37m,907
11:31:12.973 > l15,633
11:31:12.973 > l21,900
11:31:12.973 > l22,833
11:31:12.973 > l2[37m3[37m,703
11:31:12.977 > l24,731
11:31:12.977 > l25,0
11:31:12.977 > l31,1016
11:31:12.977 > l32[37m,[37m953
11:31:12.983 > l33,905
11:31:12.983 > l34,0
11:31:12.983 > l35,0
11:31:12.983 > l41,104[37m1[37m
11:31:12.988 > l42,681
11:31:12.988 > l43,581
11:31:12.988 > l44,848
11:31:12.988 > l45,0
[37m11:31:20.063 > R[37m4
[37m11:31:26.109 > R[37m5
[37m11:31:26.113 > p[37m1M1,0,100
11:31:26.113 > p2M1,0,100
11:31:26.113 > p3M1,0,100[37m
[37m11:31:26.116 > p4M1,0,100
[37m11:31:26.372 > p[37m1M1,8,100
11:31:26.373 > p2M1,16,100
11:31:26.373 > p3M1,15,1[37m00
11:31:26.375 > p4M1,20,100
[37m11:31:26.628 > p[37m1M1,39,100
11:31:26.628 > p2M1,27,100
11:31:26.628 > p3M1,30,[37m1[37m00
11:31:26.631 > p4M1,61,100
[37m11:31:26.884 > p[37m1M1,79,100
11:31:26.884 > p2M1,78,100
11:31:26.884 > p3M1,57,[37m1[37m00
11:31:26.887 > p4M1,79,100
[37m11:31:27.140 > p[37m1M2,20,100
11:31:27.141 > p2M2,17,100
11:31:27.141 > p3M2,0,1[37m0[37m0
11:31:27.143 > p4M1,98,100
[37m11:31:27.397 > p[37m1M2,65,100
11:31:27.397 > p2M2,41,100
11:31:27.397 > p3M2,30,[37m1[37m00
11:31:27.400 > p4M2,25,100
[37m11:31:27.654 > p[37m1M3,4,100
11:31:27.654 > p2M2,75,100
11:31:27.654 > p3M2,50,1[37m0[37m0
11:31:27.657 > p4M2,67,100
[37m11:31:27.910 > p[37m1M3,41,100
11:31:27.910 > p2M3,8,100
11:31:27.910 > p3M2,80,1[37m0[37m0
11:31:27.913 > p4M3,14,100
[37m11:31:28.168 > p[37m1M3,75,100
11:31:28.169 > p2M3,48,100
11:31:28.169 > p3M3,4,1[37m0[37m0
11:31:28.172 > p4M3,60,100
[37m11:31:28.427 > p[37m1M4,7,100
11:31:28.428 > p2M3,82,100
11:31:28.428 > p3M3,24,1[37m0[37m0
11:31:28.430 > p4M4,0,100
[37m11:31:28.684 > p[37m1M4,43,100
11:31:28.685 > p2M4,15,100
11:31:28.685 > p3M3,58,[37m100
11:31:28.686 > p4M4,41,100
[37m11:31:28.940 > p[37m1M4,66,100
11:31:28.940 > p2M4,41,100
11:31:28.940 > p3M3,94,[37m1[37m00
11:31:28.942 > p4M4,62,100
[37m11:31:29.196 > p[37m1M4,88,100
11:31:29.196 > p2M4,87,100
11:31:29.196 > p3M4,26,[37m1[37m00
11:31:29.199 > p4M4,87,100
[37m11:31:29.451 > p[37m1M5,29,100
11:31:29.452 > p2M5,31,100
11:31:29.452 > p3M4,48,[37m1[37m00
11:31:29.456 > p4M5,30,100
[37m11:31:29.709 > p[37m1M5,73,100
11:31:29.709 > p2M5,70,100
11:31:29.709 > p3M4,67,[37m1[37m00
11:31:29.712 > p4M5,58,100
[37m11:31:29.914 > w[37m1
11:31:29.914 > R8
11:31:29.914 > l11,923
11:31:29.914 > l12,588
11:31:29.914 > l13,751
11:31:29.914 > l1[37m4[37m,908
11:31:29.918 > l15,632
11:31:29.918 > l21,900
11:31:29.918 > l22,833
11:31:29.918 > l2[37m3[37m,703
11:31:29.923 > l24,731
11:31:29.923 > l25,0
11:31:29.923 > l31,1016
11:31:29.923 > l32[37m,[37m953
11:31:29.929 > l33,906
11:31:29.929 > l34,0
11:31:29.929 > l35,0
11:31:29.929 > l41,104[37m2[37m
11:31:29.933 > l42,681
11:31:29.933 > l43,580
11:31:29.933 > l44,848
11:31:29.933 > l45,0
[37m11:31:37.010 > R[37m4
[37m11:31:43.057 > R[37m5
[37m11:31:43.061 > p[37m1M1,0,100
11:31:43.061 > p2M1,0,100
11:31:43.061 > p3M1,0,100[37m
[37m11:31:43.064 > p4M1,0,100
[37m11:31:43.318 > p[37m1M1,8,100
11:31:43.318 > p2M1,16,100
11:31:43.318 > p3M1,15,1[37m0[37m0
11:31:43.321 > p4M1,20,100
[37m11:31:43.575 > p[37m1M1,39,100
11:31:43.575 > p2M1,27,100
11:31:43.575 > p3M1,30,[37m1[37m00
11:31:43.578 > p4M1,61,100
[37m11:31:43.832 > p[37m1M1,79,100
11:31:43.832 > p2M1,78,100
11:31:43.832 > p3M1,57,[37m1[37m00
11:31:43.835 > p4M1,79,100
[37m11:31:44.088 > p[37m1M2,20,100
11:31:44.088 > p2M2,17,100
11:31:44.088 > p3M2,0,1[37m0[37m0
11:31:44.091 > p4M1,98,100
[37m11:31:44.344 > p[37m1M2,65,100
11:31:44.345 > p2M2,41,100
11:31:44.345 > p3M2,30,[37m1[37m00
11:31:44.347 > p4M2,25,100
[37m11:31:44.601 > p[37m1M3,4,100
11:31:44.601 > p2M2,75,100
11:31:44.601 > p3M2,50,1[37m0[37m0
11:31:44.604 > p4M2,67,100
[37m11:31:44.858 > p[37m1M3,41,100
11:31:44.858 > p2M3,8,100
11:31:44.858 > p3M2,80,1[37m0[37m0
11:31:44.861 > p4M3,14,100
[37m11:31:45.114 > p[37m1M3,75,100
11:31:45.114 > p2M3,47,100
11:31:45.114 > p3M3,4,1[37m0[37m0
11:31:45.117 > p4M3,60,100
[37m11:31:45.371 > p[37m1M4,6,100
11:31:45.371 > p2M3,82,100
11:31:45.371 > p3M3,24,1[37m0[37m0
11:31:45.374 > p4M4,0,100
[37m11:31:45.627 > p[37m1M4,42,100
11:31:45.628 > p2M4,15,100
11:31:45.628 > p3M3,58,[37m1[37m00
11:31:45.630 > p4M4,40,100
[37m11:31:45.885 > p[37m1M4,66,100
11:31:45.886 > p2M4,41,100
11:31:45.886 > p3M3,93,[37m1[37m00
11:31:45.889 > p4M4,62,100
[37m11:31:46.141 > p[37m1M4,87,100
11:31:46.141 > p2M4,87,100
11:31:46.141 > p3M4,26,[37m1[37m00
11:31:46.144 > p4M4,87,100
[37m11:31:46.398 > p[37m1M5,29,100
11:31:46.398 > p2M5,31,100
11:31:46.398 > p3M4,47,[37m1[37m00
11:31:46.401 > p4M5,30,100
[37m11:31:46.655 > p[37m1M5,73,100
11:31:46.655 > p2M5,70,100
11:31:46.655 > p3M4,66,[37m1[37m00
11:31:46.657 > p4M5,57,100
[37m11:31:46.862 > w[37m1
11:31:46.862 > R8
11:31:46.862 > l11,922
11:31:46.862 > l12,588
11:31:46.862 > l13,752
11:31:46.862 > l1[37m4[37m,907
11:31:46.866 > l15,633
11:31:46.866 > l21,900
11:31:46.866 > l22,832
11:31:46.866 > l2[37m3[37m,704
11:31:46.871 > l24,731
11:31:46.871 > l25,0
11:31:46.871 > l31,1015
11:31:46.871 > l32[37m,[37m954
11:31:46.876 > l33,905
11:31:46.876 > l34,0
11:31:46.876 > l35,0
11:31:46.876 > l41,104[37m1[37m
11:31:46.881 > l42,681
11:31:46.881 > l43,580
11:31:46.881 > l44,848
11:31:46.881 > l45,0
[37m11:31:53.958 > R[37m4
[37m11:32:00.003 > R[37m5
[37m11:32:00.007 > p[37m1M1,0,100
11:32:00.008 > p2M1,0,100
11:32:00.008 > p3M1,0,100[37m
[37m11:32:00.010 > p4M1,0,100
[37m11:32:00.264 > p[37m1M1,8,100
11:32:00.264 > p2M1,16,100
11:32:00.264 > p3M1,15,1[37m0[37m0
11:32:00.267 > p4M1,20,100
[37m11:32:00.521 > p[37m1M1,39,100
11:32:00.521 > p2M1,27,100
11:32:00.521 > p3M1,30,[37m1[37m00
11:32:00.524 > p4M1,61,100
[37m11:32:00.778 > p[37m1M1,79,100
11:32:00.778 > p2M1,78,100
11:32:00.778 > p3M1,57,[37m1[37m00
11:32:00.781 > p4M1,79,100
[37m11:32:01.033 > p[37m1M2,20,100
11:32:01.033 > p2M2,17,100
11:32:01.033 > p3M2,0,1[37m0[37m0
11:32:01.036 > p4M1,98,100
[37m11:32:01.290 > p[37m1M2,65,100
11:32:01.291 > p2M2,41,100
11:32:01.291 > p3M2,30,[37m1[37m00
11:32:01.294 > p4M2,25,100
[37m11:32:01.546 > p[37m1M3,4,100
11:32:01.548 > p2M2,75,100
11:32:01.548 > p3M2,50,1[37m0[37m0
11:32:01.550 > p4M2,67,100
[37m11:32:01.803 > p[37m1M3,41,100
11:32:01.804 > p2M3,8,100
11:32:01.804 > p3M2,80,1[37m0[37m0
11:32:01.807 > p4M3,14,100
[37m11:32:02.059 > p[37m1M3,75,100
11:32:02.060 > p2M3,47,100
11:32:02.060 > p3M3,4,1[37m0[37m0
11:32:02.062 > p4M3,60,100
[37m11:32:02.316 > p[37m1M4,6,100
11:32:02.317 > p2M3,82,100
11:32:02.317 > p3M3,24,1[37m0[37m0
11:32:02.319 > p4M4,0,100
[37m11:32:02.573 > p[37m1M4,42,100
11:32:02.573 > p2M4,15,100
11:32:02.573 > p3M3,58,[37m1[37m00
11:32:02.576 > p4M4,40,100
[37m11:32:02.830 > p[37m1M4,66,100
11:32:02.831 > p2M4,41,100
11:32:02.831 > p3M3,93,[37m1[37m00
11:32:02.833 > p4M4,62,100
[37m11:32:03.087 > p[37m1M4,87,100
11:32:03.087 > p2M4,87,100
11:32:03.087 > p3M4,26,[37m1[37m00
11:32:03.090 > p4M4,87,100
[37m11:32:03.343 > p[37m1M5,29,100
11:32:03.344 > p2M5,31,100
11:32:03.344 > p3M4,47,[37m1[37m00
11:32:03.346 > p4M5,30,100
[37m11:32:03.600 > p[37m1M5,73,100
11:32:03.601 > p2M5,70,100
11:32:03.601 > p3M4,66,[37m1[37m00
11:32:03.603 > p4M5,57,100
[37m11:32:03.807 > w[37m1
11:32:03.808 > R8
11:32:03.808 > l11,922
11:32:03.808 > l12,588
11:32:03.808 > l13,752
11:32:03.808 > l1[37m4[37m,907
11:32:03.812 > l15,633
11:32:03.812 > l21,900
11:32:03.812 > l22,832
11:32:03.812 > l2[37m3[37m,704
11:32:03.817 > l24,731
11:32:03.817 > l25,0
11:32:03.817 > l31,1016
11:32:03.817 > l32[37m,[37m953
11:32:03.822 > l33,905
11:32:03.822 > l34,0
11:32:03.822 > l35,0
11:32:03.822 > l41,104[37m1[37m
11:32:03.827 > l42,681
11:32:03.827 > l43,581
11:32:03.827 > l44,848
11:32:03.827 > l45,0
[37m11:32:10.903 > R[37m4
[37m11:32:16.948 > R[37m5
[37m11:32:16.953 > p[37m1M1,0,100
11:32:16.953 > p2M1,0,100
11:32:16.953 > p3M1,0,100[37m
[37m11:32:16.956 > p4M1,0,100
[37m11:32:17.210 > p[37m1M1,9,100
11:32:17.211 > p2M1,19,100
11:32:17.211 > p3M1,16,1[37m0[37m0
11:32:17.214 > p4M1,15,100
[37m11:32:17.467 > p[37m1M1,35,100
11:32:17.468 > p2M1,55,100
11:32:17.468 > p3M1,49,[37m1[37m00
11:32:17.471 > p4M1,33,100
[37m11:32:17.724 > p[37m1M1,64,100
11:32:17.724 > p2M1,84,100
11:32:17.724 > p3M1,75,[37m1[37m00
11:32:17.727 > p4M1,55,100
[37m11:32:17.982 > p[37m1M1,96,100
11:32:17.982 > p2M2,20,100
11:32:17.982 > p3M2,0,1[37m0[37m0
11:32:17.985 > p4M1,81,100
[37m11:32:18.240 > p[37m1M2,34,100
11:32:18.241 > p2M2,62,100
11:32:18.241 > p3M2,17,[37m100
11:32:18.242 > p4M2,9,100
[37m11:32:18.497 > p[37m1M2,62,100
11:32:18.498 > p2M2,90,100
11:32:18.498 > p3M2,36,[37m1[37m00
11:32:18.500 > p4M2,27,100
[37m11:32:18.754 > p[37m1M2,89,100
11:32:18.755 > p2M3,0,100
11:32:18.755 > p3M2,58,1[37m0[37m0
11:32:18.758 > p4M2,42,100
[37m11:32:19.011 > p[37m1M3,14,100
11:32:19.011 > p2M3,8,100
11:32:19.011 > p3M2,87,1[37m0[37m0
11:32:19.014 > p4M2,66,100
[37m11:32:19.268 > p[37m1M3,52,100
11:32:19.268 > p2M3,31,100
11:32:19.268 > p3M3,21,[37m1[37m00
11:32:19.271 > p4M3,10,100
[37m11:32:19.524 > p[37m1M3,85,100
11:32:19.524 > p2M3,56,100
11:32:19.524 > p3M3,64,[37m1[37m00
11:32:19.526 > p4M3,46,100
[37m11:32:19.780 > p[37m1M4,4,100
11:32:19.781 > p2M3,78,100
11:32:19.781 > p3M4,5,10[37m0[37m
11:32:19.783 > p4M3,85,100
[37m11:32:20.037 > p[37m1M4,32,100
11:32:20.037 > p2M3,98,100
11:32:20.037 > p3M4,44,[37m1[37m00
11:32:20.040 > p4M4,26,100
[37m11:32:20.293 > p[37m1M4,67,100
11:32:20.293 > p2M4,29,100
11:32:20.293 > p3M4,81,[37m1[37m00
11:32:20.296 > p4M4,52,100
[37m11:32:20.549 > p[37m1M5,0,100
11:32:20.549 > p2M4,51,100
11:32:20.549 > p3M5,1,10[37m0[37m
11:32:20.552 > p4M4,92,100
[37m11:32:20.805 > p[37m1M5,31,100
11:32:20.806 > p2M4,76,100
11:32:20.806 > p3M5,29,[37m1[37m00
11:32:20.809 > p4M5,31,100
[37m11:32:21.063 > p[37m1M5,59,100
11:32:21.063 > p2M5,9,100
11:32:21.063 > p3M5,74,1[37m0[37m0
11:32:21.066 > p4M5,61,100
[37m11:32:21.298 > w[37m1
11:32:21.298 > R8
11:32:21.298 > l11,1045
11:32:21.298 > l12,871
11:32:21.298 > l13,833
11:32:21.298 > l[37m1[37m4,838
11:32:21.303 > l15,761
11:32:21.303 > l21,935
11:32:21.303 > l22,833
11:32:21.303 > l[37m2[37m3,1328
11:32:21.308 > l24,944
11:32:21.308 > l25,0
11:32:21.308 > l31,1016
11:32:21.308 > l[37m3[37m2,1143
11:32:21.313 > l33,638
11:32:21.313 > l34,761
11:32:21.313 > l35,0
11:32:21.313 > l4[37m1[37m,1178
11:32:21.317 > l42,1090
11:32:21.317 > l43,653
11:32:21.317 > l44,725
[37m11:32:21.322 > l[37m45,0
11:32:21.322 > p1M1,0,100
11:32:21.322 > p2M5,41,100
11:32:21.322 > p3M[37m5[37m,97,100
11:32:21.325 > p4M5,94,100
[37m11:32:28.400 > R[37m4
[37m11:32:34.446 > R[37m5
[37m11:32:34.449 > p[37m1M1,0,100
11:32:34.450 > p2M1,0,100
11:32:34.450 > p3M1,0,100[37m
[37m11:32:34.452 > p4M1,0,100
[37m11:32:34.706 > p[37m1M1,8,100
11:32:34.706 > p2M1,16,100
11:32:34.706 > p3M1,15,1[37m0[37m0
11:32:34.709 > p4M1,20,100
[37m11:32:34.963 > p[37m1M1,39,100
11:32:34.964 > p2M1,27,100
11:32:34.964 > p3M1,30,[37m1[37m00
11:32:34.966 > p4M1,61,100
[37m11:32:35.220 > p[37m1M1,79,100
11:32:35.221 > p2M1,78,100
11:32:35.221 > p3M1,57,[37m1[37m00
11:32:35.223 > p4M1,79,100
[37m11:32:35.476 > p[37m1M2,20,100
11:32:35.476 > p2M2,17,100
11:32:35.476 > p3M2,0,1[37m0[37m0
11:32:35.479 > p4M1,98,100
[37m11:32:35.733 > p[37m1M2,65,100
11:32:35.733 > p2M2,41,100
11:32:35.733 > p3M2,30,[37m1[37m00
11:32:35.736 > p4M2,25,100
[37m11:32:35.989 > p[37m1M3,4,100
11:32:35.989 > p2M2,75,100
11:32:35.989 > p3M2,50,1[37m0[37m0
11:32:35.992 > p4M2,67,100
[37m11:32:36.246 > p[37m1M3,41,100
11:32:36.246 > p2M3,8,100
11:32:36.246 > p3M2,80,1[37m0[37m0
11:32:36.249 > p4M3,14,100
[37m11:32:36.503 > p[37m1M3,75,100
11:32:36.504 > p2M3,47,100
11:32:36.504 > p3M3,4,1[37m00
11:32:36.505 > p4M3,60,100
[37m11:32:36.758 > p[37m1M4,6,100
11:32:36.759 > p2M3,82,100
11:32:36.759 > p3M3,24,1[37m0[37m0
11:32:36.761 > p4M4,0,100
[37m11:32:37.016 > p[37m1M4,42,100
11:32:37.016 > p2M4,15,100
11:32:37.016 > p3M3,58,[37m1[37m00
11:32:37.019 > p4M4,40,100
[37m11:32:37.273 > p[37m1M4,66,100
11:32:37.273 > p2M4,41,100
11:32:37.273 > p3M3,93,[37m1[37m00
11:32:37.276 > p4M4,62,100
[37m11:32:37.529 > p[37m1M4,87,100
11:32:37.529 > p2M4,87,100
11:32:37.529 > p3M4,26,[37m1[37m00
11:32:37.532 > p4M4,87,100
[37m11:32:37.786 > p[37m1M5,29,100
11:32:37.786 > p2M5,31,100
11:32:37.786 > p3M4,47,[37m1[37m00
11:32:37.789 > p4M5,30,100
[37m11:32:38.042 > p[37m1M5,73,100
11:32:38.043 > p2M5,70,100
11:32:38.043 > p3M4,66,[37m1[37m00
11:32:38.046 > p4M5,57,100
[37m11:32:38.249 > w[37m1
11:32:38.250 > R8
11:32:38.250 > l11,923
11:32:38.250 > l12,588
11:32:38.250 > l13,751
11:32:38.250 > l1[37m4[37m,907
11:32:38.254 > l15,633
11:32:38.254 > l21,900
11:32:38.254 > l22,833
11:32:38.254 > l2[37m3[37m,703
11:32:38.259 > l24,731
11:32:38.259 > l25,0
11:32:38.259 > l31,1016
11:32:38.259 > l32[37m,[37m953
11:32:38.264 > l33,905
11:32:38.264 > l34,0
11:32:38.264 > l35,0
11:32:38.264 > l41,104[37m2[37m
11:32:38.269 > l42,680
11:32:38.269 > l43,581
11:32:38.269 > l44,848
11:32:38.269 > l45,0
[37m11:32:45.344 > R[37m4
[37m11:32:51.391 > R[37m5
[37m11:32:51.395 > p[37m1M1,0,100
11:32:51.396 > p2M1,0,100
11:32:51.396 > p3M1,0,100[37m
[37m11:32:51.399 > p4M1,0,100
[37m11:32:51.652 > p[37m1M1,18,100
11:32:51.652 > p2M1,29,100
11:32:51.652 > p3M1,12,[37m1[37m00
11:32:51.656 > p4M1,13,100
[37m11:32:51.911 > p[37m1M1,56,100
11:32:51.911 > p2M1,63,100
11:32:51.911 > p3M1,40,[37m1[37m00
11:32:51.914 > p4M1,28,100
[37m11:32:52.168 > p[37m1M1,83,100
11:32:52.169 > p2M1,95,100
11:32:52.169 > p3M1,64,[37m1[37m00
11:32:52.173 > p4M1,37,100
[37m11:32:52.426 > p[37m1M2,9,100
11:32:52.426 > p2M2,32,100
11:32:52.426 > p3M1,91,1[37m0[37m0
11:32:52.429 > p4M1,76,100
[37m11:32:52.682 > p[37m1M2,37,100
11:32:52.682 > p2M2,58,100
11:32:52.682 > p3M2,15,[37m1[37m00
11:32:52.685 > p4M2,10,100
[37m11:32:52.940 > p[37m1M2,59,100
11:32:52.940 > p2M2,98,100
11:32:52.940 > p3M2,38,[37m1[37m00
11:32:52.943 > p4M2,39,100
[37m11:32:53.195 > p[37m1M2,87,100
11:32:53.195 > p2M3,44,100
11:32:53.195 > p3M2,57,[37m1[37m00
11:32:53.198 > p4M2,79,100
[37m11:32:53.451 > p[37m1M3,4,100
11:32:53.452 > p2M3,72,100
11:32:53.452 > p3M2,85,1[37m0[37m0
11:32:53.454 > p4M3,11,100
[37m11:32:53.707 > p[37m1M3,30,100
11:32:53.708 > p2M4,1,100
11:32:53.708 > p3M3,21,1[37m0[37m0
11:32:53.711 > p4M3,42,100
[37m11:32:53.963 > p[37m1M3,64,100
11:32:53.963 > p2M4,25,100
11:32:53.963 > p3M3,45,[37m1[37m00
11:32:53.966 > p4M3,64,100
[37m11:32:54.220 > p[37m1M4,7,100
11:32:54.221 > p2M4,49,100
11:32:54.221 > p3M3,67,1[37m0[37m0
11:32:54.223 > p4M4,5,100
[37m11:32:54.477 > p[37m1M4,41,100
11:32:54.477 > p2M4,82,100
11:32:54.477 > p3M4,2,1[37m0[37m0
11:32:54.480 > p4M4,43,100
[37m11:32:54.733 > p[37m1M4,70,100
11:32:54.734 > p2M5,19,100
11:32:54.734 > p3M4,40,[37m1[37m00
11:32:54.737 > p4M4,74,100
[37m11:32:54.991 > p[37m1M5,7,100
11:32:54.991 > p2M5,42,100
11:32:54.991 > p3M4,69,1[37m0[37m0
11:32:54.994 > p4M5,16,100
[37m11:32:55.246 > p[37m1M5,48,100
11:32:55.247 > p2M5,82,100
11:32:55.247 > p3M5,5,1[37m0[37m0
11:32:55.249 > p4M5,58,100
[37m11:32:55.447 > w[37m2
11:32:55.448 > R8
11:32:55.448 > l11,920
11:32:55.448 > l12,1085
11:32:55.448 > l13,770
11:32:55.448 > l[37m1[37m4,768
11:32:55.453 > l15,0
11:32:55.453 > l21,809
11:32:55.453 > l22,745
11:32:55.453 > l23[37m,[37m744
11:32:55.457 > l24,880
11:32:55.457 > l25,877
11:32:55.457 > l31,1121
11:32:55.457 > l3[37m2[37m,1060
11:32:55.462 > l33,884
11:32:55.462 > l34,744
11:32:55.462 > l35,0
11:32:55.462 > l41[37m,[37m1172
11:32:55.467 > l42,790
11:32:55.467 > l43,823
11:32:55.467 > l44,709
11:32:55.467 > l4[37m5[37m,0
[37m11:33:02.545 > R[37m4
[37m11:33:08.592 > R[37m5
[37m11:33:08.596 > p[37m1M1,0,100
11:33:08.597 > p2M1,0,100
11:33:08.597 > p3M1,0,100[37m
[37m11:33:08.599 > p4M1,0,100
[37m11:33:08.854 > p[37m1M1,18,100
11:33:08.855 > p2M1,29,100
11:33:08.855 > p3M1,12,[37m1[37m00
11:33:08.857 > p4M1,13,100
[37m11:33:09.113 > p[37m1M1,56,100
11:33:09.142 > p2M1,62,100
11:33:09.142 > p3M1,40,100
11:33:09.142 > p4M1,28,100
[37m11:33:09.368 > p[37m1M1,83,100
11:33:09.369 > p2M1,95,100
11:33:09.369 > p3M1,64,[37m1[37m00
11:33:09.371 > p4M1,37,100
[37m11:33:09.623 > p[37m1M2,9,100
11:33:09.624 > p2M2,31,100
11:33:09.624 > p3M1,91,1[37m0[37m0
11:33:09.626 > p4M1,76,100
[37m11:33:09.880 > p[37m1M2,36,100
11:33:09.880 > p2M2,57,100
11:33:09.880 > p3M2,14,[37m1[37m00
11:33:09.883 > p4M2,9,100
[37m11:33:10.137 > p[37m1M2,58,100
11:33:10.137 > p2M2,97,100
11:33:10.137 > p3M2,37,[37m1[37m00
11:33:10.140 > p4M2,38,100
[37m11:33:10.393 > p[37m1M2,86,100
11:33:10.393 > p2M3,43,100
11:33:10.393 > p3M2,57,[37m1[37m00
11:33:10.396 > p4M2,78,100
[37m11:33:10.649 > p[37m1M3,3,100
11:33:10.649 > p2M3,71,100
11:33:10.649 > p3M2,85,1[37m0[37m0
11:33:10.652 > p4M3,11,100
[37m11:33:10.906 > p[37m1M3,30,100
11:33:10.906 > p2M4,0,100
11:33:10.906 > p3M3,20,1[37m0[37m0
11:33:10.909 > p4M3,41,100
[37m11:33:11.162 > p[37m1M3,63,100
11:33:11.162 > p2M4,25,100
11:33:11.162 > p3M3,45,[37m1[37m00
11:33:11.165 > p4M3,64,100
[37m11:33:11.419 > p[37m1M4,6,100
11:33:11.420 > p2M4,49,100
11:33:11.420 > p3M3,67,1[37m00
11:33:11.421 > p4M4,5,100
[37m11:33:11.674 > p[37m1M4,41,100
11:33:11.675 > p2M4,81,100
11:33:11.675 > p3M4,1,1[37m0[37m0
11:33:11.677 > p4M4,42,100
[37m11:33:11.931 > p[37m1M4,69,100
11:33:11.931 > p2M5,19,100
11:33:11.931 > p3M4,39,[37m1[37m00
11:33:11.934 > p4M4,73,100
[37m11:33:12.189 > p[37m1M5,7,100
11:33:12.189 > p2M5,42,100
11:33:12.189 > p3M4,69,1[37m0[37m0
11:33:12.192 > p4M5,15,100
[37m11:33:12.444 > p[37m1M5,48,100
11:33:12.444 > p2M5,81,100
11:33:12.444 > p3M5,5,1[37m0[37m0
11:33:12.447 > p4M5,57,100
[37m11:33:12.650 > w[37m2
11:33:12.650 > R8
11:33:12.650 > l11,919
11:33:12.650 > l12,1086
11:33:12.650 > l13,770
11:33:12.650 > l[37m1[37m4,768
11:33:12.655 > l15,0
11:33:12.655 > l21,808
11:33:12.655 > l22,745
11:33:12.655 > l23[37m,[37m744
11:33:12.660 > l24,880
11:33:12.660 > l25,878
11:33:12.660 > l31,1120
11:33:12.660 > l3[37m2[37m,1061
11:33:12.665 > l33,883
11:33:12.665 > l34,744
11:33:12.665 > l35,0
11:33:12.665 > l41[37m,[37m1171
11:33:12.669 > l42,791
11:33:12.669 > l43,822
11:33:12.669 > l44,709
11:33:12.669 > l4[37m5[37m,0
[37m11:33:19.747 > R[37m4
[37m11:33:25.792 > R[37m5
[37m11:33:25.797 > p[37m1M1,0,100
11:33:25.797 > p2M1,0,100
11:33:25.797 > p3M1,0,100[37m
[37m11:33:25.800 > p4M1,0,100
[37m11:33:26.054 > p[37m1M1,21,100
11:33:26.054 > p2M1,19,100
11:33:26.054 > p3M1,16,[37m1[37m00
11:33:26.057 > p4M1,7,100
[37m11:33:26.310 > p[37m1M1,59,100
11:33:26.310 > p2M1,49,100
11:33:26.310 > p3M1,34,[37m1[37m00
11:33:26.313 > p4M1,16,100
[37m11:33:26.568 > p[37m1M1,98,100
11:33:26.568 > p2M1,85,100
11:33:26.568 > p3M1,51,[37m1[37m00
11:33:26.571 > p4M1,42,100
[37m11:33:26.825 > p[37m1M2,18,100
11:33:26.825 > p2M2,23,100
11:33:26.825 > p3M1,72,[37m1[37m00
11:33:26.828 > p4M1,82,100
[37m11:33:27.082 > p[37m1M2,46,100
11:33:27.082 > p2M2,57,100
11:33:27.082 > p3M2,10,[37m1[37m00
11:33:27.084 > p4M2,26,100
[37m11:33:27.338 > p[37m1M2,76,100
11:33:27.338 > p2M2,86,100
11:33:27.338 > p3M2,57,[37m1[37m00
11:33:27.341 > p4M2,57,100
[37m11:33:27.594 > p[37m1M3,10,100
11:33:27.594 > p2M3,8,100
11:33:27.594 > p3M2,94,1[37m0[37m0
11:33:27.597 > p4M2,87,100
[37m11:33:27.850 > p[37m1M3,38,100
11:33:27.851 > p2M3,37,100
11:33:27.851 > p3M3,29,[37m1[37m00
11:33:27.854 > p4M3,11,100
[37m11:33:28.106 > p[37m1M3,73,100
11:33:28.107 > p2M3,61,100
11:33:28.107 > p3M3,66,[37m1[37m00
11:33:28.110 > p4M3,48,100
[37m11:33:28.365 > p[37m1M4,9,100
11:33:28.365 > p2M3,85,100
11:33:28.365 > p3M3,94,1[37m0[37m0
11:33:28.368 > p4M3,64,100
[37m11:33:28.622 > p[37m1M4,52,100
11:33:28.622 > p2M4,33,100
11:33:28.622 > p3M4,17,[37m1[37m00
11:33:28.625 > p4M3,88,100
[37m11:33:28.878 > p[37m1M4,96,100
11:33:28.878 > p2M4,76,100
11:33:28.878 > p3M4,39,[37m1[37m00
11:33:28.881 > p4M4,16,100
[37m11:33:29.135 > p[37m1M5,28,100
11:33:29.135 > p2M5,15,100
11:33:29.135 > p3M4,64,[37m1[37m00
11:33:29.138 > p4M4,33,100
[37m11:33:29.393 > p[37m1M5,55,100
11:33:29.393 > p2M5,57,100
11:33:29.393 > p3M4,92,[37m1[37m00
11:33:29.396 > p4M4,47,100
[37m11:33:29.649 > p[37m1M5,91,100
11:33:29.649 > p2M5,88,100
11:33:29.649 > p3M5,12,[37m1[37m00
11:33:29.652 > p4M4,76,100
[37m11:33:29.729 > w[37m1
11:33:29.729 > R8
11:33:29.729 > l11,781
11:33:29.729 > l12,945
11:33:29.729 > l13,758
11:33:29.729 > l1[37m4[37m,619
11:33:29.735 > l15,830
11:33:29.735 > l21,895
11:33:29.735 > l22,770
11:33:29.735 > l2[37m3[37m,1014
11:33:29.740 > l24,546
11:33:29.740 > l25,0
11:33:29.740 > l31,1217
11:33:29.740 > l3[37m2[37m,622
11:33:29.744 > l33,774
11:33:29.744 > l34,1080
11:33:29.744 > l35,0
11:33:29.744 > l41[37m,[37m1131
11:33:29.749 > l42,786
11:33:29.749 > l43,999
11:33:29.749 > l44,0
11:33:29.749 > l45,[37m0
[37m11:33:36.826 > R[37m4
[37m11:33:42.873 > R[37m5
[37m11:33:42.877 > p[37m1M1,0,100
11:33:42.878 > p2M1,0,100
11:33:42.878 > p3M1,0,100[37m
[37m11:33:42.880 > p4M1,0,100
[37m11:33:43.134 > p[37m1M1,18,100
11:33:43.135 > p2M1,29,100
11:33:43.135 > p3M1,12,[37m1[37m00
11:33:43.137 > p4M1,13,100
[37m11:33:43.391 > p[37m1M1,56,100
11:33:43.391 > p2M1,62,100
11:33:43.391 > p3M1,40,[37m1[37m00
11:33:43.394 > p4M1,28,100
[37m11:33:43.648 > p[37m1M1,83,100
11:33:43.648 > p2M1,95,100
11:33:43.648 > p3M1,64,[37m1[37m00
11:33:43.651 > p4M1,37,100
[37m11:33:43.904 > p[37m1M2,9,100
11:33:43.904 > p2M2,31,100
11:33:43.904 > p3M1,91,1[37m0[37m0
11:33:43.907 > p4M1,76,100
[37m11:33:44.160 > p[37m1M2,36,100
11:33:44.160 > p2M2,57,100
11:33:44.160 > p3M2,14,[37m1[37m00
11:33:44.163 > p4M2,9,100
[37m11:33:44.417 > p[37m1M2,58,100
11:33:44.418 > p2M2,97,100
11:33:44.418 > p3M2,37,[37m1[37m00
11:33:44.420 > p4M2,38,100
[37m11:33:44.673 > p[37m1M2,86,100
11:33:44.674 > p2M3,43,100
11:33:44.674 > p3M2,57,[37m1[37m00
11:33:44.676 > p4M2,78,100
[37m11:33:44.929 > p[37m1M3,3,100
11:33:44.929 > p2M3,71,100
11:33:44.929 > p3M2,85,1[37m0[37m0
11:33:44.932 > p4M3,11,100
[37m11:33:45.186 > p[37m1M3,30,100
11:33:45.186 > p2M4,0,100
11:33:45.186 > p3M3,20,1[37m0[37m0
11:33:45.189 > p4M3,41,100
[37m11:33:45.441 > p[37m1M3,63,100
11:33:45.442 > p2M4,25,100
11:33:45.442 > p3M3,45,[37m1[37m00
11:33:45.444 > p4M3,64,100
[37m11:33:45.698 > p[37m1M4,6,100
11:33:45.698 > p2M4,49,100
11:33:45.698 > p3M3,67,1[37m0[37m0
11:33:45.701 > p4M4,5,100
[37m11:33:45.955 > p[37m1M4,41,100
11:33:45.955 > p2M4,81,100
11:33:45.955 > p3M4,1,1[37m0[37m0
11:33:45.958 > p4M4,42,100
[37m11:33:46.211 > p[37m1M4,69,100
11:33:46.211 > p2M5,19,100
11:33:46.211 > p3M4,39,[37m1[37m00
11:33:46.214 > p4M4,73,100
[37m11:33:46.469 > p[37m1M5,7,100
11:33:46.469 > p2M5,42,100
11:33:46.469 > p3M4,69,1[37m0[37m0
11:33:46.472 > p4M5,15,100
[37m11:33:46.724 > p[37m1M5,48,100
11:33:46.725 > p2M5,81,100
11:33:46.725 > p3M5,5,1[37m0[37m0
11:33:46.727 > p4M5,57,100
[37m11:33:46.929 > w[37m2
11:33:46.930 > R8
11:33:46.930 > l11,920
11:33:46.930 > l12,1085
11:33:46.930 > l13,770
11:33:46.930 > l[37m1[37m4,768
11:33:46.935 > l15,0
11:33:46.935 > l21,809
11:33:46.935 > l22,744
11:33:46.935 > l23[37m,[37m745
11:33:46.940 > l24,879
11:33:46.940 > l25,878
11:33:46.940 > l31,1120
11:33:46.940 > l3[37m2[37m,1061
11:33:46.945 > l33,884
11:33:46.945 > l34,743
11:33:46.945 > l35,0
11:33:46.945 > l41[37m,[37m1171
11:33:46.950 > l42,791
11:33:46.950 > l43,822
11:33:46.950 > l44,710
11:33:46.950 > l4[37m5[37m,0
[37m11:33:54.027 > R[37m4
[37m11:34:00.073 > R[37m5
[37m11:34:00.078 > p[37m1M1,0,100
11:34:00.078 > p2M1,0,100
11:34:00.078 > p3M1,0,100[37m
[37m11:34:00.081 > p4M1,0,100
[37m11:34:00.334 > p[37m1M1,18,100
11:34:00.335 > p2M1,29,100
11:34:00.335 > p3M1,12,[37m1[37m00
11:34:00.338 > p4M1,13,100
[37m11:34:00.591 > p[37m1M1,56,100
11:34:00.591 > p2M1,62,100
11:34:00.591 > p3M1,40,[37m1[37m00
11:34:00.595 > p4M1,28,100
[37m11:34:00.848 > p[37m1M1,83,100
11:34:00.849 > p2M1,95,100
11:34:00.849 > p3M1,64,[37m1[37m00
11:34:00.851 > p4M1,37,100
[37m11:34:01.104 > p[37m1M2,9,100
11:34:01.105 > p2M2,31,100
11:34:01.105 > p3M1,91,1[37m0[37m0
11:34:01.108 > p4M1,76,100
[37m11:34:01.361 > p[37m1M2,36,100
11:34:01.361 > p2M2,57,100
11:34:01.361 > p3M2,14,[37m1[37m00
11:34:01.364 > p4M2,9,100
[37m11:34:01.617 > p[37m1M2,58,100
11:34:01.617 > p2M2,97,100
11:34:01.617 > p3M2,37,[37m1[37m00
11:34:01.620 > p4M2,38,100
[37m11:34:01.873 > p[37m1M2,86,100
11:34:01.874 > p2M3,43,100
11:34:01.874 > p3M2,57,[37m1[37m00
11:34:01.876 > p4M2,78,100
[37m11:34:02.130 > p[37m1M3,3,100
11:34:02.130 > p2M3,71,100
11:34:02.130 > p3M2,85,1[37m0[37m0
11:34:02.133 > p4M3,11,100
[37m11:34:02.386 > p[37m1M3,30,100
11:34:02.387 > p2M4,0,100
11:34:02.387 > p3M3,20,1[37m0[37m0
11:34:02.389 > p4M3,41,100
[37m11:34:02.642 > p[37m1M3,63,100
11:34:02.643 > p2M4,25,100
11:34:02.643 > p3M3,45,[37m1[37m00
11:34:02.645 > p4M3,64,100
[37m11:34:02.899 > p[37m1M4,6,100
11:34:02.899 > p2M4,49,100
11:34:02.899 > p3M3,67,1[37m0[37m0
11:34:02.902 > p4M4,5,100
[37m11:34:03.155 > p[37m1M4,41,100
11:34:03.155 > p2M4,81,100
11:34:03.155 > p3M4,1,1[37m0[37m0
11:34:03.158 > p4M4,42,100
[37m11:34:03.412 > p[37m1M4,69,100
11:34:03.412 > p2M5,19,100
11:34:03.412 > p3M4,39,[37m1[37m00
11:34:03.415 > p4M4,73,100
[37m11:34:03.669 > p[37m1M5,7,100
11:34:03.671 > p2M5,42,100
11:34:03.671 > p3M4,69,1[37m00
11:34:03.672 > p4M5,15,100
[37m11:34:03.927 > p[37m1M5,48,100
11:34:03.928 > p2M5,82,100
11:34:03.928 > p3M5,5,1[37m0[37m0
11:34:03.930 > p4M5,58,100
[37m11:34:04.131 > w[37m2
11:34:04.131 > R8
11:34:04.131 > l11,920
11:34:04.131 > l12,1085
11:34:04.131 > l13,770
11:34:04.131 > l[37m1[37m4,768
11:34:04.136 > l15,0
11:34:04.136 > l21,809
11:34:04.136 > l22,745
11:34:04.136 > l23[37m,[37m744
11:34:04.141 > l24,880
11:34:04.141 > l25,877
11:34:04.141 > l31,1120
11:34:04.141 > l3[37m2[37m,1061
11:34:04.146 > l33,884
11:34:04.146 > l34,743
11:34:04.146 > l35,0
11:34:04.146 > l41[37m,[37m1172
11:34:04.151 > l42,790
11:34:04.151 > l43,822
11:34:04.151 > l44,710
11:34:04.151 > l4[37m5[37m,0
